CRITICAL - 2022-07-15 08:55:40 --> Undefined variable: det
#0 /home/wawan/Documents/CI4/masterSekolah/SISFO SEKOLAh/app/Views/tatausaha/berkas/ubahberkas.php(5): CodeIgniter\Debug\Exceptions->errorHandler()
#1 /home/wawan/Documents/CI4/masterSekolah/SISFO SEKOLAh/vendor/codeigniter4/framework/system/View/View.php(210): include('/home/wawan/Doc...')
#2 /home/wawan/Documents/CI4/masterSekolah/SISFO SEKOLAh/vendor/codeigniter4/framework/system/View/View.php(213): CodeIgniter\View\View->CodeIgniter\View\{closure}()
#3 /home/wawan/Documents/CI4/masterSekolah/SISFO SEKOLAh/vendor/codeigniter4/framework/system/Common.php(1089): CodeIgniter\View\View->render()
#4 /home/wawan/Documents/CI4/masterSekolah/SISFO SEKOLAh/app/Controllers/Tatausaha.php(573): view()
#5 /home/wawan/Documents/CI4/masterSekolah/SISFO SEKOLAh/vendor/codeigniter4/framework/system/CodeIgniter.php(832): App\Controllers\Tatausaha->ubahberkas()
#6 /home/wawan/Documents/CI4/masterSekolah/SISFO SEKOLAh/vendor/codeigniter4/framework/system/CodeIgniter.php(419): CodeIgniter\CodeIgniter->runController()
#7 /home/wawan/Documents/CI4/masterSekolah/SISFO SEKOLAh/vendor/codeigniter4/framework/system/CodeIgniter.php(326): CodeIgniter\CodeIgniter->handleRequest()
#8 /home/wawan/Documents/CI4/masterSekolah/SISFO SEKOLAh/public/index.php(37): CodeIgniter\CodeIgniter->run()
#9 /home/wawan/Documents/CI4/masterSekolah/SISFO SEKOLAh/vendor/codeigniter4/framework/system/Commands/Server/rewrite.php(43): require_once('/home/wawan/Doc...')
#10 {main}
ERROR - 2022-07-15 09:28:27 --> Unknown column 'idBerkas' in 'where clause'
CRITICAL - 2022-07-15 09:28:27 --> Unknown column 'idBerkas' in 'where clause'
#0 /home/wawan/Documents/CI4/masterSekolah/SISFO SEKOLAh/vendor/codeigniter4/framework/system/Database/MySQLi/Connection.php(292): mysqli->query()
#1 /home/wawan/Documents/CI4/masterSekolah/SISFO SEKOLAh/vendor/codeigniter4/framework/system/Database/BaseConnection.php(670): CodeIgniter\Database\MySQLi\Connection->execute()
#2 /home/wawan/Documents/CI4/masterSekolah/SISFO SEKOLAh/vendor/codeigniter4/framework/system/Database/BaseConnection.php(598): CodeIgniter\Database\BaseConnection->simpleQuery()
#3 /home/wawan/Documents/CI4/masterSekolah/SISFO SEKOLAh/vendor/codeigniter4/framework/system/Database/BaseBuilder.php(1455): CodeIgniter\Database\BaseConnection->query()
#4 /home/wawan/Documents/CI4/masterSekolah/SISFO SEKOLAh/vendor/codeigniter4/framework/system/Validation/Rules.php(142): CodeIgniter\Database\BaseBuilder->get()
#5 /home/wawan/Documents/CI4/masterSekolah/SISFO SEKOLAh/vendor/codeigniter4/framework/system/Validation/Validation.php(292): CodeIgniter\Validation\Rules->is_unique()
#6 /home/wawan/Documents/CI4/masterSekolah/SISFO SEKOLAh/vendor/codeigniter4/framework/system/Validation/Validation.php(157): CodeIgniter\Validation\Validation->processRules()
#7 /home/wawan/Documents/CI4/masterSekolah/SISFO SEKOLAh/vendor/codeigniter4/framework/system/Controller.php(160): CodeIgniter\Validation\Validation->run()
#8 /home/wawan/Documents/CI4/masterSekolah/SISFO SEKOLAh/app/Controllers/Tatausaha.php(573): CodeIgniter\Controller->validate()
#9 /home/wawan/Documents/CI4/masterSekolah/SISFO SEKOLAh/vendor/codeigniter4/framework/system/CodeIgniter.php(832): App\Controllers\Tatausaha->prosesubahberkas()
#10 /home/wawan/Documents/CI4/masterSekolah/SISFO SEKOLAh/vendor/codeigniter4/framework/system/CodeIgniter.php(419): CodeIgniter\CodeIgniter->runController()
#11 /home/wawan/Documents/CI4/masterSekolah/SISFO SEKOLAh/vendor/codeigniter4/framework/system/CodeIgniter.php(326): CodeIgniter\CodeIgniter->handleRequest()
#12 /home/wawan/Documents/CI4/masterSekolah/SISFO SEKOLAh/public/index.php(37): CodeIgniter\CodeIgniter->run()
#13 /home/wawan/Documents/CI4/masterSekolah/SISFO SEKOLAh/vendor/codeigniter4/framework/system/Commands/Server/rewrite.php(43): require_once('/home/wawan/Doc...')
#14 {main}
ERROR - 2022-07-15 09:29:08 --> Unknown column 'idBerkas' in 'where clause'
CRITICAL - 2022-07-15 09:29:08 --> Unknown column 'idBerkas' in 'where clause'
#0 /home/wawan/Documents/CI4/masterSekolah/SISFO SEKOLAh/vendor/codeigniter4/framework/system/Database/MySQLi/Connection.php(292): mysqli->query()
#1 /home/wawan/Documents/CI4/masterSekolah/SISFO SEKOLAh/vendor/codeigniter4/framework/system/Database/BaseConnection.php(670): CodeIgniter\Database\MySQLi\Connection->execute()
#2 /home/wawan/Documents/CI4/masterSekolah/SISFO SEKOLAh/vendor/codeigniter4/framework/system/Database/BaseConnection.php(598): CodeIgniter\Database\BaseConnection->simpleQuery()
#3 /home/wawan/Documents/CI4/masterSekolah/SISFO SEKOLAh/vendor/codeigniter4/framework/system/Database/BaseBuilder.php(1455): CodeIgniter\Database\BaseConnection->query()
#4 /home/wawan/Documents/CI4/masterSekolah/SISFO SEKOLAh/vendor/codeigniter4/framework/system/Validation/Rules.php(142): CodeIgniter\Database\BaseBuilder->get()
#5 /home/wawan/Documents/CI4/masterSekolah/SISFO SEKOLAh/vendor/codeigniter4/framework/system/Validation/Validation.php(292): CodeIgniter\Validation\Rules->is_unique()
#6 /home/wawan/Documents/CI4/masterSekolah/SISFO SEKOLAh/vendor/codeigniter4/framework/system/Validation/Validation.php(157): CodeIgniter\Validation\Validation->processRules()
#7 /home/wawan/Documents/CI4/masterSekolah/SISFO SEKOLAh/vendor/codeigniter4/framework/system/Controller.php(160): CodeIgniter\Validation\Validation->run()
#8 /home/wawan/Documents/CI4/masterSekolah/SISFO SEKOLAh/app/Controllers/Tatausaha.php(573): CodeIgniter\Controller->validate()
#9 /home/wawan/Documents/CI4/masterSekolah/SISFO SEKOLAh/vendor/codeigniter4/framework/system/CodeIgniter.php(832): App\Controllers\Tatausaha->prosesubahberkas()
#10 /home/wawan/Documents/CI4/masterSekolah/SISFO SEKOLAh/vendor/codeigniter4/framework/system/CodeIgniter.php(419): CodeIgniter\CodeIgniter->runController()
#11 /home/wawan/Documents/CI4/masterSekolah/SISFO SEKOLAh/vendor/codeigniter4/framework/system/CodeIgniter.php(326): CodeIgniter\CodeIgniter->handleRequest()
#12 /home/wawan/Documents/CI4/masterSekolah/SISFO SEKOLAh/public/index.php(37): CodeIgniter\CodeIgniter->run()
#13 /home/wawan/Documents/CI4/masterSekolah/SISFO SEKOLAh/vendor/codeigniter4/framework/system/Commands/Server/rewrite.php(43): require_once('/home/wawan/Doc...')
#14 {main}
ERROR - 2022-07-15 09:29:19 --> Unknown column 'idBerkas' in 'where clause'
CRITICAL - 2022-07-15 09:29:19 --> Unknown column 'idBerkas' in 'where clause'
#0 /home/wawan/Documents/CI4/masterSekolah/SISFO SEKOLAh/vendor/codeigniter4/framework/system/Database/MySQLi/Connection.php(292): mysqli->query()
#1 /home/wawan/Documents/CI4/masterSekolah/SISFO SEKOLAh/vendor/codeigniter4/framework/system/Database/BaseConnection.php(670): CodeIgniter\Database\MySQLi\Connection->execute()
#2 /home/wawan/Documents/CI4/masterSekolah/SISFO SEKOLAh/vendor/codeigniter4/framework/system/Database/BaseConnection.php(598): CodeIgniter\Database\BaseConnection->simpleQuery()
#3 /home/wawan/Documents/CI4/masterSekolah/SISFO SEKOLAh/vendor/codeigniter4/framework/system/Database/BaseBuilder.php(1455): CodeIgniter\Database\BaseConnection->query()
#4 /home/wawan/Documents/CI4/masterSekolah/SISFO SEKOLAh/vendor/codeigniter4/framework/system/Validation/Rules.php(142): CodeIgniter\Database\BaseBuilder->get()
#5 /home/wawan/Documents/CI4/masterSekolah/SISFO SEKOLAh/vendor/codeigniter4/framework/system/Validation/Validation.php(292): CodeIgniter\Validation\Rules->is_unique()
#6 /home/wawan/Documents/CI4/masterSekolah/SISFO SEKOLAh/vendor/codeigniter4/framework/system/Validation/Validation.php(157): CodeIgniter\Validation\Validation->processRules()
#7 /home/wawan/Documents/CI4/masterSekolah/SISFO SEKOLAh/vendor/codeigniter4/framework/system/Controller.php(160): CodeIgniter\Validation\Validation->run()
#8 /home/wawan/Documents/CI4/masterSekolah/SISFO SEKOLAh/app/Controllers/Tatausaha.php(573): CodeIgniter\Controller->validate()
#9 /home/wawan/Documents/CI4/masterSekolah/SISFO SEKOLAh/vendor/codeigniter4/framework/system/CodeIgniter.php(832): App\Controllers\Tatausaha->prosesubahberkas()
#10 /home/wawan/Documents/CI4/masterSekolah/SISFO SEKOLAh/vendor/codeigniter4/framework/system/CodeIgniter.php(419): CodeIgniter\CodeIgniter->runController()
#11 /home/wawan/Documents/CI4/masterSekolah/SISFO SEKOLAh/vendor/codeigniter4/framework/system/CodeIgniter.php(326): CodeIgniter\CodeIgniter->handleRequest()
#12 /home/wawan/Documents/CI4/masterSekolah/SISFO SEKOLAh/public/index.php(37): CodeIgniter\CodeIgniter->run()
#13 /home/wawan/Documents/CI4/masterSekolah/SISFO SEKOLAh/vendor/codeigniter4/framework/system/Commands/Server/rewrite.php(43): require_once('/home/wawan/Doc...')
#14 {main}
ERROR - 2022-07-15 09:31:22 --> Unknown column 'idBerkas' in 'where clause'
CRITICAL - 2022-07-15 09:31:22 --> Unknown column 'idBerkas' in 'where clause'
#0 /home/wawan/Documents/CI4/masterSekolah/SISFO SEKOLAh/vendor/codeigniter4/framework/system/Database/MySQLi/Connection.php(292): mysqli->query()
#1 /home/wawan/Documents/CI4/masterSekolah/SISFO SEKOLAh/vendor/codeigniter4/framework/system/Database/BaseConnection.php(670): CodeIgniter\Database\MySQLi\Connection->execute()
#2 /home/wawan/Documents/CI4/masterSekolah/SISFO SEKOLAh/vendor/codeigniter4/framework/system/Database/BaseConnection.php(598): CodeIgniter\Database\BaseConnection->simpleQuery()
#3 /home/wawan/Documents/CI4/masterSekolah/SISFO SEKOLAh/vendor/codeigniter4/framework/system/Database/BaseBuilder.php(1455): CodeIgniter\Database\BaseConnection->query()
#4 /home/wawan/Documents/CI4/masterSekolah/SISFO SEKOLAh/vendor/codeigniter4/framework/system/Validation/Rules.php(142): CodeIgniter\Database\BaseBuilder->get()
#5 /home/wawan/Documents/CI4/masterSekolah/SISFO SEKOLAh/vendor/codeigniter4/framework/system/Validation/Validation.php(292): CodeIgniter\Validation\Rules->is_unique()
#6 /home/wawan/Documents/CI4/masterSekolah/SISFO SEKOLAh/vendor/codeigniter4/framework/system/Validation/Validation.php(157): CodeIgniter\Validation\Validation->processRules()
#7 /home/wawan/Documents/CI4/masterSekolah/SISFO SEKOLAh/vendor/codeigniter4/framework/system/Controller.php(160): CodeIgniter\Validation\Validation->run()
#8 /home/wawan/Documents/CI4/masterSekolah/SISFO SEKOLAh/app/Controllers/Tatausaha.php(573): CodeIgniter\Controller->validate()
#9 /home/wawan/Documents/CI4/masterSekolah/SISFO SEKOLAh/vendor/codeigniter4/framework/system/CodeIgniter.php(832): App\Controllers\Tatausaha->prosesubahberkas()
#10 /home/wawan/Documents/CI4/masterSekolah/SISFO SEKOLAh/vendor/codeigniter4/framework/system/CodeIgniter.php(419): CodeIgniter\CodeIgniter->runController()
#11 /home/wawan/Documents/CI4/masterSekolah/SISFO SEKOLAh/vendor/codeigniter4/framework/system/CodeIgniter.php(326): CodeIgniter\CodeIgniter->handleRequest()
#12 /home/wawan/Documents/CI4/masterSekolah/SISFO SEKOLAh/public/index.php(37): CodeIgniter\CodeIgniter->run()
#13 /home/wawan/Documents/CI4/masterSekolah/SISFO SEKOLAh/vendor/codeigniter4/framework/system/Commands/Server/rewrite.php(43): require_once('/home/wawan/Doc...')
#14 {main}
ERROR - 2022-07-15 09:31:59 --> Duplicate entry 'KTP' for key 'berkas.berkas_UN'
CRITICAL - 2022-07-15 09:31:59 --> Duplicate entry 'KTP' for key 'berkas.berkas_UN'
#0 /home/wawan/Documents/CI4/masterSekolah/SISFO SEKOLAh/vendor/codeigniter4/framework/system/Database/MySQLi/Connection.php(292): mysqli->query()
#1 /home/wawan/Documents/CI4/masterSekolah/SISFO SEKOLAh/vendor/codeigniter4/framework/system/Database/BaseConnection.php(670): CodeIgniter\Database\MySQLi\Connection->execute()
#2 /home/wawan/Documents/CI4/masterSekolah/SISFO SEKOLAh/vendor/codeigniter4/framework/system/Database/BaseConnection.php(598): CodeIgniter\Database\BaseConnection->simpleQuery()
#3 /home/wawan/Documents/CI4/masterSekolah/SISFO SEKOLAh/vendor/codeigniter4/framework/system/Database/BaseBuilder.php(1913): CodeIgniter\Database\BaseConnection->query()
#4 /home/wawan/Documents/CI4/masterSekolah/SISFO SEKOLAh/app/Controllers/Tatausaha.php(592): CodeIgniter\Database\BaseBuilder->update()
#5 /home/wawan/Documents/CI4/masterSekolah/SISFO SEKOLAh/vendor/codeigniter4/framework/system/CodeIgniter.php(832): App\Controllers\Tatausaha->prosesubahberkas()
#6 /home/wawan/Documents/CI4/masterSekolah/SISFO SEKOLAh/vendor/codeigniter4/framework/system/CodeIgniter.php(419): CodeIgniter\CodeIgniter->runController()
#7 /home/wawan/Documents/CI4/masterSekolah/SISFO SEKOLAh/vendor/codeigniter4/framework/system/CodeIgniter.php(326): CodeIgniter\CodeIgniter->handleRequest()
#8 /home/wawan/Documents/CI4/masterSekolah/SISFO SEKOLAh/public/index.php(37): CodeIgniter\CodeIgniter->run()
#9 /home/wawan/Documents/CI4/masterSekolah/SISFO SEKOLAh/vendor/codeigniter4/framework/system/Commands/Server/rewrite.php(43): require_once('/home/wawan/Doc...')
#10 {main}
CRITICAL - 2022-07-15 09:47:42 --> Invalid file: /tatausaha/berkas/berkasguru.php
#0 /home/wawan/Documents/CI4/masterSekolah/SISFO SEKOLAh/vendor/codeigniter4/framework/system/View/View.php(198): CodeIgniter\Exceptions\FrameworkException::forInvalidFile()
#1 /home/wawan/Documents/CI4/masterSekolah/SISFO SEKOLAh/vendor/codeigniter4/framework/system/Common.php(1089): CodeIgniter\View\View->render()
#2 /home/wawan/Documents/CI4/masterSekolah/SISFO SEKOLAh/app/Controllers/Tatausaha.php(604): view()
#3 /home/wawan/Documents/CI4/masterSekolah/SISFO SEKOLAh/vendor/codeigniter4/framework/system/CodeIgniter.php(832): App\Controllers\Tatausaha->berkasguru()
#4 /home/wawan/Documents/CI4/masterSekolah/SISFO SEKOLAh/vendor/codeigniter4/framework/system/CodeIgniter.php(419): CodeIgniter\CodeIgniter->runController()
#5 /home/wawan/Documents/CI4/masterSekolah/SISFO SEKOLAh/vendor/codeigniter4/framework/system/CodeIgniter.php(326): CodeIgniter\CodeIgniter->handleRequest()
#6 /home/wawan/Documents/CI4/masterSekolah/SISFO SEKOLAh/public/index.php(37): CodeIgniter\CodeIgniter->run()
#7 /home/wawan/Documents/CI4/masterSekolah/SISFO SEKOLAh/vendor/codeigniter4/framework/system/Commands/Server/rewrite.php(43): require_once('/home/wawan/Doc...')
#8 {main}
CRITICAL - 2022-07-15 10:20:26 --> Undefined variable: kelas
#0 /home/wawan/Documents/CI4/masterSekolah/SISFO SEKOLAh/app/Views/tatausaha/berkasguru/berkasguru.php(30): CodeIgniter\Debug\Exceptions->errorHandler()
#1 /home/wawan/Documents/CI4/masterSekolah/SISFO SEKOLAh/vendor/codeigniter4/framework/system/View/View.php(210): include('/home/wawan/Doc...')
#2 /home/wawan/Documents/CI4/masterSekolah/SISFO SEKOLAh/vendor/codeigniter4/framework/system/View/View.php(213): CodeIgniter\View\View->CodeIgniter\View\{closure}()
#3 /home/wawan/Documents/CI4/masterSekolah/SISFO SEKOLAh/vendor/codeigniter4/framework/system/Common.php(1089): CodeIgniter\View\View->render()
#4 /home/wawan/Documents/CI4/masterSekolah/SISFO SEKOLAh/app/Controllers/Tatausaha.php(612): view()
#5 /home/wawan/Documents/CI4/masterSekolah/SISFO SEKOLAh/vendor/codeigniter4/framework/system/CodeIgniter.php(832): App\Controllers\Tatausaha->berkasguru()
#6 /home/wawan/Documents/CI4/masterSekolah/SISFO SEKOLAh/vendor/codeigniter4/framework/system/CodeIgniter.php(419): CodeIgniter\CodeIgniter->runController()
#7 /home/wawan/Documents/CI4/masterSekolah/SISFO SEKOLAh/vendor/codeigniter4/framework/system/CodeIgniter.php(326): CodeIgniter\CodeIgniter->handleRequest()
#8 /home/wawan/Documents/CI4/masterSekolah/SISFO SEKOLAh/public/index.php(37): CodeIgniter\CodeIgniter->run()
#9 /home/wawan/Documents/CI4/masterSekolah/SISFO SEKOLAh/vendor/codeigniter4/framework/system/Commands/Server/rewrite.php(43): require_once('/home/wawan/Doc...')
#10 {main}
CRITICAL - 2022-07-15 10:20:43 --> Undefined variable: kelas
#0 /home/wawan/Documents/CI4/masterSekolah/SISFO SEKOLAh/app/Views/tatausaha/berkasguru/berkasguru.php(30): CodeIgniter\Debug\Exceptions->errorHandler()
#1 /home/wawan/Documents/CI4/masterSekolah/SISFO SEKOLAh/vendor/codeigniter4/framework/system/View/View.php(210): include('/home/wawan/Doc...')
#2 /home/wawan/Documents/CI4/masterSekolah/SISFO SEKOLAh/vendor/codeigniter4/framework/system/View/View.php(213): CodeIgniter\View\View->CodeIgniter\View\{closure}()
#3 /home/wawan/Documents/CI4/masterSekolah/SISFO SEKOLAh/vendor/codeigniter4/framework/system/Common.php(1089): CodeIgniter\View\View->render()
#4 /home/wawan/Documents/CI4/masterSekolah/SISFO SEKOLAh/app/Controllers/Tatausaha.php(612): view()
#5 /home/wawan/Documents/CI4/masterSekolah/SISFO SEKOLAh/vendor/codeigniter4/framework/system/CodeIgniter.php(832): App\Controllers\Tatausaha->berkasguru()
#6 /home/wawan/Documents/CI4/masterSekolah/SISFO SEKOLAh/vendor/codeigniter4/framework/system/CodeIgniter.php(419): CodeIgniter\CodeIgniter->runController()
#7 /home/wawan/Documents/CI4/masterSekolah/SISFO SEKOLAh/vendor/codeigniter4/framework/system/CodeIgniter.php(326): CodeIgniter\CodeIgniter->handleRequest()
#8 /home/wawan/Documents/CI4/masterSekolah/SISFO SEKOLAh/public/index.php(37): CodeIgniter\CodeIgniter->run()
#9 /home/wawan/Documents/CI4/masterSekolah/SISFO SEKOLAh/vendor/codeigniter4/framework/system/Commands/Server/rewrite.php(43): require_once('/home/wawan/Doc...')
#10 {main}
CRITICAL - 2022-07-15 10:20:45 --> Undefined variable: kelas
#0 /home/wawan/Documents/CI4/masterSekolah/SISFO SEKOLAh/app/Views/tatausaha/berkasguru/berkasguru.php(30): CodeIgniter\Debug\Exceptions->errorHandler()
#1 /home/wawan/Documents/CI4/masterSekolah/SISFO SEKOLAh/vendor/codeigniter4/framework/system/View/View.php(210): include('/home/wawan/Doc...')
#2 /home/wawan/Documents/CI4/masterSekolah/SISFO SEKOLAh/vendor/codeigniter4/framework/system/View/View.php(213): CodeIgniter\View\View->CodeIgniter\View\{closure}()
#3 /home/wawan/Documents/CI4/masterSekolah/SISFO SEKOLAh/vendor/codeigniter4/framework/system/Common.php(1089): CodeIgniter\View\View->render()
#4 /home/wawan/Documents/CI4/masterSekolah/SISFO SEKOLAh/app/Controllers/Tatausaha.php(612): view()
#5 /home/wawan/Documents/CI4/masterSekolah/SISFO SEKOLAh/vendor/codeigniter4/framework/system/CodeIgniter.php(832): App\Controllers\Tatausaha->berkasguru()
#6 /home/wawan/Documents/CI4/masterSekolah/SISFO SEKOLAh/vendor/codeigniter4/framework/system/CodeIgniter.php(419): CodeIgniter\CodeIgniter->runController()
#7 /home/wawan/Documents/CI4/masterSekolah/SISFO SEKOLAh/vendor/codeigniter4/framework/system/CodeIgniter.php(326): CodeIgniter\CodeIgniter->handleRequest()
#8 /home/wawan/Documents/CI4/masterSekolah/SISFO SEKOLAh/public/index.php(37): CodeIgniter\CodeIgniter->run()
#9 /home/wawan/Documents/CI4/masterSekolah/SISFO SEKOLAh/vendor/codeigniter4/framework/system/Commands/Server/rewrite.php(43): require_once('/home/wawan/Doc...')
#10 {main}
ERROR - 2022-07-15 11:10:57 --> Unknown column 'ket.berkas' in 'field list'
CRITICAL - 2022-07-15 11:10:57 --> Unknown column 'ket.berkas' in 'field list'
#0 /home/wawan/Documents/CI4/masterSekolah/SISFO SEKOLAh/vendor/codeigniter4/framework/system/Database/MySQLi/Connection.php(292): mysqli->query()
#1 /home/wawan/Documents/CI4/masterSekolah/SISFO SEKOLAh/vendor/codeigniter4/framework/system/Database/BaseConnection.php(670): CodeIgniter\Database\MySQLi\Connection->execute()
#2 /home/wawan/Documents/CI4/masterSekolah/SISFO SEKOLAh/vendor/codeigniter4/framework/system/Database/BaseConnection.php(598): CodeIgniter\Database\BaseConnection->simpleQuery()
#3 /home/wawan/Documents/CI4/masterSekolah/SISFO SEKOLAh/vendor/codeigniter4/framework/system/Database/BaseBuilder.php(1455): CodeIgniter\Database\BaseConnection->query()
#4 /home/wawan/Documents/CI4/masterSekolah/SISFO SEKOLAh/app/Controllers/Tatausaha.php(601): CodeIgniter\Database\BaseBuilder->get()
#5 /home/wawan/Documents/CI4/masterSekolah/SISFO SEKOLAh/vendor/codeigniter4/framework/system/CodeIgniter.php(832): App\Controllers\Tatausaha->berkasguru()
#6 /home/wawan/Documents/CI4/masterSekolah/SISFO SEKOLAh/vendor/codeigniter4/framework/system/CodeIgniter.php(419): CodeIgniter\CodeIgniter->runController()
#7 /home/wawan/Documents/CI4/masterSekolah/SISFO SEKOLAh/vendor/codeigniter4/framework/system/CodeIgniter.php(326): CodeIgniter\CodeIgniter->handleRequest()
#8 /home/wawan/Documents/CI4/masterSekolah/SISFO SEKOLAh/public/index.php(37): CodeIgniter\CodeIgniter->run()
#9 /home/wawan/Documents/CI4/masterSekolah/SISFO SEKOLAh/vendor/codeigniter4/framework/system/Commands/Server/rewrite.php(43): require_once('/home/wawan/Doc...')
#10 {main}
