ERROR - 2022-03-30 10:27:46 --> Error connecting to the database: Class 'SQLite3' not found
ERROR - 2022-03-30 10:29:08 --> Error connecting to the database: Class 'SQLite3' not found
ERROR - 2022-03-30 10:30:40 --> Error connecting to the database: Class 'SQLite3' not found
ERROR - 2022-03-30 10:32:52 --> Error connecting to the database: Class 'SQLite3' not found
ERROR - 2022-03-30 10:33:08 --> Error connecting to the database: Class 'SQLite3' not found
ERROR - 2022-03-30 10:34:33 --> Error connecting to the database: Class 'SQLite3' not found
ERROR - 2022-03-30 10:36:18 --> Error connecting to the database: Class 'SQLite3' not found
ERROR - 2022-03-30 11:34:08 --> Error connecting to the database: Class 'SQLite3' not found
ERROR - 2022-03-30 11:35:46 --> Error connecting to the database: Class 'SQLite3' not found
CRITICAL - 2022-03-30 12:41:49 --> Class name must be a valid object or a string
#0 /home/wawan/Documents/belajar-auth/vendor/codeigniter4/framework/system/Config/BaseService.php(248): Myth\Auth\Config\Services::activator()
#1 /home/wawan/Documents/belajar-auth/vendor/codeigniter4/framework/system/Config/BaseService.php(189): CodeIgniter\Config\BaseService::__callStatic()
#2 /home/wawan/Documents/belajar-auth/app/ThirdParty/myth-auth/src/Config/Services.php(86): CodeIgniter\Config\BaseService::getSharedInstance()
#3 /home/wawan/Documents/belajar-auth/vendor/codeigniter4/framework/system/Config/BaseService.php(248): Myth\Auth\Config\Services::activator()
#4 /home/wawan/Documents/belajar-auth/vendor/codeigniter4/framework/system/Common.php(929): CodeIgniter\Config\BaseService::__callStatic()
#5 /home/wawan/Documents/belajar-auth/app/ThirdParty/myth-auth/src/Controllers/AuthController.php(195): service()
#6 /home/wawan/Documents/belajar-auth/vendor/codeigniter4/framework/system/CodeIgniter.php(832): Myth\Auth\Controllers\AuthController->attemptRegister()
#7 /home/wawan/Documents/belajar-auth/vendor/codeigniter4/framework/system/CodeIgniter.php(419): CodeIgniter\CodeIgniter->runController()
#8 /home/wawan/Documents/belajar-auth/vendor/codeigniter4/framework/system/CodeIgniter.php(326): CodeIgniter\CodeIgniter->handleRequest()
#9 /home/wawan/Documents/belajar-auth/public/index.php(37): CodeIgniter\CodeIgniter->run()
#10 /home/wawan/Documents/belajar-auth/vendor/codeigniter4/framework/system/Commands/Server/rewrite.php(43): require_once('/home/wawan/Doc...')
#11 {main}
CRITICAL - 2022-03-30 12:44:16 --> Call to a member function send() on null
#0 /home/wawan/Documents/belajar-auth/vendor/codeigniter4/framework/system/CodeIgniter.php(832): Myth\Auth\Controllers\AuthController->attemptRegister()
#1 /home/wawan/Documents/belajar-auth/vendor/codeigniter4/framework/system/CodeIgniter.php(419): CodeIgniter\CodeIgniter->runController()
#2 /home/wawan/Documents/belajar-auth/vendor/codeigniter4/framework/system/CodeIgniter.php(326): CodeIgniter\CodeIgniter->handleRequest()
#3 /home/wawan/Documents/belajar-auth/public/index.php(37): CodeIgniter\CodeIgniter->run()
#4 /home/wawan/Documents/belajar-auth/vendor/codeigniter4/framework/system/Commands/Server/rewrite.php(43): require_once('/home/wawan/Doc...')
#5 {main}
