CRITICAL - 2022-06-06 01:53:54 --> mime_in[berkas,application/pdf is not a valid rule.
#0 /home/wawan/Documents/CI4/masterSekolah/AuthCI Master /vendor/codeigniter4/framework/system/Validation/Validation.php(300): CodeIgniter\Validation\Exceptions\ValidationException::forRuleNotFound()
#1 /home/wawan/Documents/CI4/masterSekolah/AuthCI Master /vendor/codeigniter4/framework/system/Validation/Validation.php(157): CodeIgniter\Validation\Validation->processRules()
#2 /home/wawan/Documents/CI4/masterSekolah/AuthCI Master /vendor/codeigniter4/framework/system/Controller.php(160): CodeIgniter\Validation\Validation->run()
#3 /home/wawan/Documents/CI4/masterSekolah/AuthCI Master /app/Controllers/Kurikulum.php(175): CodeIgniter\Controller->validate()
#4 /home/wawan/Documents/CI4/masterSekolah/AuthCI Master /vendor/codeigniter4/framework/system/CodeIgniter.php(832): App\Controllers\Kurikulum->prosestambahpengumuman()
#5 /home/wawan/Documents/CI4/masterSekolah/AuthCI Master /vendor/codeigniter4/framework/system/CodeIgniter.php(419): CodeIgniter\CodeIgniter->runController()
#6 /home/wawan/Documents/CI4/masterSekolah/AuthCI Master /vendor/codeigniter4/framework/system/CodeIgniter.php(326): CodeIgniter\CodeIgniter->handleRequest()
#7 /home/wawan/Documents/CI4/masterSekolah/AuthCI Master /public/index.php(37): CodeIgniter\CodeIgniter->run()
#8 /home/wawan/Documents/CI4/masterSekolah/AuthCI Master /vendor/codeigniter4/framework/system/Commands/Server/rewrite.php(43): require_once('/home/wawan/Doc...')
#9 {main}
CRITICAL - 2022-06-06 01:54:32 --> Call to undefined function App\Controllers\user_id()
#0 /home/wawan/Documents/CI4/masterSekolah/AuthCI Master /vendor/codeigniter4/framework/system/CodeIgniter.php(832): App\Controllers\Kurikulum->prosestambahpengumuman()
#1 /home/wawan/Documents/CI4/masterSekolah/AuthCI Master /vendor/codeigniter4/framework/system/CodeIgniter.php(419): CodeIgniter\CodeIgniter->runController()
#2 /home/wawan/Documents/CI4/masterSekolah/AuthCI Master /vendor/codeigniter4/framework/system/CodeIgniter.php(326): CodeIgniter\CodeIgniter->handleRequest()
#3 /home/wawan/Documents/CI4/masterSekolah/AuthCI Master /public/index.php(37): CodeIgniter\CodeIgniter->run()
#4 /home/wawan/Documents/CI4/masterSekolah/AuthCI Master /vendor/codeigniter4/framework/system/Commands/Server/rewrite.php(43): require_once('/home/wawan/Doc...')
#5 {main}
ERROR - 2022-06-06 01:56:32 --> Unknown column 'idUser' in 'field list'
CRITICAL - 2022-06-06 01:56:32 --> Unknown column 'idUser' in 'field list'
#0 /home/wawan/Documents/CI4/masterSekolah/AuthCI Master /vendor/codeigniter4/framework/system/Database/MySQLi/Connection.php(292): mysqli->query()
#1 /home/wawan/Documents/CI4/masterSekolah/AuthCI Master /vendor/codeigniter4/framework/system/Database/BaseConnection.php(670): CodeIgniter\Database\MySQLi\Connection->execute()
#2 /home/wawan/Documents/CI4/masterSekolah/AuthCI Master /vendor/codeigniter4/framework/system/Database/BaseConnection.php(598): CodeIgniter\Database\BaseConnection->simpleQuery()
#3 /home/wawan/Documents/CI4/masterSekolah/AuthCI Master /vendor/codeigniter4/framework/system/Database/BaseBuilder.php(1771): CodeIgniter\Database\BaseConnection->query()
#4 /home/wawan/Documents/CI4/masterSekolah/AuthCI Master /app/Controllers/Kurikulum.php(233): CodeIgniter\Database\BaseBuilder->insert()
#5 /home/wawan/Documents/CI4/masterSekolah/AuthCI Master /vendor/codeigniter4/framework/system/CodeIgniter.php(832): App\Controllers\Kurikulum->prosestambahpengumuman()
#6 /home/wawan/Documents/CI4/masterSekolah/AuthCI Master /vendor/codeigniter4/framework/system/CodeIgniter.php(419): CodeIgniter\CodeIgniter->runController()
#7 /home/wawan/Documents/CI4/masterSekolah/AuthCI Master /vendor/codeigniter4/framework/system/CodeIgniter.php(326): CodeIgniter\CodeIgniter->handleRequest()
#8 /home/wawan/Documents/CI4/masterSekolah/AuthCI Master /public/index.php(37): CodeIgniter\CodeIgniter->run()
#9 /home/wawan/Documents/CI4/masterSekolah/AuthCI Master /vendor/codeigniter4/framework/system/Commands/Server/rewrite.php(43): require_once('/home/wawan/Doc...')
#10 {main}
CRITICAL - 2022-06-06 19:59:52 --> Too few arguments to function App\Controllers\Kurikulum::prosesubahpengumuman(), 0 passed in /home/wawan/Documents/CI4/masterSekolah/AuthCI Master /vendor/codeigniter4/framework/system/CodeIgniter.php on line 832 and exactly 1 expected
#0 /home/wawan/Documents/CI4/masterSekolah/AuthCI Master /vendor/codeigniter4/framework/system/CodeIgniter.php(832): App\Controllers\Kurikulum->prosesubahpengumuman()
#1 /home/wawan/Documents/CI4/masterSekolah/AuthCI Master /vendor/codeigniter4/framework/system/CodeIgniter.php(419): CodeIgniter\CodeIgniter->runController()
#2 /home/wawan/Documents/CI4/masterSekolah/AuthCI Master /vendor/codeigniter4/framework/system/CodeIgniter.php(326): CodeIgniter\CodeIgniter->handleRequest()
#3 /home/wawan/Documents/CI4/masterSekolah/AuthCI Master /public/index.php(37): CodeIgniter\CodeIgniter->run()
#4 /home/wawan/Documents/CI4/masterSekolah/AuthCI Master /vendor/codeigniter4/framework/system/Commands/Server/rewrite.php(43): require_once('/home/wawan/Doc...')
#5 {main}
CRITICAL - 2022-06-06 20:00:42 --> Too few arguments to function App\Controllers\Kurikulum::prosesubahpengumuman(), 0 passed in /home/wawan/Documents/CI4/masterSekolah/AuthCI Master /vendor/codeigniter4/framework/system/CodeIgniter.php on line 832 and exactly 1 expected
#0 /home/wawan/Documents/CI4/masterSekolah/AuthCI Master /vendor/codeigniter4/framework/system/CodeIgniter.php(832): App\Controllers\Kurikulum->prosesubahpengumuman()
#1 /home/wawan/Documents/CI4/masterSekolah/AuthCI Master /vendor/codeigniter4/framework/system/CodeIgniter.php(419): CodeIgniter\CodeIgniter->runController()
#2 /home/wawan/Documents/CI4/masterSekolah/AuthCI Master /vendor/codeigniter4/framework/system/CodeIgniter.php(326): CodeIgniter\CodeIgniter->handleRequest()
#3 /home/wawan/Documents/CI4/masterSekolah/AuthCI Master /public/index.php(37): CodeIgniter\CodeIgniter->run()
#4 /home/wawan/Documents/CI4/masterSekolah/AuthCI Master /vendor/codeigniter4/framework/system/Commands/Server/rewrite.php(43): require_once('/home/wawan/Doc...')
#5 {main}
CRITICAL - 2022-06-06 20:03:22 --> Undefined variable: namaDok
#0 /home/wawan/Documents/CI4/masterSekolah/AuthCI Master /app/Controllers/Kurikulum.php(350): CodeIgniter\Debug\Exceptions->errorHandler()
#1 /home/wawan/Documents/CI4/masterSekolah/AuthCI Master /vendor/codeigniter4/framework/system/CodeIgniter.php(832): App\Controllers\Kurikulum->prosesubahpengumuman()
#2 /home/wawan/Documents/CI4/masterSekolah/AuthCI Master /vendor/codeigniter4/framework/system/CodeIgniter.php(419): CodeIgniter\CodeIgniter->runController()
#3 /home/wawan/Documents/CI4/masterSekolah/AuthCI Master /vendor/codeigniter4/framework/system/CodeIgniter.php(326): CodeIgniter\CodeIgniter->handleRequest()
#4 /home/wawan/Documents/CI4/masterSekolah/AuthCI Master /public/index.php(37): CodeIgniter\CodeIgniter->run()
#5 /home/wawan/Documents/CI4/masterSekolah/AuthCI Master /vendor/codeigniter4/framework/system/Commands/Server/rewrite.php(43): require_once('/home/wawan/Doc...')
#6 {main}
CRITICAL - 2022-06-06 21:29:14 --> You do not have sufficient permissions to access that page.
#0 /home/wawan/Documents/CI4/masterSekolah/AuthCI Master /vendor/codeigniter4/framework/system/Filters/Filters.php(173): Myth\Auth\Filters\RoleFilter->before()
#1 /home/wawan/Documents/CI4/masterSekolah/AuthCI Master /vendor/codeigniter4/framework/system/CodeIgniter.php(393): CodeIgniter\Filters\Filters->run()
#2 /home/wawan/Documents/CI4/masterSekolah/AuthCI Master /vendor/codeigniter4/framework/system/CodeIgniter.php(326): CodeIgniter\CodeIgniter->handleRequest()
#3 /home/wawan/Documents/CI4/masterSekolah/AuthCI Master /public/index.php(37): CodeIgniter\CodeIgniter->run()
#4 /home/wawan/Documents/CI4/masterSekolah/AuthCI Master /vendor/codeigniter4/framework/system/Commands/Server/rewrite.php(43): require_once('/home/wawan/Doc...')
#5 {main}
CRITICAL - 2022-06-06 21:53:48 --> Invalid file: /Kesiswaan/dashboard.php
#0 /home/wawan/Documents/CI4/masterSekolah/AuthCI Master /vendor/codeigniter4/framework/system/View/View.php(198): CodeIgniter\Exceptions\FrameworkException::forInvalidFile()
#1 /home/wawan/Documents/CI4/masterSekolah/AuthCI Master /vendor/codeigniter4/framework/system/Common.php(1089): CodeIgniter\View\View->render()
#2 /home/wawan/Documents/CI4/masterSekolah/AuthCI Master /app/Controllers/Kesiswaan.php(20): view()
#3 /home/wawan/Documents/CI4/masterSekolah/AuthCI Master /vendor/codeigniter4/framework/system/CodeIgniter.php(832): App\Controllers\Kesiswaan->index()
#4 /home/wawan/Documents/CI4/masterSekolah/AuthCI Master /vendor/codeigniter4/framework/system/CodeIgniter.php(419): CodeIgniter\CodeIgniter->runController()
#5 /home/wawan/Documents/CI4/masterSekolah/AuthCI Master /vendor/codeigniter4/framework/system/CodeIgniter.php(326): CodeIgniter\CodeIgniter->handleRequest()
#6 /home/wawan/Documents/CI4/masterSekolah/AuthCI Master /public/index.php(37): CodeIgniter\CodeIgniter->run()
#7 /home/wawan/Documents/CI4/masterSekolah/AuthCI Master /vendor/codeigniter4/framework/system/Commands/Server/rewrite.php(43): require_once('/home/wawan/Doc...')
#8 {main}
CRITICAL - 2022-06-06 21:57:07 --> Undefined variable: berita
#0 /home/wawan/Documents/CI4/masterSekolah/AuthCI Master /app/Views/kesiswaan/siswa/siswa.php(40): CodeIgniter\Debug\Exceptions->errorHandler()
#1 /home/wawan/Documents/CI4/masterSekolah/AuthCI Master /vendor/codeigniter4/framework/system/View/View.php(210): include('/home/wawan/Doc...')
#2 /home/wawan/Documents/CI4/masterSekolah/AuthCI Master /vendor/codeigniter4/framework/system/View/View.php(213): CodeIgniter\View\View->CodeIgniter\View\{closure}()
#3 /home/wawan/Documents/CI4/masterSekolah/AuthCI Master /vendor/codeigniter4/framework/system/Common.php(1089): CodeIgniter\View\View->render()
#4 /home/wawan/Documents/CI4/masterSekolah/AuthCI Master /app/Controllers/Kesiswaan.php(29): view()
#5 /home/wawan/Documents/CI4/masterSekolah/AuthCI Master /vendor/codeigniter4/framework/system/CodeIgniter.php(832): App\Controllers\Kesiswaan->siswa()
#6 /home/wawan/Documents/CI4/masterSekolah/AuthCI Master /vendor/codeigniter4/framework/system/CodeIgniter.php(419): CodeIgniter\CodeIgniter->runController()
#7 /home/wawan/Documents/CI4/masterSekolah/AuthCI Master /vendor/codeigniter4/framework/system/CodeIgniter.php(326): CodeIgniter\CodeIgniter->handleRequest()
#8 /home/wawan/Documents/CI4/masterSekolah/AuthCI Master /public/index.php(37): CodeIgniter\CodeIgniter->run()
#9 /home/wawan/Documents/CI4/masterSekolah/AuthCI Master /vendor/codeigniter4/framework/system/Commands/Server/rewrite.php(43): require_once('/home/wawan/Doc...')
#10 {main}
CRITICAL - 2022-06-06 22:00:31 --> Undefined variable: nama
#0 /home/wawan/Documents/CI4/masterSekolah/AuthCI Master /app/Views/siswabaru/layout.php(24): CodeIgniter\Debug\Exceptions->errorHandler()
#1 /home/wawan/Documents/CI4/masterSekolah/AuthCI Master /vendor/codeigniter4/framework/system/View/View.php(210): include('/home/wawan/Doc...')
#2 /home/wawan/Documents/CI4/masterSekolah/AuthCI Master /vendor/codeigniter4/framework/system/View/View.php(213): CodeIgniter\View\View->CodeIgniter\View\{closure}()
#3 /home/wawan/Documents/CI4/masterSekolah/AuthCI Master /vendor/codeigniter4/framework/system/View/View.php(226): CodeIgniter\View\View->render()
#4 /home/wawan/Documents/CI4/masterSekolah/AuthCI Master /vendor/codeigniter4/framework/system/Common.php(1089): CodeIgniter\View\View->render()
#5 /home/wawan/Documents/CI4/masterSekolah/AuthCI Master /app/Controllers/Kesiswaan.php(38): view()
#6 /home/wawan/Documents/CI4/masterSekolah/AuthCI Master /vendor/codeigniter4/framework/system/CodeIgniter.php(832): App\Controllers\Kesiswaan->tambahsiswa()
#7 /home/wawan/Documents/CI4/masterSekolah/AuthCI Master /vendor/codeigniter4/framework/system/CodeIgniter.php(419): CodeIgniter\CodeIgniter->runController()
#8 /home/wawan/Documents/CI4/masterSekolah/AuthCI Master /vendor/codeigniter4/framework/system/CodeIgniter.php(326): CodeIgniter\CodeIgniter->handleRequest()
#9 /home/wawan/Documents/CI4/masterSekolah/AuthCI Master /public/index.php(37): CodeIgniter\CodeIgniter->run()
#10 /home/wawan/Documents/CI4/masterSekolah/AuthCI Master /vendor/codeigniter4/framework/system/Commands/Server/rewrite.php(43): require_once('/home/wawan/Doc...')
#11 {main}
CRITICAL - 2022-06-06 22:01:37 --> Undefined variable: nama
#0 /home/wawan/Documents/CI4/masterSekolah/AuthCI Master /app/Views/siswabaru/layout.php(24): CodeIgniter\Debug\Exceptions->errorHandler()
#1 /home/wawan/Documents/CI4/masterSekolah/AuthCI Master /vendor/codeigniter4/framework/system/View/View.php(210): include('/home/wawan/Doc...')
#2 /home/wawan/Documents/CI4/masterSekolah/AuthCI Master /vendor/codeigniter4/framework/system/View/View.php(213): CodeIgniter\View\View->CodeIgniter\View\{closure}()
#3 /home/wawan/Documents/CI4/masterSekolah/AuthCI Master /vendor/codeigniter4/framework/system/View/View.php(226): CodeIgniter\View\View->render()
#4 /home/wawan/Documents/CI4/masterSekolah/AuthCI Master /vendor/codeigniter4/framework/system/Common.php(1089): CodeIgniter\View\View->render()
#5 /home/wawan/Documents/CI4/masterSekolah/AuthCI Master /app/Controllers/Kesiswaan.php(38): view()
#6 /home/wawan/Documents/CI4/masterSekolah/AuthCI Master /vendor/codeigniter4/framework/system/CodeIgniter.php(832): App\Controllers\Kesiswaan->tambahsiswa()
#7 /home/wawan/Documents/CI4/masterSekolah/AuthCI Master /vendor/codeigniter4/framework/system/CodeIgniter.php(419): CodeIgniter\CodeIgniter->runController()
#8 /home/wawan/Documents/CI4/masterSekolah/AuthCI Master /vendor/codeigniter4/framework/system/CodeIgniter.php(326): CodeIgniter\CodeIgniter->handleRequest()
#9 /home/wawan/Documents/CI4/masterSekolah/AuthCI Master /public/index.php(37): CodeIgniter\CodeIgniter->run()
#10 /home/wawan/Documents/CI4/masterSekolah/AuthCI Master /vendor/codeigniter4/framework/system/Commands/Server/rewrite.php(43): require_once('/home/wawan/Doc...')
#11 {main}
CRITICAL - 2022-06-06 22:01:39 --> Undefined variable: nama
#0 /home/wawan/Documents/CI4/masterSekolah/AuthCI Master /app/Views/siswabaru/layout.php(24): CodeIgniter\Debug\Exceptions->errorHandler()
#1 /home/wawan/Documents/CI4/masterSekolah/AuthCI Master /vendor/codeigniter4/framework/system/View/View.php(210): include('/home/wawan/Doc...')
#2 /home/wawan/Documents/CI4/masterSekolah/AuthCI Master /vendor/codeigniter4/framework/system/View/View.php(213): CodeIgniter\View\View->CodeIgniter\View\{closure}()
#3 /home/wawan/Documents/CI4/masterSekolah/AuthCI Master /vendor/codeigniter4/framework/system/View/View.php(226): CodeIgniter\View\View->render()
#4 /home/wawan/Documents/CI4/masterSekolah/AuthCI Master /vendor/codeigniter4/framework/system/Common.php(1089): CodeIgniter\View\View->render()
#5 /home/wawan/Documents/CI4/masterSekolah/AuthCI Master /app/Controllers/Kesiswaan.php(38): view()
#6 /home/wawan/Documents/CI4/masterSekolah/AuthCI Master /vendor/codeigniter4/framework/system/CodeIgniter.php(832): App\Controllers\Kesiswaan->tambahsiswa()
#7 /home/wawan/Documents/CI4/masterSekolah/AuthCI Master /vendor/codeigniter4/framework/system/CodeIgniter.php(419): CodeIgniter\CodeIgniter->runController()
#8 /home/wawan/Documents/CI4/masterSekolah/AuthCI Master /vendor/codeigniter4/framework/system/CodeIgniter.php(326): CodeIgniter\CodeIgniter->handleRequest()
#9 /home/wawan/Documents/CI4/masterSekolah/AuthCI Master /public/index.php(37): CodeIgniter\CodeIgniter->run()
#10 /home/wawan/Documents/CI4/masterSekolah/AuthCI Master /vendor/codeigniter4/framework/system/Commands/Server/rewrite.php(43): require_once('/home/wawan/Doc...')
#11 {main}
CRITICAL - 2022-06-06 22:01:40 --> Undefined variable: nama
#0 /home/wawan/Documents/CI4/masterSekolah/AuthCI Master /app/Views/siswabaru/layout.php(24): CodeIgniter\Debug\Exceptions->errorHandler()
#1 /home/wawan/Documents/CI4/masterSekolah/AuthCI Master /vendor/codeigniter4/framework/system/View/View.php(210): include('/home/wawan/Doc...')
#2 /home/wawan/Documents/CI4/masterSekolah/AuthCI Master /vendor/codeigniter4/framework/system/View/View.php(213): CodeIgniter\View\View->CodeIgniter\View\{closure}()
#3 /home/wawan/Documents/CI4/masterSekolah/AuthCI Master /vendor/codeigniter4/framework/system/View/View.php(226): CodeIgniter\View\View->render()
#4 /home/wawan/Documents/CI4/masterSekolah/AuthCI Master /vendor/codeigniter4/framework/system/Common.php(1089): CodeIgniter\View\View->render()
#5 /home/wawan/Documents/CI4/masterSekolah/AuthCI Master /app/Controllers/Kesiswaan.php(38): view()
#6 /home/wawan/Documents/CI4/masterSekolah/AuthCI Master /vendor/codeigniter4/framework/system/CodeIgniter.php(832): App\Controllers\Kesiswaan->tambahsiswa()
#7 /home/wawan/Documents/CI4/masterSekolah/AuthCI Master /vendor/codeigniter4/framework/system/CodeIgniter.php(419): CodeIgniter\CodeIgniter->runController()
#8 /home/wawan/Documents/CI4/masterSekolah/AuthCI Master /vendor/codeigniter4/framework/system/CodeIgniter.php(326): CodeIgniter\CodeIgniter->handleRequest()
#9 /home/wawan/Documents/CI4/masterSekolah/AuthCI Master /public/index.php(37): CodeIgniter\CodeIgniter->run()
#10 /home/wawan/Documents/CI4/masterSekolah/AuthCI Master /vendor/codeigniter4/framework/system/Commands/Server/rewrite.php(43): require_once('/home/wawan/Doc...')
#11 {main}
CRITICAL - 2022-06-06 22:02:33 --> Undefined variable: nama
#0 /home/wawan/Documents/CI4/masterSekolah/AuthCI Master /app/Views/siswabaru/layout.php(24): CodeIgniter\Debug\Exceptions->errorHandler()
#1 /home/wawan/Documents/CI4/masterSekolah/AuthCI Master /vendor/codeigniter4/framework/system/View/View.php(210): include('/home/wawan/Doc...')
#2 /home/wawan/Documents/CI4/masterSekolah/AuthCI Master /vendor/codeigniter4/framework/system/View/View.php(213): CodeIgniter\View\View->CodeIgniter\View\{closure}()
#3 /home/wawan/Documents/CI4/masterSekolah/AuthCI Master /vendor/codeigniter4/framework/system/View/View.php(226): CodeIgniter\View\View->render()
#4 /home/wawan/Documents/CI4/masterSekolah/AuthCI Master /vendor/codeigniter4/framework/system/Common.php(1089): CodeIgniter\View\View->render()
#5 /home/wawan/Documents/CI4/masterSekolah/AuthCI Master /app/Controllers/Kesiswaan.php(38): view()
#6 /home/wawan/Documents/CI4/masterSekolah/AuthCI Master /vendor/codeigniter4/framework/system/CodeIgniter.php(832): App\Controllers\Kesiswaan->tambahsiswa()
#7 /home/wawan/Documents/CI4/masterSekolah/AuthCI Master /vendor/codeigniter4/framework/system/CodeIgniter.php(419): CodeIgniter\CodeIgniter->runController()
#8 /home/wawan/Documents/CI4/masterSekolah/AuthCI Master /vendor/codeigniter4/framework/system/CodeIgniter.php(326): CodeIgniter\CodeIgniter->handleRequest()
#9 /home/wawan/Documents/CI4/masterSekolah/AuthCI Master /public/index.php(37): CodeIgniter\CodeIgniter->run()
#10 /home/wawan/Documents/CI4/masterSekolah/AuthCI Master /vendor/codeigniter4/framework/system/Commands/Server/rewrite.php(43): require_once('/home/wawan/Doc...')
#11 {main}
