CRITICAL - 2022-07-12 22:33:13 --> Undefined property: stdClass::$nama_ibu
#0 /home/wawan/Documents/CI4/masterSekolah/SISFO SEKOLAh/app/Controllers/Tatausaha.php(244): CodeIgniter\Debug\Exceptions->errorHandler()
#1 /home/wawan/Documents/CI4/masterSekolah/SISFO SEKOLAh/vendor/codeigniter4/framework/system/CodeIgniter.php(832): App\Controllers\Tatausaha->detailguru()
#2 /home/wawan/Documents/CI4/masterSekolah/SISFO SEKOLAh/vendor/codeigniter4/framework/system/CodeIgniter.php(419): CodeIgniter\CodeIgniter->runController()
#3 /home/wawan/Documents/CI4/masterSekolah/SISFO SEKOLAh/vendor/codeigniter4/framework/system/CodeIgniter.php(326): CodeIgniter\CodeIgniter->handleRequest()
#4 /home/wawan/Documents/CI4/masterSekolah/SISFO SEKOLAh/public/index.php(37): CodeIgniter\CodeIgniter->run()
#5 /home/wawan/Documents/CI4/masterSekolah/SISFO SEKOLAh/vendor/codeigniter4/framework/system/Commands/Server/rewrite.php(43): require_once('/home/wawan/Doc...')
#6 {main}
CRITICAL - 2022-07-12 22:33:42 --> Undefined variable: nisn
#0 /home/wawan/Documents/CI4/masterSekolah/SISFO SEKOLAh/app/Views/tatausaha/guru/detailguru.php(22): CodeIgniter\Debug\Exceptions->errorHandler()
#1 /home/wawan/Documents/CI4/masterSekolah/SISFO SEKOLAh/vendor/codeigniter4/framework/system/View/View.php(210): include('/home/wawan/Doc...')
#2 /home/wawan/Documents/CI4/masterSekolah/SISFO SEKOLAh/vendor/codeigniter4/framework/system/View/View.php(213): CodeIgniter\View\View->CodeIgniter\View\{closure}()
#3 /home/wawan/Documents/CI4/masterSekolah/SISFO SEKOLAh/vendor/codeigniter4/framework/system/Common.php(1089): CodeIgniter\View\View->render()
#4 /home/wawan/Documents/CI4/masterSekolah/SISFO SEKOLAh/app/Controllers/Tatausaha.php(251): view()
#5 /home/wawan/Documents/CI4/masterSekolah/SISFO SEKOLAh/vendor/codeigniter4/framework/system/CodeIgniter.php(832): App\Controllers\Tatausaha->detailguru()
#6 /home/wawan/Documents/CI4/masterSekolah/SISFO SEKOLAh/vendor/codeigniter4/framework/system/CodeIgniter.php(419): CodeIgniter\CodeIgniter->runController()
#7 /home/wawan/Documents/CI4/masterSekolah/SISFO SEKOLAh/vendor/codeigniter4/framework/system/CodeIgniter.php(326): CodeIgniter\CodeIgniter->handleRequest()
#8 /home/wawan/Documents/CI4/masterSekolah/SISFO SEKOLAh/public/index.php(37): CodeIgniter\CodeIgniter->run()
#9 /home/wawan/Documents/CI4/masterSekolah/SISFO SEKOLAh/vendor/codeigniter4/framework/system/Commands/Server/rewrite.php(43): require_once('/home/wawan/Doc...')
#10 {main}
