ERROR - 2022-07-14 00:38:18 --> Duplicate entry '681231241123' for key 'guru.kontak_guru_UNIQUE'
CRITICAL - 2022-07-14 00:38:18 --> Duplicate entry '681231241123' for key 'guru.kontak_guru_UNIQUE'
#0 /home/wawan/Documents/CI4/masterSekolah/SISFO SEKOLAh/vendor/codeigniter4/framework/system/Database/MySQLi/Connection.php(292): mysqli->query()
#1 /home/wawan/Documents/CI4/masterSekolah/SISFO SEKOLAh/vendor/codeigniter4/framework/system/Database/BaseConnection.php(670): CodeIgniter\Database\MySQLi\Connection->execute()
#2 /home/wawan/Documents/CI4/masterSekolah/SISFO SEKOLAh/vendor/codeigniter4/framework/system/Database/BaseConnection.php(598): CodeIgniter\Database\BaseConnection->simpleQuery()
#3 /home/wawan/Documents/CI4/masterSekolah/SISFO SEKOLAh/vendor/codeigniter4/framework/system/Database/BaseBuilder.php(1771): CodeIgniter\Database\BaseConnection->query()
#4 /home/wawan/Documents/CI4/masterSekolah/SISFO SEKOLAh/app/Controllers/Tatausaha.php(205): CodeIgniter\Database\BaseBuilder->insert()
#5 /home/wawan/Documents/CI4/masterSekolah/SISFO SEKOLAh/vendor/codeigniter4/framework/system/CodeIgniter.php(832): App\Controllers\Tatausaha->prosestambahguru()
#6 /home/wawan/Documents/CI4/masterSekolah/SISFO SEKOLAh/vendor/codeigniter4/framework/system/CodeIgniter.php(419): CodeIgniter\CodeIgniter->runController()
#7 /home/wawan/Documents/CI4/masterSekolah/SISFO SEKOLAh/vendor/codeigniter4/framework/system/CodeIgniter.php(326): CodeIgniter\CodeIgniter->handleRequest()
#8 /home/wawan/Documents/CI4/masterSekolah/SISFO SEKOLAh/public/index.php(37): CodeIgniter\CodeIgniter->run()
#9 /home/wawan/Documents/CI4/masterSekolah/SISFO SEKOLAh/vendor/codeigniter4/framework/system/Commands/Server/rewrite.php(43): require_once('/home/wawan/Doc...')
#10 {main}
ERROR - 2022-07-14 00:56:05 --> Duplicate entry '681231241125' for key 'guru.kontak_guru_UNIQUE'
ERROR - 2022-07-14 00:56:51 --> Duplicate entry '681231241125' for key 'guru.kontak_guru_UNIQUE'
ERROR - 2022-07-14 00:57:50 --> Duplicate entry '681231241125' for key 'guru.kontak_guru_UNIQUE'
ERROR - 2022-07-14 01:01:02 --> Duplicate entry '681231241125' for key 'guru.kontak_guru_UNIQUE'
ERROR - 2022-07-14 01:01:30 --> Duplicate entry '681231241125' for key 'guru.kontak_guru_UNIQUE'
ERROR - 2022-07-14 01:02:03 --> Duplicate entry '681231241127' for key 'guru.kontak_guru_UNIQUE'
CRITICAL - 2022-07-14 02:20:12 --> Invalid file: /tatausaha/berkas/tambahberkas.php
#0 /home/wawan/Documents/CI4/masterSekolah/SISFO SEKOLAh/vendor/codeigniter4/framework/system/View/View.php(198): CodeIgniter\Exceptions\FrameworkException::forInvalidFile()
#1 /home/wawan/Documents/CI4/masterSekolah/SISFO SEKOLAh/vendor/codeigniter4/framework/system/Common.php(1089): CodeIgniter\View\View->render()
#2 /home/wawan/Documents/CI4/masterSekolah/SISFO SEKOLAh/app/Controllers/Tatausaha.php(524): view()
#3 /home/wawan/Documents/CI4/masterSekolah/SISFO SEKOLAh/vendor/codeigniter4/framework/system/CodeIgniter.php(832): App\Controllers\Tatausaha->tambahberkas()
#4 /home/wawan/Documents/CI4/masterSekolah/SISFO SEKOLAh/vendor/codeigniter4/framework/system/CodeIgniter.php(419): CodeIgniter\CodeIgniter->runController()
#5 /home/wawan/Documents/CI4/masterSekolah/SISFO SEKOLAh/vendor/codeigniter4/framework/system/CodeIgniter.php(326): CodeIgniter\CodeIgniter->handleRequest()
#6 /home/wawan/Documents/CI4/masterSekolah/SISFO SEKOLAh/public/index.php(37): CodeIgniter\CodeIgniter->run()
#7 /home/wawan/Documents/CI4/masterSekolah/SISFO SEKOLAh/vendor/codeigniter4/framework/system/Commands/Server/rewrite.php(43): require_once('/home/wawan/Doc...')
#8 {main}
CRITICAL - 2022-07-14 04:29:24 --> Invalid file: /tatausaha/berkas/tambahberkas.php
#0 /home/wawan/Documents/CI4/masterSekolah/SISFO SEKOLAh/vendor/codeigniter4/framework/system/View/View.php(198): CodeIgniter\Exceptions\FrameworkException::forInvalidFile()
#1 /home/wawan/Documents/CI4/masterSekolah/SISFO SEKOLAh/vendor/codeigniter4/framework/system/Common.php(1089): CodeIgniter\View\View->render()
#2 /home/wawan/Documents/CI4/masterSekolah/SISFO SEKOLAh/app/Controllers/Tatausaha.php(524): view()
#3 /home/wawan/Documents/CI4/masterSekolah/SISFO SEKOLAh/vendor/codeigniter4/framework/system/CodeIgniter.php(832): App\Controllers\Tatausaha->tambahberkas()
#4 /home/wawan/Documents/CI4/masterSekolah/SISFO SEKOLAh/vendor/codeigniter4/framework/system/CodeIgniter.php(419): CodeIgniter\CodeIgniter->runController()
#5 /home/wawan/Documents/CI4/masterSekolah/SISFO SEKOLAh/vendor/codeigniter4/framework/system/CodeIgniter.php(326): CodeIgniter\CodeIgniter->handleRequest()
#6 /home/wawan/Documents/CI4/masterSekolah/SISFO SEKOLAh/public/index.php(37): CodeIgniter\CodeIgniter->run()
#7 /home/wawan/Documents/CI4/masterSekolah/SISFO SEKOLAh/vendor/codeigniter4/framework/system/Commands/Server/rewrite.php(43): require_once('/home/wawan/Doc...')
#8 {main}
CRITICAL - 2022-07-14 04:29:28 --> Invalid file: /tatausaha/berkas/tambahberkas.php
#0 /home/wawan/Documents/CI4/masterSekolah/SISFO SEKOLAh/vendor/codeigniter4/framework/system/View/View.php(198): CodeIgniter\Exceptions\FrameworkException::forInvalidFile()
#1 /home/wawan/Documents/CI4/masterSekolah/SISFO SEKOLAh/vendor/codeigniter4/framework/system/Common.php(1089): CodeIgniter\View\View->render()
#2 /home/wawan/Documents/CI4/masterSekolah/SISFO SEKOLAh/app/Controllers/Tatausaha.php(524): view()
#3 /home/wawan/Documents/CI4/masterSekolah/SISFO SEKOLAh/vendor/codeigniter4/framework/system/CodeIgniter.php(832): App\Controllers\Tatausaha->tambahberkas()
#4 /home/wawan/Documents/CI4/masterSekolah/SISFO SEKOLAh/vendor/codeigniter4/framework/system/CodeIgniter.php(419): CodeIgniter\CodeIgniter->runController()
#5 /home/wawan/Documents/CI4/masterSekolah/SISFO SEKOLAh/vendor/codeigniter4/framework/system/CodeIgniter.php(326): CodeIgniter\CodeIgniter->handleRequest()
#6 /home/wawan/Documents/CI4/masterSekolah/SISFO SEKOLAh/public/index.php(37): CodeIgniter\CodeIgniter->run()
#7 /home/wawan/Documents/CI4/masterSekolah/SISFO SEKOLAh/vendor/codeigniter4/framework/system/Commands/Server/rewrite.php(43): require_once('/home/wawan/Doc...')
#8 {main}
CRITICAL - 2022-07-14 04:33:02 --> Invalid file: /tatausaha/berkas/tambahberkas.php
#0 /home/wawan/Documents/CI4/masterSekolah/SISFO SEKOLAh/vendor/codeigniter4/framework/system/View/View.php(198): CodeIgniter\Exceptions\FrameworkException::forInvalidFile()
#1 /home/wawan/Documents/CI4/masterSekolah/SISFO SEKOLAh/vendor/codeigniter4/framework/system/Common.php(1089): CodeIgniter\View\View->render()
#2 /home/wawan/Documents/CI4/masterSekolah/SISFO SEKOLAh/app/Controllers/Tatausaha.php(524): view()
#3 /home/wawan/Documents/CI4/masterSekolah/SISFO SEKOLAh/vendor/codeigniter4/framework/system/CodeIgniter.php(832): App\Controllers\Tatausaha->tambahberkas()
#4 /home/wawan/Documents/CI4/masterSekolah/SISFO SEKOLAh/vendor/codeigniter4/framework/system/CodeIgniter.php(419): CodeIgniter\CodeIgniter->runController()
#5 /home/wawan/Documents/CI4/masterSekolah/SISFO SEKOLAh/vendor/codeigniter4/framework/system/CodeIgniter.php(326): CodeIgniter\CodeIgniter->handleRequest()
#6 /home/wawan/Documents/CI4/masterSekolah/SISFO SEKOLAh/public/index.php(37): CodeIgniter\CodeIgniter->run()
#7 /home/wawan/Documents/CI4/masterSekolah/SISFO SEKOLAh/vendor/codeigniter4/framework/system/Commands/Server/rewrite.php(43): require_once('/home/wawan/Doc...')
#8 {main}
ERROR - 2022-07-14 04:57:00 --> Unknown column 'nama_berkas' in 'where clause'
CRITICAL - 2022-07-14 04:57:00 --> Unknown column 'nama_berkas' in 'where clause'
#0 /home/wawan/Documents/CI4/masterSekolah/SISFO SEKOLAh/vendor/codeigniter4/framework/system/Database/MySQLi/Connection.php(292): mysqli->query()
#1 /home/wawan/Documents/CI4/masterSekolah/SISFO SEKOLAh/vendor/codeigniter4/framework/system/Database/BaseConnection.php(670): CodeIgniter\Database\MySQLi\Connection->execute()
#2 /home/wawan/Documents/CI4/masterSekolah/SISFO SEKOLAh/vendor/codeigniter4/framework/system/Database/BaseConnection.php(598): CodeIgniter\Database\BaseConnection->simpleQuery()
#3 /home/wawan/Documents/CI4/masterSekolah/SISFO SEKOLAh/vendor/codeigniter4/framework/system/Database/BaseBuilder.php(1455): CodeIgniter\Database\BaseConnection->query()
#4 /home/wawan/Documents/CI4/masterSekolah/SISFO SEKOLAh/vendor/codeigniter4/framework/system/Validation/Rules.php(142): CodeIgniter\Database\BaseBuilder->get()
#5 /home/wawan/Documents/CI4/masterSekolah/SISFO SEKOLAh/vendor/codeigniter4/framework/system/Validation/Validation.php(292): CodeIgniter\Validation\Rules->is_unique()
#6 /home/wawan/Documents/CI4/masterSekolah/SISFO SEKOLAh/vendor/codeigniter4/framework/system/Validation/Validation.php(157): CodeIgniter\Validation\Validation->processRules()
#7 /home/wawan/Documents/CI4/masterSekolah/SISFO SEKOLAh/vendor/codeigniter4/framework/system/Controller.php(160): CodeIgniter\Validation\Validation->run()
#8 /home/wawan/Documents/CI4/masterSekolah/SISFO SEKOLAh/app/Controllers/Tatausaha.php(530): CodeIgniter\Controller->validate()
#9 /home/wawan/Documents/CI4/masterSekolah/SISFO SEKOLAh/vendor/codeigniter4/framework/system/CodeIgniter.php(832): App\Controllers\Tatausaha->prosestambahberkas()
#10 /home/wawan/Documents/CI4/masterSekolah/SISFO SEKOLAh/vendor/codeigniter4/framework/system/CodeIgniter.php(419): CodeIgniter\CodeIgniter->runController()
#11 /home/wawan/Documents/CI4/masterSekolah/SISFO SEKOLAh/vendor/codeigniter4/framework/system/CodeIgniter.php(326): CodeIgniter\CodeIgniter->handleRequest()
#12 /home/wawan/Documents/CI4/masterSekolah/SISFO SEKOLAh/public/index.php(37): CodeIgniter\CodeIgniter->run()
#13 /home/wawan/Documents/CI4/masterSekolah/SISFO SEKOLAh/vendor/codeigniter4/framework/system/Commands/Server/rewrite.php(43): require_once('/home/wawan/Doc...')
#14 {main}
CRITICAL - 2022-07-14 04:57:42 --> Undefined property: stdClass::$idBerkasi
#0 /home/wawan/Documents/CI4/masterSekolah/SISFO SEKOLAh/app/Views/tatausaha/berkas/berkas.php(80): CodeIgniter\Debug\Exceptions->errorHandler()
#1 /home/wawan/Documents/CI4/masterSekolah/SISFO SEKOLAh/vendor/codeigniter4/framework/system/View/View.php(210): include('/home/wawan/Doc...')
#2 /home/wawan/Documents/CI4/masterSekolah/SISFO SEKOLAh/vendor/codeigniter4/framework/system/View/View.php(213): CodeIgniter\View\View->CodeIgniter\View\{closure}()
#3 /home/wawan/Documents/CI4/masterSekolah/SISFO SEKOLAh/vendor/codeigniter4/framework/system/Common.php(1089): CodeIgniter\View\View->render()
#4 /home/wawan/Documents/CI4/masterSekolah/SISFO SEKOLAh/app/Controllers/Tatausaha.php(516): view()
#5 /home/wawan/Documents/CI4/masterSekolah/SISFO SEKOLAh/vendor/codeigniter4/framework/system/CodeIgniter.php(832): App\Controllers\Tatausaha->berkas()
#6 /home/wawan/Documents/CI4/masterSekolah/SISFO SEKOLAh/vendor/codeigniter4/framework/system/CodeIgniter.php(419): CodeIgniter\CodeIgniter->runController()
#7 /home/wawan/Documents/CI4/masterSekolah/SISFO SEKOLAh/vendor/codeigniter4/framework/system/CodeIgniter.php(326): CodeIgniter\CodeIgniter->handleRequest()
#8 /home/wawan/Documents/CI4/masterSekolah/SISFO SEKOLAh/public/index.php(37): CodeIgniter\CodeIgniter->run()
#9 /home/wawan/Documents/CI4/masterSekolah/SISFO SEKOLAh/vendor/codeigniter4/framework/system/Commands/Server/rewrite.php(43): require_once('/home/wawan/Doc...')
#10 {main}
