CRITICAL - 2022-04-05 12:14:35 --> Invalid file: App\Views\Pagers\bootstrap_pagination.php
#0 /home/wawan/Documents/belajar-auth/vendor/codeigniter4/framework/system/View/View.php(198): CodeIgniter\Exceptions\FrameworkException::forInvalidFile()
#1 /home/wawan/Documents/belajar-auth/vendor/codeigniter4/framework/system/Pager/Pager.php(125): CodeIgniter\View\View->render()
#2 /home/wawan/Documents/belajar-auth/vendor/codeigniter4/framework/system/Pager/Pager.php(83): CodeIgniter\Pager\Pager->displayLinks()
#3 /home/wawan/Documents/belajar-auth/app/Views/post-index.php(49): CodeIgniter\Pager\Pager->links()
#4 /home/wawan/Documents/belajar-auth/vendor/codeigniter4/framework/system/View/View.php(210): include('/home/wawan/Doc...')
#5 /home/wawan/Documents/belajar-auth/vendor/codeigniter4/framework/system/View/View.php(213): CodeIgniter\View\View->CodeIgniter\View\{closure}()
#6 /home/wawan/Documents/belajar-auth/vendor/codeigniter4/framework/system/Common.php(1089): CodeIgniter\View\View->render()
#7 /home/wawan/Documents/belajar-auth/app/Controllers/Post.php(24): view()
#8 /home/wawan/Documents/belajar-auth/vendor/codeigniter4/framework/system/CodeIgniter.php(832): App\Controllers\Post->index()
#9 /home/wawan/Documents/belajar-auth/vendor/codeigniter4/framework/system/CodeIgniter.php(419): CodeIgniter\CodeIgniter->runController()
#10 /home/wawan/Documents/belajar-auth/vendor/codeigniter4/framework/system/CodeIgniter.php(326): CodeIgniter\CodeIgniter->handleRequest()
#11 /home/wawan/Documents/belajar-auth/public/index.php(37): CodeIgniter\CodeIgniter->run()
#12 /home/wawan/Documents/belajar-auth/vendor/codeigniter4/framework/system/Commands/Server/rewrite.php(43): require_once('/home/wawan/Doc...')
#13 {main}
CRITICAL - 2022-04-05 12:20:24 --> bootstrap_pagination is not a valid Pager template.
#0 /home/wawan/Documents/belajar-auth/vendor/codeigniter4/framework/system/Pager/Pager.php(120): CodeIgniter\Pager\Exceptions\PagerException::forInvalidTemplate()
#1 /home/wawan/Documents/belajar-auth/vendor/codeigniter4/framework/system/Pager/Pager.php(83): CodeIgniter\Pager\Pager->displayLinks()
#2 /home/wawan/Documents/belajar-auth/app/Views/post-index.php(49): CodeIgniter\Pager\Pager->links()
#3 /home/wawan/Documents/belajar-auth/vendor/codeigniter4/framework/system/View/View.php(210): include('/home/wawan/Doc...')
#4 /home/wawan/Documents/belajar-auth/vendor/codeigniter4/framework/system/View/View.php(213): CodeIgniter\View\View->CodeIgniter\View\{closure}()
#5 /home/wawan/Documents/belajar-auth/vendor/codeigniter4/framework/system/Common.php(1089): CodeIgniter\View\View->render()
#6 /home/wawan/Documents/belajar-auth/app/Controllers/Post.php(24): view()
#7 /home/wawan/Documents/belajar-auth/vendor/codeigniter4/framework/system/CodeIgniter.php(832): App\Controllers\Post->index()
#8 /home/wawan/Documents/belajar-auth/vendor/codeigniter4/framework/system/CodeIgniter.php(419): CodeIgniter\CodeIgniter->runController()
#9 /home/wawan/Documents/belajar-auth/vendor/codeigniter4/framework/system/CodeIgniter.php(326): CodeIgniter\CodeIgniter->handleRequest()
#10 /home/wawan/Documents/belajar-auth/public/index.php(37): CodeIgniter\CodeIgniter->run()
#11 /home/wawan/Documents/belajar-auth/vendor/codeigniter4/framework/system/Commands/Server/rewrite.php(43): require_once('/home/wawan/Doc...')
#12 {main}
