CRITICAL - 2022-08-24 14:12:47 --> You must set the database table to be used with your query.
#0 /home/wawan/Documents/CI4/masterSekolah/SISFO SEKOLAH/vendor/codeigniter4/framework/system/Model.php(545): CodeIgniter\Database\BaseConnection->table()
#1 /home/wawan/Documents/CI4/masterSekolah/SISFO SEKOLAH/vendor/codeigniter4/framework/system/Model.php(509): CodeIgniter\Model->builder()
#2 /home/wawan/Documents/CI4/masterSekolah/SISFO SEKOLAH/vendor/codeigniter4/framework/system/BaseModel.php(1084): CodeIgniter\Model->countAllResults()
#3 /home/wawan/Documents/CI4/masterSekolah/SISFO SEKOLAH/app/Controllers/Home.php(82): CodeIgniter\BaseModel->paginate()
#4 /home/wawan/Documents/CI4/masterSekolah/SISFO SEKOLAH/vendor/codeigniter4/framework/system/CodeIgniter.php(832): App\Controllers\Home->daftarberita()
#5 /home/wawan/Documents/CI4/masterSekolah/SISFO SEKOLAH/vendor/codeigniter4/framework/system/CodeIgniter.php(419): CodeIgniter\CodeIgniter->runController()
#6 /home/wawan/Documents/CI4/masterSekolah/SISFO SEKOLAH/vendor/codeigniter4/framework/system/CodeIgniter.php(326): CodeIgniter\CodeIgniter->handleRequest()
#7 /home/wawan/Documents/CI4/masterSekolah/SISFO SEKOLAH/public/index.php(37): CodeIgniter\CodeIgniter->run()
#8 /home/wawan/Documents/CI4/masterSekolah/SISFO SEKOLAH/vendor/codeigniter4/framework/system/Commands/Server/rewrite.php(43): require_once('/home/wawan/Doc...')
#9 {main}
CRITICAL - 2022-08-24 14:13:51 --> You must set the database table to be used with your query.
#0 /home/wawan/Documents/CI4/masterSekolah/SISFO SEKOLAH/vendor/codeigniter4/framework/system/Model.php(545): CodeIgniter\Database\BaseConnection->table()
#1 /home/wawan/Documents/CI4/masterSekolah/SISFO SEKOLAH/vendor/codeigniter4/framework/system/Model.php(509): CodeIgniter\Model->builder()
#2 /home/wawan/Documents/CI4/masterSekolah/SISFO SEKOLAH/vendor/codeigniter4/framework/system/BaseModel.php(1084): CodeIgniter\Model->countAllResults()
#3 /home/wawan/Documents/CI4/masterSekolah/SISFO SEKOLAH/app/Controllers/Home.php(82): CodeIgniter\BaseModel->paginate()
#4 /home/wawan/Documents/CI4/masterSekolah/SISFO SEKOLAH/vendor/codeigniter4/framework/system/CodeIgniter.php(832): App\Controllers\Home->daftarberita()
#5 /home/wawan/Documents/CI4/masterSekolah/SISFO SEKOLAH/vendor/codeigniter4/framework/system/CodeIgniter.php(419): CodeIgniter\CodeIgniter->runController()
#6 /home/wawan/Documents/CI4/masterSekolah/SISFO SEKOLAH/vendor/codeigniter4/framework/system/CodeIgniter.php(326): CodeIgniter\CodeIgniter->handleRequest()
#7 /home/wawan/Documents/CI4/masterSekolah/SISFO SEKOLAH/public/index.php(37): CodeIgniter\CodeIgniter->run()
#8 /home/wawan/Documents/CI4/masterSekolah/SISFO SEKOLAH/vendor/codeigniter4/framework/system/Commands/Server/rewrite.php(43): require_once('/home/wawan/Doc...')
#9 {main}
CRITICAL - 2022-08-24 14:13:53 --> You must set the database table to be used with your query.
#0 /home/wawan/Documents/CI4/masterSekolah/SISFO SEKOLAH/vendor/codeigniter4/framework/system/Model.php(545): CodeIgniter\Database\BaseConnection->table()
#1 /home/wawan/Documents/CI4/masterSekolah/SISFO SEKOLAH/vendor/codeigniter4/framework/system/Model.php(509): CodeIgniter\Model->builder()
#2 /home/wawan/Documents/CI4/masterSekolah/SISFO SEKOLAH/vendor/codeigniter4/framework/system/BaseModel.php(1084): CodeIgniter\Model->countAllResults()
#3 /home/wawan/Documents/CI4/masterSekolah/SISFO SEKOLAH/app/Controllers/Home.php(82): CodeIgniter\BaseModel->paginate()
#4 /home/wawan/Documents/CI4/masterSekolah/SISFO SEKOLAH/vendor/codeigniter4/framework/system/CodeIgniter.php(832): App\Controllers\Home->daftarberita()
#5 /home/wawan/Documents/CI4/masterSekolah/SISFO SEKOLAH/vendor/codeigniter4/framework/system/CodeIgniter.php(419): CodeIgniter\CodeIgniter->runController()
#6 /home/wawan/Documents/CI4/masterSekolah/SISFO SEKOLAH/vendor/codeigniter4/framework/system/CodeIgniter.php(326): CodeIgniter\CodeIgniter->handleRequest()
#7 /home/wawan/Documents/CI4/masterSekolah/SISFO SEKOLAH/public/index.php(37): CodeIgniter\CodeIgniter->run()
#8 /home/wawan/Documents/CI4/masterSekolah/SISFO SEKOLAH/vendor/codeigniter4/framework/system/Commands/Server/rewrite.php(43): require_once('/home/wawan/Doc...')
#9 {main}
CRITICAL - 2022-08-24 14:13:54 --> You must set the database table to be used with your query.
#0 /home/wawan/Documents/CI4/masterSekolah/SISFO SEKOLAH/vendor/codeigniter4/framework/system/Model.php(545): CodeIgniter\Database\BaseConnection->table()
#1 /home/wawan/Documents/CI4/masterSekolah/SISFO SEKOLAH/vendor/codeigniter4/framework/system/Model.php(509): CodeIgniter\Model->builder()
#2 /home/wawan/Documents/CI4/masterSekolah/SISFO SEKOLAH/vendor/codeigniter4/framework/system/BaseModel.php(1084): CodeIgniter\Model->countAllResults()
#3 /home/wawan/Documents/CI4/masterSekolah/SISFO SEKOLAH/app/Controllers/Home.php(82): CodeIgniter\BaseModel->paginate()
#4 /home/wawan/Documents/CI4/masterSekolah/SISFO SEKOLAH/vendor/codeigniter4/framework/system/CodeIgniter.php(832): App\Controllers\Home->daftarberita()
#5 /home/wawan/Documents/CI4/masterSekolah/SISFO SEKOLAH/vendor/codeigniter4/framework/system/CodeIgniter.php(419): CodeIgniter\CodeIgniter->runController()
#6 /home/wawan/Documents/CI4/masterSekolah/SISFO SEKOLAH/vendor/codeigniter4/framework/system/CodeIgniter.php(326): CodeIgniter\CodeIgniter->handleRequest()
#7 /home/wawan/Documents/CI4/masterSekolah/SISFO SEKOLAH/public/index.php(37): CodeIgniter\CodeIgniter->run()
#8 /home/wawan/Documents/CI4/masterSekolah/SISFO SEKOLAH/vendor/codeigniter4/framework/system/Commands/Server/rewrite.php(43): require_once('/home/wawan/Doc...')
#9 {main}
CRITICAL - 2022-08-24 14:14:08 --> You must set the database table to be used with your query.
#0 /home/wawan/Documents/CI4/masterSekolah/SISFO SEKOLAH/vendor/codeigniter4/framework/system/Model.php(545): CodeIgniter\Database\BaseConnection->table()
#1 /home/wawan/Documents/CI4/masterSekolah/SISFO SEKOLAH/vendor/codeigniter4/framework/system/Model.php(509): CodeIgniter\Model->builder()
#2 /home/wawan/Documents/CI4/masterSekolah/SISFO SEKOLAH/vendor/codeigniter4/framework/system/BaseModel.php(1084): CodeIgniter\Model->countAllResults()
#3 /home/wawan/Documents/CI4/masterSekolah/SISFO SEKOLAH/app/Controllers/Home.php(82): CodeIgniter\BaseModel->paginate()
#4 /home/wawan/Documents/CI4/masterSekolah/SISFO SEKOLAH/vendor/codeigniter4/framework/system/CodeIgniter.php(832): App\Controllers\Home->daftarberita()
#5 /home/wawan/Documents/CI4/masterSekolah/SISFO SEKOLAH/vendor/codeigniter4/framework/system/CodeIgniter.php(419): CodeIgniter\CodeIgniter->runController()
#6 /home/wawan/Documents/CI4/masterSekolah/SISFO SEKOLAH/vendor/codeigniter4/framework/system/CodeIgniter.php(326): CodeIgniter\CodeIgniter->handleRequest()
#7 /home/wawan/Documents/CI4/masterSekolah/SISFO SEKOLAH/public/index.php(37): CodeIgniter\CodeIgniter->run()
#8 /home/wawan/Documents/CI4/masterSekolah/SISFO SEKOLAH/vendor/codeigniter4/framework/system/Commands/Server/rewrite.php(43): require_once('/home/wawan/Doc...')
#9 {main}
CRITICAL - 2022-08-24 14:14:30 --> You must set the database table to be used with your query.
#0 /home/wawan/Documents/CI4/masterSekolah/SISFO SEKOLAH/vendor/codeigniter4/framework/system/Model.php(545): CodeIgniter\Database\BaseConnection->table()
#1 /home/wawan/Documents/CI4/masterSekolah/SISFO SEKOLAH/vendor/codeigniter4/framework/system/Model.php(509): CodeIgniter\Model->builder()
#2 /home/wawan/Documents/CI4/masterSekolah/SISFO SEKOLAH/vendor/codeigniter4/framework/system/BaseModel.php(1084): CodeIgniter\Model->countAllResults()
#3 /home/wawan/Documents/CI4/masterSekolah/SISFO SEKOLAH/app/Controllers/Home.php(82): CodeIgniter\BaseModel->paginate()
#4 /home/wawan/Documents/CI4/masterSekolah/SISFO SEKOLAH/vendor/codeigniter4/framework/system/CodeIgniter.php(832): App\Controllers\Home->daftarberita()
#5 /home/wawan/Documents/CI4/masterSekolah/SISFO SEKOLAH/vendor/codeigniter4/framework/system/CodeIgniter.php(419): CodeIgniter\CodeIgniter->runController()
#6 /home/wawan/Documents/CI4/masterSekolah/SISFO SEKOLAH/vendor/codeigniter4/framework/system/CodeIgniter.php(326): CodeIgniter\CodeIgniter->handleRequest()
#7 /home/wawan/Documents/CI4/masterSekolah/SISFO SEKOLAH/public/index.php(37): CodeIgniter\CodeIgniter->run()
#8 /home/wawan/Documents/CI4/masterSekolah/SISFO SEKOLAH/vendor/codeigniter4/framework/system/Commands/Server/rewrite.php(43): require_once('/home/wawan/Doc...')
#9 {main}
CRITICAL - 2022-08-24 14:15:49 --> You must set the database table to be used with your query.
#0 /home/wawan/Documents/CI4/masterSekolah/SISFO SEKOLAH/vendor/codeigniter4/framework/system/Model.php(545): CodeIgniter\Database\BaseConnection->table()
#1 /home/wawan/Documents/CI4/masterSekolah/SISFO SEKOLAH/vendor/codeigniter4/framework/system/Model.php(509): CodeIgniter\Model->builder()
#2 /home/wawan/Documents/CI4/masterSekolah/SISFO SEKOLAH/vendor/codeigniter4/framework/system/BaseModel.php(1084): CodeIgniter\Model->countAllResults()
#3 /home/wawan/Documents/CI4/masterSekolah/SISFO SEKOLAH/app/Controllers/Home.php(82): CodeIgniter\BaseModel->paginate()
#4 /home/wawan/Documents/CI4/masterSekolah/SISFO SEKOLAH/vendor/codeigniter4/framework/system/CodeIgniter.php(832): App\Controllers\Home->daftarberita()
#5 /home/wawan/Documents/CI4/masterSekolah/SISFO SEKOLAH/vendor/codeigniter4/framework/system/CodeIgniter.php(419): CodeIgniter\CodeIgniter->runController()
#6 /home/wawan/Documents/CI4/masterSekolah/SISFO SEKOLAH/vendor/codeigniter4/framework/system/CodeIgniter.php(326): CodeIgniter\CodeIgniter->handleRequest()
#7 /home/wawan/Documents/CI4/masterSekolah/SISFO SEKOLAH/public/index.php(37): CodeIgniter\CodeIgniter->run()
#8 /home/wawan/Documents/CI4/masterSekolah/SISFO SEKOLAH/vendor/codeigniter4/framework/system/Commands/Server/rewrite.php(43): require_once('/home/wawan/Doc...')
#9 {main}
CRITICAL - 2022-08-24 14:15:51 --> You must set the database table to be used with your query.
#0 /home/wawan/Documents/CI4/masterSekolah/SISFO SEKOLAH/vendor/codeigniter4/framework/system/Model.php(545): CodeIgniter\Database\BaseConnection->table()
#1 /home/wawan/Documents/CI4/masterSekolah/SISFO SEKOLAH/vendor/codeigniter4/framework/system/Model.php(509): CodeIgniter\Model->builder()
#2 /home/wawan/Documents/CI4/masterSekolah/SISFO SEKOLAH/vendor/codeigniter4/framework/system/BaseModel.php(1084): CodeIgniter\Model->countAllResults()
#3 /home/wawan/Documents/CI4/masterSekolah/SISFO SEKOLAH/app/Controllers/Home.php(82): CodeIgniter\BaseModel->paginate()
#4 /home/wawan/Documents/CI4/masterSekolah/SISFO SEKOLAH/vendor/codeigniter4/framework/system/CodeIgniter.php(832): App\Controllers\Home->daftarberita()
#5 /home/wawan/Documents/CI4/masterSekolah/SISFO SEKOLAH/vendor/codeigniter4/framework/system/CodeIgniter.php(419): CodeIgniter\CodeIgniter->runController()
#6 /home/wawan/Documents/CI4/masterSekolah/SISFO SEKOLAH/vendor/codeigniter4/framework/system/CodeIgniter.php(326): CodeIgniter\CodeIgniter->handleRequest()
#7 /home/wawan/Documents/CI4/masterSekolah/SISFO SEKOLAH/public/index.php(37): CodeIgniter\CodeIgniter->run()
#8 /home/wawan/Documents/CI4/masterSekolah/SISFO SEKOLAH/vendor/codeigniter4/framework/system/Commands/Server/rewrite.php(43): require_once('/home/wawan/Doc...')
#9 {main}
CRITICAL - 2022-08-24 14:19:41 --> Object of class App\Models\BeritaModel could not be converted to string
#0 /home/wawan/Documents/CI4/masterSekolah/SISFO SEKOLAH/vendor/codeigniter4/framework/system/CodeIgniter.php(832): App\Controllers\Home->daftarberita()
#1 /home/wawan/Documents/CI4/masterSekolah/SISFO SEKOLAH/vendor/codeigniter4/framework/system/CodeIgniter.php(419): CodeIgniter\CodeIgniter->runController()
#2 /home/wawan/Documents/CI4/masterSekolah/SISFO SEKOLAH/vendor/codeigniter4/framework/system/CodeIgniter.php(326): CodeIgniter\CodeIgniter->handleRequest()
#3 /home/wawan/Documents/CI4/masterSekolah/SISFO SEKOLAH/public/index.php(37): CodeIgniter\CodeIgniter->run()
#4 /home/wawan/Documents/CI4/masterSekolah/SISFO SEKOLAH/vendor/codeigniter4/framework/system/Commands/Server/rewrite.php(43): require_once('/home/wawan/Doc...')
#5 {main}
CRITICAL - 2022-08-24 14:29:08 --> Call to undefined method CodeIgniter\Database\MySQLi\Builder::getResultArray()
#0 /home/wawan/Documents/CI4/masterSekolah/SISFO SEKOLAH/vendor/codeigniter4/framework/system/CodeIgniter.php(832): App\Controllers\Home->daftarberita()
#1 /home/wawan/Documents/CI4/masterSekolah/SISFO SEKOLAH/vendor/codeigniter4/framework/system/CodeIgniter.php(419): CodeIgniter\CodeIgniter->runController()
#2 /home/wawan/Documents/CI4/masterSekolah/SISFO SEKOLAH/vendor/codeigniter4/framework/system/CodeIgniter.php(326): CodeIgniter\CodeIgniter->handleRequest()
#3 /home/wawan/Documents/CI4/masterSekolah/SISFO SEKOLAH/public/index.php(37): CodeIgniter\CodeIgniter->run()
#4 /home/wawan/Documents/CI4/masterSekolah/SISFO SEKOLAH/vendor/codeigniter4/framework/system/Commands/Server/rewrite.php(43): require_once('/home/wawan/Doc...')
#5 {main}
CRITICAL - 2022-08-24 14:29:21 --> Call to undefined method CodeIgniter\Database\MySQLi\Builder::getRow()
#0 /home/wawan/Documents/CI4/masterSekolah/SISFO SEKOLAH/vendor/codeigniter4/framework/system/CodeIgniter.php(832): App\Controllers\Home->daftarberita()
#1 /home/wawan/Documents/CI4/masterSekolah/SISFO SEKOLAH/vendor/codeigniter4/framework/system/CodeIgniter.php(419): CodeIgniter\CodeIgniter->runController()
#2 /home/wawan/Documents/CI4/masterSekolah/SISFO SEKOLAH/vendor/codeigniter4/framework/system/CodeIgniter.php(326): CodeIgniter\CodeIgniter->handleRequest()
#3 /home/wawan/Documents/CI4/masterSekolah/SISFO SEKOLAH/public/index.php(37): CodeIgniter\CodeIgniter->run()
#4 /home/wawan/Documents/CI4/masterSekolah/SISFO SEKOLAH/vendor/codeigniter4/framework/system/Commands/Server/rewrite.php(43): require_once('/home/wawan/Doc...')
#5 {main}
CRITICAL - 2022-08-24 14:31:46 --> Call to undefined method CodeIgniter\Database\MySQLi\Builder::getRow()
#0 /home/wawan/Documents/CI4/masterSekolah/SISFO SEKOLAH/vendor/codeigniter4/framework/system/CodeIgniter.php(832): App\Controllers\Home->daftarberita()
#1 /home/wawan/Documents/CI4/masterSekolah/SISFO SEKOLAH/vendor/codeigniter4/framework/system/CodeIgniter.php(419): CodeIgniter\CodeIgniter->runController()
#2 /home/wawan/Documents/CI4/masterSekolah/SISFO SEKOLAH/vendor/codeigniter4/framework/system/CodeIgniter.php(326): CodeIgniter\CodeIgniter->handleRequest()
#3 /home/wawan/Documents/CI4/masterSekolah/SISFO SEKOLAH/public/index.php(37): CodeIgniter\CodeIgniter->run()
#4 /home/wawan/Documents/CI4/masterSekolah/SISFO SEKOLAH/vendor/codeigniter4/framework/system/Commands/Server/rewrite.php(43): require_once('/home/wawan/Doc...')
#5 {main}
CRITICAL - 2022-08-24 14:31:48 --> Call to undefined method CodeIgniter\Database\MySQLi\Builder::getRow()
#0 /home/wawan/Documents/CI4/masterSekolah/SISFO SEKOLAH/vendor/codeigniter4/framework/system/CodeIgniter.php(832): App\Controllers\Home->daftarberita()
#1 /home/wawan/Documents/CI4/masterSekolah/SISFO SEKOLAH/vendor/codeigniter4/framework/system/CodeIgniter.php(419): CodeIgniter\CodeIgniter->runController()
#2 /home/wawan/Documents/CI4/masterSekolah/SISFO SEKOLAH/vendor/codeigniter4/framework/system/CodeIgniter.php(326): CodeIgniter\CodeIgniter->handleRequest()
#3 /home/wawan/Documents/CI4/masterSekolah/SISFO SEKOLAH/public/index.php(37): CodeIgniter\CodeIgniter->run()
#4 /home/wawan/Documents/CI4/masterSekolah/SISFO SEKOLAH/vendor/codeigniter4/framework/system/Commands/Server/rewrite.php(43): require_once('/home/wawan/Doc...')
#5 {main}
CRITICAL - 2022-08-24 14:34:41 --> whereIn() expects $values to be of type array or closure
#0 /home/wawan/Documents/CI4/masterSekolah/SISFO SEKOLAH/vendor/codeigniter4/framework/system/Database/BaseBuilder.php(731): CodeIgniter\Database\BaseBuilder->_whereIn()
#1 /home/wawan/Documents/CI4/masterSekolah/SISFO SEKOLAH/vendor/codeigniter4/framework/system/Model.php(728): CodeIgniter\Database\BaseBuilder->whereIn()
#2 /home/wawan/Documents/CI4/masterSekolah/SISFO SEKOLAH/app/Controllers/Home.php(83): CodeIgniter\Model->__call()
#3 /home/wawan/Documents/CI4/masterSekolah/SISFO SEKOLAH/vendor/codeigniter4/framework/system/CodeIgniter.php(832): App\Controllers\Home->daftarberita()
#4 /home/wawan/Documents/CI4/masterSekolah/SISFO SEKOLAH/vendor/codeigniter4/framework/system/CodeIgniter.php(419): CodeIgniter\CodeIgniter->runController()
#5 /home/wawan/Documents/CI4/masterSekolah/SISFO SEKOLAH/vendor/codeigniter4/framework/system/CodeIgniter.php(326): CodeIgniter\CodeIgniter->handleRequest()
#6 /home/wawan/Documents/CI4/masterSekolah/SISFO SEKOLAH/public/index.php(37): CodeIgniter\CodeIgniter->run()
#7 /home/wawan/Documents/CI4/masterSekolah/SISFO SEKOLAH/vendor/codeigniter4/framework/system/Commands/Server/rewrite.php(43): require_once('/home/wawan/Doc...')
#8 {main}
ERROR - 2022-08-24 14:35:35 --> Unknown column 'kategeri' in 'where clause'
CRITICAL - 2022-08-24 14:35:35 --> Unknown column 'kategeri' in 'where clause'
#0 /home/wawan/Documents/CI4/masterSekolah/SISFO SEKOLAH/vendor/codeigniter4/framework/system/Database/MySQLi/Connection.php(292): mysqli->query()
#1 /home/wawan/Documents/CI4/masterSekolah/SISFO SEKOLAH/vendor/codeigniter4/framework/system/Database/BaseConnection.php(670): CodeIgniter\Database\MySQLi\Connection->execute()
#2 /home/wawan/Documents/CI4/masterSekolah/SISFO SEKOLAH/vendor/codeigniter4/framework/system/Database/BaseConnection.php(598): CodeIgniter\Database\BaseConnection->simpleQuery()
#3 /home/wawan/Documents/CI4/masterSekolah/SISFO SEKOLAH/vendor/codeigniter4/framework/system/Database/BaseBuilder.php(1539): CodeIgniter\Database\BaseConnection->query()
#4 /home/wawan/Documents/CI4/masterSekolah/SISFO SEKOLAH/vendor/codeigniter4/framework/system/Model.php(509): CodeIgniter\Database\BaseBuilder->countAllResults()
#5 /home/wawan/Documents/CI4/masterSekolah/SISFO SEKOLAH/vendor/codeigniter4/framework/system/BaseModel.php(1084): CodeIgniter\Model->countAllResults()
#6 /home/wawan/Documents/CI4/masterSekolah/SISFO SEKOLAH/app/Controllers/Home.php(83): CodeIgniter\BaseModel->paginate()
#7 /home/wawan/Documents/CI4/masterSekolah/SISFO SEKOLAH/vendor/codeigniter4/framework/system/CodeIgniter.php(832): App\Controllers\Home->daftarberita()
#8 /home/wawan/Documents/CI4/masterSekolah/SISFO SEKOLAH/vendor/codeigniter4/framework/system/CodeIgniter.php(419): CodeIgniter\CodeIgniter->runController()
#9 /home/wawan/Documents/CI4/masterSekolah/SISFO SEKOLAH/vendor/codeigniter4/framework/system/CodeIgniter.php(326): CodeIgniter\CodeIgniter->handleRequest()
#10 /home/wawan/Documents/CI4/masterSekolah/SISFO SEKOLAH/public/index.php(37): CodeIgniter\CodeIgniter->run()
#11 /home/wawan/Documents/CI4/masterSekolah/SISFO SEKOLAH/vendor/codeigniter4/framework/system/Commands/Server/rewrite.php(43): require_once('/home/wawan/Doc...')
#12 {main}
ERROR - 2022-08-24 14:35:38 --> Unknown column 'kategeri' in 'where clause'
CRITICAL - 2022-08-24 14:35:38 --> Unknown column 'kategeri' in 'where clause'
#0 /home/wawan/Documents/CI4/masterSekolah/SISFO SEKOLAH/vendor/codeigniter4/framework/system/Database/MySQLi/Connection.php(292): mysqli->query()
#1 /home/wawan/Documents/CI4/masterSekolah/SISFO SEKOLAH/vendor/codeigniter4/framework/system/Database/BaseConnection.php(670): CodeIgniter\Database\MySQLi\Connection->execute()
#2 /home/wawan/Documents/CI4/masterSekolah/SISFO SEKOLAH/vendor/codeigniter4/framework/system/Database/BaseConnection.php(598): CodeIgniter\Database\BaseConnection->simpleQuery()
#3 /home/wawan/Documents/CI4/masterSekolah/SISFO SEKOLAH/vendor/codeigniter4/framework/system/Database/BaseBuilder.php(1539): CodeIgniter\Database\BaseConnection->query()
#4 /home/wawan/Documents/CI4/masterSekolah/SISFO SEKOLAH/vendor/codeigniter4/framework/system/Model.php(509): CodeIgniter\Database\BaseBuilder->countAllResults()
#5 /home/wawan/Documents/CI4/masterSekolah/SISFO SEKOLAH/vendor/codeigniter4/framework/system/BaseModel.php(1084): CodeIgniter\Model->countAllResults()
#6 /home/wawan/Documents/CI4/masterSekolah/SISFO SEKOLAH/app/Controllers/Home.php(83): CodeIgniter\BaseModel->paginate()
#7 /home/wawan/Documents/CI4/masterSekolah/SISFO SEKOLAH/vendor/codeigniter4/framework/system/CodeIgniter.php(832): App\Controllers\Home->daftarberita()
#8 /home/wawan/Documents/CI4/masterSekolah/SISFO SEKOLAH/vendor/codeigniter4/framework/system/CodeIgniter.php(419): CodeIgniter\CodeIgniter->runController()
#9 /home/wawan/Documents/CI4/masterSekolah/SISFO SEKOLAH/vendor/codeigniter4/framework/system/CodeIgniter.php(326): CodeIgniter\CodeIgniter->handleRequest()
#10 /home/wawan/Documents/CI4/masterSekolah/SISFO SEKOLAH/public/index.php(37): CodeIgniter\CodeIgniter->run()
#11 /home/wawan/Documents/CI4/masterSekolah/SISFO SEKOLAH/vendor/codeigniter4/framework/system/Commands/Server/rewrite.php(43): require_once('/home/wawan/Doc...')
#12 {main}
CRITICAL - 2022-08-24 14:55:38 --> Undefined variable: aktif
#0 /home/wawan/Documents/CI4/masterSekolah/SISFO SEKOLAH/app/Views/home/layout.php(86): CodeIgniter\Debug\Exceptions->errorHandler()
#1 /home/wawan/Documents/CI4/masterSekolah/SISFO SEKOLAH/vendor/codeigniter4/framework/system/View/View.php(210): include('/home/wawan/Doc...')
#2 /home/wawan/Documents/CI4/masterSekolah/SISFO SEKOLAH/vendor/codeigniter4/framework/system/View/View.php(213): CodeIgniter\View\View->CodeIgniter\View\{closure}()
#3 /home/wawan/Documents/CI4/masterSekolah/SISFO SEKOLAH/vendor/codeigniter4/framework/system/View/View.php(226): CodeIgniter\View\View->render()
#4 /home/wawan/Documents/CI4/masterSekolah/SISFO SEKOLAH/vendor/codeigniter4/framework/system/Common.php(1089): CodeIgniter\View\View->render()
#5 /home/wawan/Documents/CI4/masterSekolah/SISFO SEKOLAH/app/Controllers/Home.php(89): view()
#6 /home/wawan/Documents/CI4/masterSekolah/SISFO SEKOLAH/vendor/codeigniter4/framework/system/CodeIgniter.php(832): App\Controllers\Home->daftarberita()
#7 /home/wawan/Documents/CI4/masterSekolah/SISFO SEKOLAH/vendor/codeigniter4/framework/system/CodeIgniter.php(419): CodeIgniter\CodeIgniter->runController()
#8 /home/wawan/Documents/CI4/masterSekolah/SISFO SEKOLAH/vendor/codeigniter4/framework/system/CodeIgniter.php(326): CodeIgniter\CodeIgniter->handleRequest()
#9 /home/wawan/Documents/CI4/masterSekolah/SISFO SEKOLAH/public/index.php(37): CodeIgniter\CodeIgniter->run()
#10 /home/wawan/Documents/CI4/masterSekolah/SISFO SEKOLAH/vendor/codeigniter4/framework/system/Commands/Server/rewrite.php(43): require_once('/home/wawan/Doc...')
#11 {main}
CRITICAL - 2022-08-24 14:58:43 --> Undefined variable: aktif
#0 /home/wawan/Documents/CI4/masterSekolah/SISFO SEKOLAH/app/Views/home/layout.php(86): CodeIgniter\Debug\Exceptions->errorHandler()
#1 /home/wawan/Documents/CI4/masterSekolah/SISFO SEKOLAH/vendor/codeigniter4/framework/system/View/View.php(210): include('/home/wawan/Doc...')
#2 /home/wawan/Documents/CI4/masterSekolah/SISFO SEKOLAH/vendor/codeigniter4/framework/system/View/View.php(213): CodeIgniter\View\View->CodeIgniter\View\{closure}()
#3 /home/wawan/Documents/CI4/masterSekolah/SISFO SEKOLAH/vendor/codeigniter4/framework/system/View/View.php(226): CodeIgniter\View\View->render()
#4 /home/wawan/Documents/CI4/masterSekolah/SISFO SEKOLAH/vendor/codeigniter4/framework/system/Common.php(1089): CodeIgniter\View\View->render()
#5 /home/wawan/Documents/CI4/masterSekolah/SISFO SEKOLAH/app/Controllers/Home.php(57): view()
#6 /home/wawan/Documents/CI4/masterSekolah/SISFO SEKOLAH/vendor/codeigniter4/framework/system/CodeIgniter.php(832): App\Controllers\Home->index()
#7 /home/wawan/Documents/CI4/masterSekolah/SISFO SEKOLAH/vendor/codeigniter4/framework/system/CodeIgniter.php(419): CodeIgniter\CodeIgniter->runController()
#8 /home/wawan/Documents/CI4/masterSekolah/SISFO SEKOLAH/vendor/codeigniter4/framework/system/CodeIgniter.php(326): CodeIgniter\CodeIgniter->handleRequest()
#9 /home/wawan/Documents/CI4/masterSekolah/SISFO SEKOLAH/public/index.php(37): CodeIgniter\CodeIgniter->run()
#10 /home/wawan/Documents/CI4/masterSekolah/SISFO SEKOLAH/vendor/codeigniter4/framework/system/Commands/Server/rewrite.php(43): require_once('/home/wawan/Doc...')
#11 {main}
