CRITICAL - 2022-05-31 01:45:25 --> Undefined variable: det
#0 /home/wawan/Documents/CI4/masterSekolah/AuthCI Master /app/Views/adminWeb/dashboard.php(15): CodeIgniter\Debug\Exceptions->errorHandler()
#1 /home/wawan/Documents/CI4/masterSekolah/AuthCI Master /vendor/codeigniter4/framework/system/View/View.php(210): include('/home/wawan/Doc...')
#2 /home/wawan/Documents/CI4/masterSekolah/AuthCI Master /vendor/codeigniter4/framework/system/View/View.php(213): CodeIgniter\View\View->CodeIgniter\View\{closure}()
#3 /home/wawan/Documents/CI4/masterSekolah/AuthCI Master /vendor/codeigniter4/framework/system/Common.php(1089): CodeIgniter\View\View->render()
#4 /home/wawan/Documents/CI4/masterSekolah/AuthCI Master /app/Controllers/AdminWeb.php(21): view()
#5 /home/wawan/Documents/CI4/masterSekolah/AuthCI Master /vendor/codeigniter4/framework/system/CodeIgniter.php(832): App\Controllers\AdminWeb->index()
#6 /home/wawan/Documents/CI4/masterSekolah/AuthCI Master /vendor/codeigniter4/framework/system/CodeIgniter.php(419): CodeIgniter\CodeIgniter->runController()
#7 /home/wawan/Documents/CI4/masterSekolah/AuthCI Master /vendor/codeigniter4/framework/system/CodeIgniter.php(326): CodeIgniter\CodeIgniter->handleRequest()
#8 /home/wawan/Documents/CI4/masterSekolah/AuthCI Master /public/index.php(37): CodeIgniter\CodeIgniter->run()
#9 /home/wawan/Documents/CI4/masterSekolah/AuthCI Master /vendor/codeigniter4/framework/system/Commands/Server/rewrite.php(43): require_once('/home/wawan/Doc...')
#10 {main}
ERROR - 2022-05-31 02:25:05 --> Unknown column 'prioritas' in 'order clause'
CRITICAL - 2022-05-31 02:25:05 --> Unknown column 'prioritas' in 'order clause'
#0 /home/wawan/Documents/CI4/masterSekolah/AuthCI Master /vendor/codeigniter4/framework/system/Database/MySQLi/Connection.php(292): mysqli->query()
#1 /home/wawan/Documents/CI4/masterSekolah/AuthCI Master /vendor/codeigniter4/framework/system/Database/BaseConnection.php(670): CodeIgniter\Database\MySQLi\Connection->execute()
#2 /home/wawan/Documents/CI4/masterSekolah/AuthCI Master /vendor/codeigniter4/framework/system/Database/BaseConnection.php(598): CodeIgniter\Database\BaseConnection->simpleQuery()
#3 /home/wawan/Documents/CI4/masterSekolah/AuthCI Master /vendor/codeigniter4/framework/system/Database/BaseBuilder.php(1455): CodeIgniter\Database\BaseConnection->query()
#4 /home/wawan/Documents/CI4/masterSekolah/AuthCI Master /app/Controllers/Home.php(31): CodeIgniter\Database\BaseBuilder->get()
#5 /home/wawan/Documents/CI4/masterSekolah/AuthCI Master /vendor/codeigniter4/framework/system/CodeIgniter.php(832): App\Controllers\Home->index()
#6 /home/wawan/Documents/CI4/masterSekolah/AuthCI Master /vendor/codeigniter4/framework/system/CodeIgniter.php(419): CodeIgniter\CodeIgniter->runController()
#7 /home/wawan/Documents/CI4/masterSekolah/AuthCI Master /vendor/codeigniter4/framework/system/CodeIgniter.php(326): CodeIgniter\CodeIgniter->handleRequest()
#8 /home/wawan/Documents/CI4/masterSekolah/AuthCI Master /public/index.php(37): CodeIgniter\CodeIgniter->run()
#9 /home/wawan/Documents/CI4/masterSekolah/AuthCI Master /vendor/codeigniter4/framework/system/Commands/Server/rewrite.php(43): require_once('/home/wawan/Doc...')
#10 {main}
CRITICAL - 2022-05-31 03:07:24 --> syntax error, unexpected '$berita' (T_VARIABLE), expecting '('
#0 /home/wawan/Documents/CI4/masterSekolah/AuthCI Master /vendor/codeigniter4/framework/system/View/View.php(213): CodeIgniter\View\View->CodeIgniter\View\{closure}()
#1 /home/wawan/Documents/CI4/masterSekolah/AuthCI Master /vendor/codeigniter4/framework/system/Common.php(1089): CodeIgniter\View\View->render()
#2 /home/wawan/Documents/CI4/masterSekolah/AuthCI Master /app/Controllers/Home.php(49): view()
#3 /home/wawan/Documents/CI4/masterSekolah/AuthCI Master /vendor/codeigniter4/framework/system/CodeIgniter.php(832): App\Controllers\Home->index()
#4 /home/wawan/Documents/CI4/masterSekolah/AuthCI Master /vendor/codeigniter4/framework/system/CodeIgniter.php(419): CodeIgniter\CodeIgniter->runController()
#5 /home/wawan/Documents/CI4/masterSekolah/AuthCI Master /vendor/codeigniter4/framework/system/CodeIgniter.php(326): CodeIgniter\CodeIgniter->handleRequest()
#6 /home/wawan/Documents/CI4/masterSekolah/AuthCI Master /public/index.php(37): CodeIgniter\CodeIgniter->run()
#7 /home/wawan/Documents/CI4/masterSekolah/AuthCI Master /vendor/codeigniter4/framework/system/Commands/Server/rewrite.php(43): require_once('/home/wawan/Doc...')
#8 {main}
CRITICAL - 2022-05-31 03:07:31 --> syntax error, unexpected '$berita' (T_VARIABLE), expecting '('
#0 /home/wawan/Documents/CI4/masterSekolah/AuthCI Master /vendor/codeigniter4/framework/system/View/View.php(213): CodeIgniter\View\View->CodeIgniter\View\{closure}()
#1 /home/wawan/Documents/CI4/masterSekolah/AuthCI Master /vendor/codeigniter4/framework/system/Common.php(1089): CodeIgniter\View\View->render()
#2 /home/wawan/Documents/CI4/masterSekolah/AuthCI Master /app/Controllers/Home.php(49): view()
#3 /home/wawan/Documents/CI4/masterSekolah/AuthCI Master /vendor/codeigniter4/framework/system/CodeIgniter.php(832): App\Controllers\Home->index()
#4 /home/wawan/Documents/CI4/masterSekolah/AuthCI Master /vendor/codeigniter4/framework/system/CodeIgniter.php(419): CodeIgniter\CodeIgniter->runController()
#5 /home/wawan/Documents/CI4/masterSekolah/AuthCI Master /vendor/codeigniter4/framework/system/CodeIgniter.php(326): CodeIgniter\CodeIgniter->handleRequest()
#6 /home/wawan/Documents/CI4/masterSekolah/AuthCI Master /public/index.php(37): CodeIgniter\CodeIgniter->run()
#7 /home/wawan/Documents/CI4/masterSekolah/AuthCI Master /vendor/codeigniter4/framework/system/Commands/Server/rewrite.php(43): require_once('/home/wawan/Doc...')
#8 {main}
CRITICAL - 2022-05-31 03:07:32 --> syntax error, unexpected '$berita' (T_VARIABLE), expecting '('
#0 /home/wawan/Documents/CI4/masterSekolah/AuthCI Master /vendor/codeigniter4/framework/system/View/View.php(213): CodeIgniter\View\View->CodeIgniter\View\{closure}()
#1 /home/wawan/Documents/CI4/masterSekolah/AuthCI Master /vendor/codeigniter4/framework/system/Common.php(1089): CodeIgniter\View\View->render()
#2 /home/wawan/Documents/CI4/masterSekolah/AuthCI Master /app/Controllers/Home.php(49): view()
#3 /home/wawan/Documents/CI4/masterSekolah/AuthCI Master /vendor/codeigniter4/framework/system/CodeIgniter.php(832): App\Controllers\Home->index()
#4 /home/wawan/Documents/CI4/masterSekolah/AuthCI Master /vendor/codeigniter4/framework/system/CodeIgniter.php(419): CodeIgniter\CodeIgniter->runController()
#5 /home/wawan/Documents/CI4/masterSekolah/AuthCI Master /vendor/codeigniter4/framework/system/CodeIgniter.php(326): CodeIgniter\CodeIgniter->handleRequest()
#6 /home/wawan/Documents/CI4/masterSekolah/AuthCI Master /public/index.php(37): CodeIgniter\CodeIgniter->run()
#7 /home/wawan/Documents/CI4/masterSekolah/AuthCI Master /vendor/codeigniter4/framework/system/Commands/Server/rewrite.php(43): require_once('/home/wawan/Doc...')
#8 {main}
CRITICAL - 2022-05-31 03:07:32 --> syntax error, unexpected '$berita' (T_VARIABLE), expecting '('
#0 /home/wawan/Documents/CI4/masterSekolah/AuthCI Master /vendor/codeigniter4/framework/system/View/View.php(213): CodeIgniter\View\View->CodeIgniter\View\{closure}()
#1 /home/wawan/Documents/CI4/masterSekolah/AuthCI Master /vendor/codeigniter4/framework/system/Common.php(1089): CodeIgniter\View\View->render()
#2 /home/wawan/Documents/CI4/masterSekolah/AuthCI Master /app/Controllers/Home.php(49): view()
#3 /home/wawan/Documents/CI4/masterSekolah/AuthCI Master /vendor/codeigniter4/framework/system/CodeIgniter.php(832): App\Controllers\Home->index()
#4 /home/wawan/Documents/CI4/masterSekolah/AuthCI Master /vendor/codeigniter4/framework/system/CodeIgniter.php(419): CodeIgniter\CodeIgniter->runController()
#5 /home/wawan/Documents/CI4/masterSekolah/AuthCI Master /vendor/codeigniter4/framework/system/CodeIgniter.php(326): CodeIgniter\CodeIgniter->handleRequest()
#6 /home/wawan/Documents/CI4/masterSekolah/AuthCI Master /public/index.php(37): CodeIgniter\CodeIgniter->run()
#7 /home/wawan/Documents/CI4/masterSekolah/AuthCI Master /vendor/codeigniter4/framework/system/Commands/Server/rewrite.php(43): require_once('/home/wawan/Doc...')
#8 {main}
CRITICAL - 2022-05-31 03:07:32 --> syntax error, unexpected '$berita' (T_VARIABLE), expecting '('
#0 /home/wawan/Documents/CI4/masterSekolah/AuthCI Master /vendor/codeigniter4/framework/system/View/View.php(213): CodeIgniter\View\View->CodeIgniter\View\{closure}()
#1 /home/wawan/Documents/CI4/masterSekolah/AuthCI Master /vendor/codeigniter4/framework/system/Common.php(1089): CodeIgniter\View\View->render()
#2 /home/wawan/Documents/CI4/masterSekolah/AuthCI Master /app/Controllers/Home.php(49): view()
#3 /home/wawan/Documents/CI4/masterSekolah/AuthCI Master /vendor/codeigniter4/framework/system/CodeIgniter.php(832): App\Controllers\Home->index()
#4 /home/wawan/Documents/CI4/masterSekolah/AuthCI Master /vendor/codeigniter4/framework/system/CodeIgniter.php(419): CodeIgniter\CodeIgniter->runController()
#5 /home/wawan/Documents/CI4/masterSekolah/AuthCI Master /vendor/codeigniter4/framework/system/CodeIgniter.php(326): CodeIgniter\CodeIgniter->handleRequest()
#6 /home/wawan/Documents/CI4/masterSekolah/AuthCI Master /public/index.php(37): CodeIgniter\CodeIgniter->run()
#7 /home/wawan/Documents/CI4/masterSekolah/AuthCI Master /vendor/codeigniter4/framework/system/Commands/Server/rewrite.php(43): require_once('/home/wawan/Doc...')
#8 {main}
CRITICAL - 2022-05-31 03:07:32 --> syntax error, unexpected '$berita' (T_VARIABLE), expecting '('
#0 /home/wawan/Documents/CI4/masterSekolah/AuthCI Master /vendor/codeigniter4/framework/system/View/View.php(213): CodeIgniter\View\View->CodeIgniter\View\{closure}()
#1 /home/wawan/Documents/CI4/masterSekolah/AuthCI Master /vendor/codeigniter4/framework/system/Common.php(1089): CodeIgniter\View\View->render()
#2 /home/wawan/Documents/CI4/masterSekolah/AuthCI Master /app/Controllers/Home.php(49): view()
#3 /home/wawan/Documents/CI4/masterSekolah/AuthCI Master /vendor/codeigniter4/framework/system/CodeIgniter.php(832): App\Controllers\Home->index()
#4 /home/wawan/Documents/CI4/masterSekolah/AuthCI Master /vendor/codeigniter4/framework/system/CodeIgniter.php(419): CodeIgniter\CodeIgniter->runController()
#5 /home/wawan/Documents/CI4/masterSekolah/AuthCI Master /vendor/codeigniter4/framework/system/CodeIgniter.php(326): CodeIgniter\CodeIgniter->handleRequest()
#6 /home/wawan/Documents/CI4/masterSekolah/AuthCI Master /public/index.php(37): CodeIgniter\CodeIgniter->run()
#7 /home/wawan/Documents/CI4/masterSekolah/AuthCI Master /vendor/codeigniter4/framework/system/Commands/Server/rewrite.php(43): require_once('/home/wawan/Doc...')
#8 {main}
CRITICAL - 2022-05-31 03:23:15 --> syntax error, unexpected '$berita' (T_VARIABLE), expecting '('
#0 /home/wawan/Documents/CI4/masterSekolah/AuthCI Master /vendor/codeigniter4/framework/system/View/View.php(213): CodeIgniter\View\View->CodeIgniter\View\{closure}()
#1 /home/wawan/Documents/CI4/masterSekolah/AuthCI Master /vendor/codeigniter4/framework/system/Common.php(1089): CodeIgniter\View\View->render()
#2 /home/wawan/Documents/CI4/masterSekolah/AuthCI Master /app/Controllers/Home.php(49): view()
#3 /home/wawan/Documents/CI4/masterSekolah/AuthCI Master /vendor/codeigniter4/framework/system/CodeIgniter.php(832): App\Controllers\Home->index()
#4 /home/wawan/Documents/CI4/masterSekolah/AuthCI Master /vendor/codeigniter4/framework/system/CodeIgniter.php(419): CodeIgniter\CodeIgniter->runController()
#5 /home/wawan/Documents/CI4/masterSekolah/AuthCI Master /vendor/codeigniter4/framework/system/CodeIgniter.php(326): CodeIgniter\CodeIgniter->handleRequest()
#6 /home/wawan/Documents/CI4/masterSekolah/AuthCI Master /public/index.php(37): CodeIgniter\CodeIgniter->run()
#7 /home/wawan/Documents/CI4/masterSekolah/AuthCI Master /vendor/codeigniter4/framework/system/Commands/Server/rewrite.php(43): require_once('/home/wawan/Doc...')
#8 {main}
CRITICAL - 2022-05-31 03:23:16 --> syntax error, unexpected '$berita' (T_VARIABLE), expecting '('
#0 /home/wawan/Documents/CI4/masterSekolah/AuthCI Master /vendor/codeigniter4/framework/system/View/View.php(213): CodeIgniter\View\View->CodeIgniter\View\{closure}()
#1 /home/wawan/Documents/CI4/masterSekolah/AuthCI Master /vendor/codeigniter4/framework/system/Common.php(1089): CodeIgniter\View\View->render()
#2 /home/wawan/Documents/CI4/masterSekolah/AuthCI Master /app/Controllers/Home.php(49): view()
#3 /home/wawan/Documents/CI4/masterSekolah/AuthCI Master /vendor/codeigniter4/framework/system/CodeIgniter.php(832): App\Controllers\Home->index()
#4 /home/wawan/Documents/CI4/masterSekolah/AuthCI Master /vendor/codeigniter4/framework/system/CodeIgniter.php(419): CodeIgniter\CodeIgniter->runController()
#5 /home/wawan/Documents/CI4/masterSekolah/AuthCI Master /vendor/codeigniter4/framework/system/CodeIgniter.php(326): CodeIgniter\CodeIgniter->handleRequest()
#6 /home/wawan/Documents/CI4/masterSekolah/AuthCI Master /public/index.php(37): CodeIgniter\CodeIgniter->run()
#7 /home/wawan/Documents/CI4/masterSekolah/AuthCI Master /vendor/codeigniter4/framework/system/Commands/Server/rewrite.php(43): require_once('/home/wawan/Doc...')
#8 {main}
CRITICAL - 2022-05-31 03:23:16 --> syntax error, unexpected '$berita' (T_VARIABLE), expecting '('
#0 /home/wawan/Documents/CI4/masterSekolah/AuthCI Master /vendor/codeigniter4/framework/system/View/View.php(213): CodeIgniter\View\View->CodeIgniter\View\{closure}()
#1 /home/wawan/Documents/CI4/masterSekolah/AuthCI Master /vendor/codeigniter4/framework/system/Common.php(1089): CodeIgniter\View\View->render()
#2 /home/wawan/Documents/CI4/masterSekolah/AuthCI Master /app/Controllers/Home.php(49): view()
#3 /home/wawan/Documents/CI4/masterSekolah/AuthCI Master /vendor/codeigniter4/framework/system/CodeIgniter.php(832): App\Controllers\Home->index()
#4 /home/wawan/Documents/CI4/masterSekolah/AuthCI Master /vendor/codeigniter4/framework/system/CodeIgniter.php(419): CodeIgniter\CodeIgniter->runController()
#5 /home/wawan/Documents/CI4/masterSekolah/AuthCI Master /vendor/codeigniter4/framework/system/CodeIgniter.php(326): CodeIgniter\CodeIgniter->handleRequest()
#6 /home/wawan/Documents/CI4/masterSekolah/AuthCI Master /public/index.php(37): CodeIgniter\CodeIgniter->run()
#7 /home/wawan/Documents/CI4/masterSekolah/AuthCI Master /vendor/codeigniter4/framework/system/Commands/Server/rewrite.php(43): require_once('/home/wawan/Doc...')
#8 {main}
CRITICAL - 2022-05-31 03:23:16 --> syntax error, unexpected '$berita' (T_VARIABLE), expecting '('
#0 /home/wawan/Documents/CI4/masterSekolah/AuthCI Master /vendor/codeigniter4/framework/system/View/View.php(213): CodeIgniter\View\View->CodeIgniter\View\{closure}()
#1 /home/wawan/Documents/CI4/masterSekolah/AuthCI Master /vendor/codeigniter4/framework/system/Common.php(1089): CodeIgniter\View\View->render()
#2 /home/wawan/Documents/CI4/masterSekolah/AuthCI Master /app/Controllers/Home.php(49): view()
#3 /home/wawan/Documents/CI4/masterSekolah/AuthCI Master /vendor/codeigniter4/framework/system/CodeIgniter.php(832): App\Controllers\Home->index()
#4 /home/wawan/Documents/CI4/masterSekolah/AuthCI Master /vendor/codeigniter4/framework/system/CodeIgniter.php(419): CodeIgniter\CodeIgniter->runController()
#5 /home/wawan/Documents/CI4/masterSekolah/AuthCI Master /vendor/codeigniter4/framework/system/CodeIgniter.php(326): CodeIgniter\CodeIgniter->handleRequest()
#6 /home/wawan/Documents/CI4/masterSekolah/AuthCI Master /public/index.php(37): CodeIgniter\CodeIgniter->run()
#7 /home/wawan/Documents/CI4/masterSekolah/AuthCI Master /vendor/codeigniter4/framework/system/Commands/Server/rewrite.php(43): require_once('/home/wawan/Doc...')
#8 {main}
CRITICAL - 2022-05-31 03:23:47 --> syntax error, unexpected '$berita' (T_VARIABLE), expecting '('
#0 /home/wawan/Documents/CI4/masterSekolah/AuthCI Master /vendor/codeigniter4/framework/system/View/View.php(213): CodeIgniter\View\View->CodeIgniter\View\{closure}()
#1 /home/wawan/Documents/CI4/masterSekolah/AuthCI Master /vendor/codeigniter4/framework/system/Common.php(1089): CodeIgniter\View\View->render()
#2 /home/wawan/Documents/CI4/masterSekolah/AuthCI Master /app/Controllers/Home.php(49): view()
#3 /home/wawan/Documents/CI4/masterSekolah/AuthCI Master /vendor/codeigniter4/framework/system/CodeIgniter.php(832): App\Controllers\Home->index()
#4 /home/wawan/Documents/CI4/masterSekolah/AuthCI Master /vendor/codeigniter4/framework/system/CodeIgniter.php(419): CodeIgniter\CodeIgniter->runController()
#5 /home/wawan/Documents/CI4/masterSekolah/AuthCI Master /vendor/codeigniter4/framework/system/CodeIgniter.php(326): CodeIgniter\CodeIgniter->handleRequest()
#6 /home/wawan/Documents/CI4/masterSekolah/AuthCI Master /public/index.php(37): CodeIgniter\CodeIgniter->run()
#7 /home/wawan/Documents/CI4/masterSekolah/AuthCI Master /vendor/codeigniter4/framework/system/Commands/Server/rewrite.php(43): require_once('/home/wawan/Doc...')
#8 {main}
CRITICAL - 2022-05-31 04:44:27 --> syntax error, unexpected end of file
#0 /home/wawan/Documents/CI4/masterSekolah/AuthCI Master /vendor/codeigniter4/framework/system/View/View.php(213): CodeIgniter\View\View->CodeIgniter\View\{closure}()
#1 /home/wawan/Documents/CI4/masterSekolah/AuthCI Master /vendor/codeigniter4/framework/system/Common.php(1089): CodeIgniter\View\View->render()
#2 /home/wawan/Documents/CI4/masterSekolah/AuthCI Master /app/Controllers/Home.php(49): view()
#3 /home/wawan/Documents/CI4/masterSekolah/AuthCI Master /vendor/codeigniter4/framework/system/CodeIgniter.php(832): App\Controllers\Home->index()
#4 /home/wawan/Documents/CI4/masterSekolah/AuthCI Master /vendor/codeigniter4/framework/system/CodeIgniter.php(419): CodeIgniter\CodeIgniter->runController()
#5 /home/wawan/Documents/CI4/masterSekolah/AuthCI Master /vendor/codeigniter4/framework/system/CodeIgniter.php(326): CodeIgniter\CodeIgniter->handleRequest()
#6 /home/wawan/Documents/CI4/masterSekolah/AuthCI Master /public/index.php(37): CodeIgniter\CodeIgniter->run()
#7 /home/wawan/Documents/CI4/masterSekolah/AuthCI Master /vendor/codeigniter4/framework/system/Commands/Server/rewrite.php(43): require_once('/home/wawan/Doc...')
#8 {main}
CRITICAL - 2022-05-31 04:44:49 --> Undefined property: stdClass::$gambar
#0 /home/wawan/Documents/CI4/masterSekolah/AuthCI Master /app/Views/home/halaman_utama.php(40): CodeIgniter\Debug\Exceptions->errorHandler()
#1 /home/wawan/Documents/CI4/masterSekolah/AuthCI Master /vendor/codeigniter4/framework/system/View/View.php(210): include('/home/wawan/Doc...')
#2 /home/wawan/Documents/CI4/masterSekolah/AuthCI Master /vendor/codeigniter4/framework/system/View/View.php(213): CodeIgniter\View\View->CodeIgniter\View\{closure}()
#3 /home/wawan/Documents/CI4/masterSekolah/AuthCI Master /vendor/codeigniter4/framework/system/Common.php(1089): CodeIgniter\View\View->render()
#4 /home/wawan/Documents/CI4/masterSekolah/AuthCI Master /app/Controllers/Home.php(49): view()
#5 /home/wawan/Documents/CI4/masterSekolah/AuthCI Master /vendor/codeigniter4/framework/system/CodeIgniter.php(832): App\Controllers\Home->index()
#6 /home/wawan/Documents/CI4/masterSekolah/AuthCI Master /vendor/codeigniter4/framework/system/CodeIgniter.php(419): CodeIgniter\CodeIgniter->runController()
#7 /home/wawan/Documents/CI4/masterSekolah/AuthCI Master /vendor/codeigniter4/framework/system/CodeIgniter.php(326): CodeIgniter\CodeIgniter->handleRequest()
#8 /home/wawan/Documents/CI4/masterSekolah/AuthCI Master /public/index.php(37): CodeIgniter\CodeIgniter->run()
#9 /home/wawan/Documents/CI4/masterSekolah/AuthCI Master /vendor/codeigniter4/framework/system/Commands/Server/rewrite.php(43): require_once('/home/wawan/Doc...')
#10 {main}
