CRITICAL - 2022-08-02 04:14:12 --> Call to undefined method CodeIgniter\Database\MySQLi\Connection::_error_message()
#0 /home/wawan/Documents/CI4/masterSekolah/SISFO SEKOLAH/vendor/codeigniter4/framework/system/CodeIgniter.php(832): App\Controllers\Keuangan->prosestambahperiodespp()
#1 /home/wawan/Documents/CI4/masterSekolah/SISFO SEKOLAH/vendor/codeigniter4/framework/system/CodeIgniter.php(419): CodeIgniter\CodeIgniter->runController()
#2 /home/wawan/Documents/CI4/masterSekolah/SISFO SEKOLAH/vendor/codeigniter4/framework/system/CodeIgniter.php(326): CodeIgniter\CodeIgniter->handleRequest()
#3 /home/wawan/Documents/CI4/masterSekolah/SISFO SEKOLAH/public/index.php(37): CodeIgniter\CodeIgniter->run()
#4 /home/wawan/Documents/CI4/masterSekolah/SISFO SEKOLAH/vendor/codeigniter4/framework/system/Commands/Server/rewrite.php(43): require_once('/home/wawan/Doc...')
#5 {main}
CRITICAL - 2022-08-02 04:31:58 --> syntax error, unexpected end of file
#0 /home/wawan/Documents/CI4/masterSekolah/SISFO SEKOLAH/vendor/codeigniter4/framework/system/View/View.php(213): CodeIgniter\View\View->CodeIgniter\View\{closure}()
#1 /home/wawan/Documents/CI4/masterSekolah/SISFO SEKOLAH/vendor/codeigniter4/framework/system/Common.php(1089): CodeIgniter\View\View->render()
#2 /home/wawan/Documents/CI4/masterSekolah/SISFO SEKOLAH/app/Controllers/Keuangan.php(32): view()
#3 /home/wawan/Documents/CI4/masterSekolah/SISFO SEKOLAH/vendor/codeigniter4/framework/system/CodeIgniter.php(832): App\Controllers\Keuangan->periodespp()
#4 /home/wawan/Documents/CI4/masterSekolah/SISFO SEKOLAH/vendor/codeigniter4/framework/system/CodeIgniter.php(419): CodeIgniter\CodeIgniter->runController()
#5 /home/wawan/Documents/CI4/masterSekolah/SISFO SEKOLAH/vendor/codeigniter4/framework/system/CodeIgniter.php(326): CodeIgniter\CodeIgniter->handleRequest()
#6 /home/wawan/Documents/CI4/masterSekolah/SISFO SEKOLAH/public/index.php(37): CodeIgniter\CodeIgniter->run()
#7 /home/wawan/Documents/CI4/masterSekolah/SISFO SEKOLAH/vendor/codeigniter4/framework/system/Commands/Server/rewrite.php(43): require_once('/home/wawan/Doc...')
#8 {main}
CRITICAL - 2022-08-02 04:32:25 --> Undefined variable: namaPeriode
#0 /home/wawan/Documents/CI4/masterSekolah/SISFO SEKOLAH/app/Views/keuangan/konfig_spp/spp.php(99): CodeIgniter\Debug\Exceptions->errorHandler()
#1 /home/wawan/Documents/CI4/masterSekolah/SISFO SEKOLAH/vendor/codeigniter4/framework/system/View/View.php(210): include('/home/wawan/Doc...')
#2 /home/wawan/Documents/CI4/masterSekolah/SISFO SEKOLAH/vendor/codeigniter4/framework/system/View/View.php(213): CodeIgniter\View\View->CodeIgniter\View\{closure}()
#3 /home/wawan/Documents/CI4/masterSekolah/SISFO SEKOLAH/vendor/codeigniter4/framework/system/Common.php(1089): CodeIgniter\View\View->render()
#4 /home/wawan/Documents/CI4/masterSekolah/SISFO SEKOLAH/app/Controllers/Keuangan.php(32): view()
#5 /home/wawan/Documents/CI4/masterSekolah/SISFO SEKOLAH/vendor/codeigniter4/framework/system/CodeIgniter.php(832): App\Controllers\Keuangan->periodespp()
#6 /home/wawan/Documents/CI4/masterSekolah/SISFO SEKOLAH/vendor/codeigniter4/framework/system/CodeIgniter.php(419): CodeIgniter\CodeIgniter->runController()
#7 /home/wawan/Documents/CI4/masterSekolah/SISFO SEKOLAH/vendor/codeigniter4/framework/system/CodeIgniter.php(326): CodeIgniter\CodeIgniter->handleRequest()
#8 /home/wawan/Documents/CI4/masterSekolah/SISFO SEKOLAH/public/index.php(37): CodeIgniter\CodeIgniter->run()
#9 /home/wawan/Documents/CI4/masterSekolah/SISFO SEKOLAH/vendor/codeigniter4/framework/system/Commands/Server/rewrite.php(43): require_once('/home/wawan/Doc...')
#10 {main}
CRITICAL - 2022-08-02 04:37:26 --> Call to undefined function rp()
#0 /home/wawan/Documents/CI4/masterSekolah/SISFO SEKOLAH/vendor/codeigniter4/framework/system/View/View.php(210): include()
#1 /home/wawan/Documents/CI4/masterSekolah/SISFO SEKOLAH/vendor/codeigniter4/framework/system/View/View.php(213): CodeIgniter\View\View->CodeIgniter\View\{closure}()
#2 /home/wawan/Documents/CI4/masterSekolah/SISFO SEKOLAH/vendor/codeigniter4/framework/system/Common.php(1089): CodeIgniter\View\View->render()
#3 /home/wawan/Documents/CI4/masterSekolah/SISFO SEKOLAH/app/Controllers/Keuangan.php(33): view()
#4 /home/wawan/Documents/CI4/masterSekolah/SISFO SEKOLAH/vendor/codeigniter4/framework/system/CodeIgniter.php(832): App\Controllers\Keuangan->periodespp()
#5 /home/wawan/Documents/CI4/masterSekolah/SISFO SEKOLAH/vendor/codeigniter4/framework/system/CodeIgniter.php(419): CodeIgniter\CodeIgniter->runController()
#6 /home/wawan/Documents/CI4/masterSekolah/SISFO SEKOLAH/vendor/codeigniter4/framework/system/CodeIgniter.php(326): CodeIgniter\CodeIgniter->handleRequest()
#7 /home/wawan/Documents/CI4/masterSekolah/SISFO SEKOLAH/public/index.php(37): CodeIgniter\CodeIgniter->run()
#8 /home/wawan/Documents/CI4/masterSekolah/SISFO SEKOLAH/vendor/codeigniter4/framework/system/Commands/Server/rewrite.php(43): require_once('/home/wawan/Doc...')
#9 {main}
CRITICAL - 2022-08-02 04:38:07 --> Call to undefined function rp()
#0 /home/wawan/Documents/CI4/masterSekolah/SISFO SEKOLAH/vendor/codeigniter4/framework/system/View/View.php(210): include()
#1 /home/wawan/Documents/CI4/masterSekolah/SISFO SEKOLAH/vendor/codeigniter4/framework/system/View/View.php(213): CodeIgniter\View\View->CodeIgniter\View\{closure}()
#2 /home/wawan/Documents/CI4/masterSekolah/SISFO SEKOLAH/vendor/codeigniter4/framework/system/Common.php(1089): CodeIgniter\View\View->render()
#3 /home/wawan/Documents/CI4/masterSekolah/SISFO SEKOLAH/app/Controllers/Keuangan.php(33): view()
#4 /home/wawan/Documents/CI4/masterSekolah/SISFO SEKOLAH/vendor/codeigniter4/framework/system/CodeIgniter.php(832): App\Controllers\Keuangan->periodespp()
#5 /home/wawan/Documents/CI4/masterSekolah/SISFO SEKOLAH/vendor/codeigniter4/framework/system/CodeIgniter.php(419): CodeIgniter\CodeIgniter->runController()
#6 /home/wawan/Documents/CI4/masterSekolah/SISFO SEKOLAH/vendor/codeigniter4/framework/system/CodeIgniter.php(326): CodeIgniter\CodeIgniter->handleRequest()
#7 /home/wawan/Documents/CI4/masterSekolah/SISFO SEKOLAH/public/index.php(37): CodeIgniter\CodeIgniter->run()
#8 /home/wawan/Documents/CI4/masterSekolah/SISFO SEKOLAH/vendor/codeigniter4/framework/system/Commands/Server/rewrite.php(43): require_once('/home/wawan/Doc...')
#9 {main}
CRITICAL - 2022-08-02 04:38:07 --> Call to undefined function rp()
#0 /home/wawan/Documents/CI4/masterSekolah/SISFO SEKOLAH/vendor/codeigniter4/framework/system/View/View.php(210): include()
#1 /home/wawan/Documents/CI4/masterSekolah/SISFO SEKOLAH/vendor/codeigniter4/framework/system/View/View.php(213): CodeIgniter\View\View->CodeIgniter\View\{closure}()
#2 /home/wawan/Documents/CI4/masterSekolah/SISFO SEKOLAH/vendor/codeigniter4/framework/system/Common.php(1089): CodeIgniter\View\View->render()
#3 /home/wawan/Documents/CI4/masterSekolah/SISFO SEKOLAH/app/Controllers/Keuangan.php(33): view()
#4 /home/wawan/Documents/CI4/masterSekolah/SISFO SEKOLAH/vendor/codeigniter4/framework/system/CodeIgniter.php(832): App\Controllers\Keuangan->periodespp()
#5 /home/wawan/Documents/CI4/masterSekolah/SISFO SEKOLAH/vendor/codeigniter4/framework/system/CodeIgniter.php(419): CodeIgniter\CodeIgniter->runController()
#6 /home/wawan/Documents/CI4/masterSekolah/SISFO SEKOLAH/vendor/codeigniter4/framework/system/CodeIgniter.php(326): CodeIgniter\CodeIgniter->handleRequest()
#7 /home/wawan/Documents/CI4/masterSekolah/SISFO SEKOLAH/public/index.php(37): CodeIgniter\CodeIgniter->run()
#8 /home/wawan/Documents/CI4/masterSekolah/SISFO SEKOLAH/vendor/codeigniter4/framework/system/Commands/Server/rewrite.php(43): require_once('/home/wawan/Doc...')
#9 {main}
CRITICAL - 2022-08-02 04:38:08 --> Call to undefined function rp()
#0 /home/wawan/Documents/CI4/masterSekolah/SISFO SEKOLAH/vendor/codeigniter4/framework/system/View/View.php(210): include()
#1 /home/wawan/Documents/CI4/masterSekolah/SISFO SEKOLAH/vendor/codeigniter4/framework/system/View/View.php(213): CodeIgniter\View\View->CodeIgniter\View\{closure}()
#2 /home/wawan/Documents/CI4/masterSekolah/SISFO SEKOLAH/vendor/codeigniter4/framework/system/Common.php(1089): CodeIgniter\View\View->render()
#3 /home/wawan/Documents/CI4/masterSekolah/SISFO SEKOLAH/app/Controllers/Keuangan.php(33): view()
#4 /home/wawan/Documents/CI4/masterSekolah/SISFO SEKOLAH/vendor/codeigniter4/framework/system/CodeIgniter.php(832): App\Controllers\Keuangan->periodespp()
#5 /home/wawan/Documents/CI4/masterSekolah/SISFO SEKOLAH/vendor/codeigniter4/framework/system/CodeIgniter.php(419): CodeIgniter\CodeIgniter->runController()
#6 /home/wawan/Documents/CI4/masterSekolah/SISFO SEKOLAH/vendor/codeigniter4/framework/system/CodeIgniter.php(326): CodeIgniter\CodeIgniter->handleRequest()
#7 /home/wawan/Documents/CI4/masterSekolah/SISFO SEKOLAH/public/index.php(37): CodeIgniter\CodeIgniter->run()
#8 /home/wawan/Documents/CI4/masterSekolah/SISFO SEKOLAH/vendor/codeigniter4/framework/system/Commands/Server/rewrite.php(43): require_once('/home/wawan/Doc...')
#9 {main}
CRITICAL - 2022-08-02 04:39:28 --> Call to undefined function rp()
#0 /home/wawan/Documents/CI4/masterSekolah/SISFO SEKOLAH/vendor/codeigniter4/framework/system/View/View.php(210): include()
#1 /home/wawan/Documents/CI4/masterSekolah/SISFO SEKOLAH/vendor/codeigniter4/framework/system/View/View.php(213): CodeIgniter\View\View->CodeIgniter\View\{closure}()
#2 /home/wawan/Documents/CI4/masterSekolah/SISFO SEKOLAH/vendor/codeigniter4/framework/system/Common.php(1089): CodeIgniter\View\View->render()
#3 /home/wawan/Documents/CI4/masterSekolah/SISFO SEKOLAH/app/Controllers/Keuangan.php(33): view()
#4 /home/wawan/Documents/CI4/masterSekolah/SISFO SEKOLAH/vendor/codeigniter4/framework/system/CodeIgniter.php(832): App\Controllers\Keuangan->periodespp()
#5 /home/wawan/Documents/CI4/masterSekolah/SISFO SEKOLAH/vendor/codeigniter4/framework/system/CodeIgniter.php(419): CodeIgniter\CodeIgniter->runController()
#6 /home/wawan/Documents/CI4/masterSekolah/SISFO SEKOLAH/vendor/codeigniter4/framework/system/CodeIgniter.php(326): CodeIgniter\CodeIgniter->handleRequest()
#7 /home/wawan/Documents/CI4/masterSekolah/SISFO SEKOLAH/public/index.php(37): CodeIgniter\CodeIgniter->run()
#8 /home/wawan/Documents/CI4/masterSekolah/SISFO SEKOLAH/vendor/codeigniter4/framework/system/Commands/Server/rewrite.php(43): require_once('/home/wawan/Doc...')
#9 {main}
CRITICAL - 2022-08-02 04:39:28 --> Call to undefined function rp()
#0 /home/wawan/Documents/CI4/masterSekolah/SISFO SEKOLAH/vendor/codeigniter4/framework/system/View/View.php(210): include()
#1 /home/wawan/Documents/CI4/masterSekolah/SISFO SEKOLAH/vendor/codeigniter4/framework/system/View/View.php(213): CodeIgniter\View\View->CodeIgniter\View\{closure}()
#2 /home/wawan/Documents/CI4/masterSekolah/SISFO SEKOLAH/vendor/codeigniter4/framework/system/Common.php(1089): CodeIgniter\View\View->render()
#3 /home/wawan/Documents/CI4/masterSekolah/SISFO SEKOLAH/app/Controllers/Keuangan.php(33): view()
#4 /home/wawan/Documents/CI4/masterSekolah/SISFO SEKOLAH/vendor/codeigniter4/framework/system/CodeIgniter.php(832): App\Controllers\Keuangan->periodespp()
#5 /home/wawan/Documents/CI4/masterSekolah/SISFO SEKOLAH/vendor/codeigniter4/framework/system/CodeIgniter.php(419): CodeIgniter\CodeIgniter->runController()
#6 /home/wawan/Documents/CI4/masterSekolah/SISFO SEKOLAH/vendor/codeigniter4/framework/system/CodeIgniter.php(326): CodeIgniter\CodeIgniter->handleRequest()
#7 /home/wawan/Documents/CI4/masterSekolah/SISFO SEKOLAH/public/index.php(37): CodeIgniter\CodeIgniter->run()
#8 /home/wawan/Documents/CI4/masterSekolah/SISFO SEKOLAH/vendor/codeigniter4/framework/system/Commands/Server/rewrite.php(43): require_once('/home/wawan/Doc...')
#9 {main}
CRITICAL - 2022-08-02 04:39:28 --> Call to undefined function rp()
#0 /home/wawan/Documents/CI4/masterSekolah/SISFO SEKOLAH/vendor/codeigniter4/framework/system/View/View.php(210): include()
#1 /home/wawan/Documents/CI4/masterSekolah/SISFO SEKOLAH/vendor/codeigniter4/framework/system/View/View.php(213): CodeIgniter\View\View->CodeIgniter\View\{closure}()
#2 /home/wawan/Documents/CI4/masterSekolah/SISFO SEKOLAH/vendor/codeigniter4/framework/system/Common.php(1089): CodeIgniter\View\View->render()
#3 /home/wawan/Documents/CI4/masterSekolah/SISFO SEKOLAH/app/Controllers/Keuangan.php(33): view()
#4 /home/wawan/Documents/CI4/masterSekolah/SISFO SEKOLAH/vendor/codeigniter4/framework/system/CodeIgniter.php(832): App\Controllers\Keuangan->periodespp()
#5 /home/wawan/Documents/CI4/masterSekolah/SISFO SEKOLAH/vendor/codeigniter4/framework/system/CodeIgniter.php(419): CodeIgniter\CodeIgniter->runController()
#6 /home/wawan/Documents/CI4/masterSekolah/SISFO SEKOLAH/vendor/codeigniter4/framework/system/CodeIgniter.php(326): CodeIgniter\CodeIgniter->handleRequest()
#7 /home/wawan/Documents/CI4/masterSekolah/SISFO SEKOLAH/public/index.php(37): CodeIgniter\CodeIgniter->run()
#8 /home/wawan/Documents/CI4/masterSekolah/SISFO SEKOLAH/vendor/codeigniter4/framework/system/Commands/Server/rewrite.php(43): require_once('/home/wawan/Doc...')
#9 {main}
CRITICAL - 2022-08-02 04:39:29 --> Call to undefined function rp()
#0 /home/wawan/Documents/CI4/masterSekolah/SISFO SEKOLAH/vendor/codeigniter4/framework/system/View/View.php(210): include()
#1 /home/wawan/Documents/CI4/masterSekolah/SISFO SEKOLAH/vendor/codeigniter4/framework/system/View/View.php(213): CodeIgniter\View\View->CodeIgniter\View\{closure}()
#2 /home/wawan/Documents/CI4/masterSekolah/SISFO SEKOLAH/vendor/codeigniter4/framework/system/Common.php(1089): CodeIgniter\View\View->render()
#3 /home/wawan/Documents/CI4/masterSekolah/SISFO SEKOLAH/app/Controllers/Keuangan.php(33): view()
#4 /home/wawan/Documents/CI4/masterSekolah/SISFO SEKOLAH/vendor/codeigniter4/framework/system/CodeIgniter.php(832): App\Controllers\Keuangan->periodespp()
#5 /home/wawan/Documents/CI4/masterSekolah/SISFO SEKOLAH/vendor/codeigniter4/framework/system/CodeIgniter.php(419): CodeIgniter\CodeIgniter->runController()
#6 /home/wawan/Documents/CI4/masterSekolah/SISFO SEKOLAH/vendor/codeigniter4/framework/system/CodeIgniter.php(326): CodeIgniter\CodeIgniter->handleRequest()
#7 /home/wawan/Documents/CI4/masterSekolah/SISFO SEKOLAH/public/index.php(37): CodeIgniter\CodeIgniter->run()
#8 /home/wawan/Documents/CI4/masterSekolah/SISFO SEKOLAH/vendor/codeigniter4/framework/system/Commands/Server/rewrite.php(43): require_once('/home/wawan/Doc...')
#9 {main}
CRITICAL - 2022-08-02 04:39:29 --> Call to undefined function rp()
#0 /home/wawan/Documents/CI4/masterSekolah/SISFO SEKOLAH/vendor/codeigniter4/framework/system/View/View.php(210): include()
#1 /home/wawan/Documents/CI4/masterSekolah/SISFO SEKOLAH/vendor/codeigniter4/framework/system/View/View.php(213): CodeIgniter\View\View->CodeIgniter\View\{closure}()
#2 /home/wawan/Documents/CI4/masterSekolah/SISFO SEKOLAH/vendor/codeigniter4/framework/system/Common.php(1089): CodeIgniter\View\View->render()
#3 /home/wawan/Documents/CI4/masterSekolah/SISFO SEKOLAH/app/Controllers/Keuangan.php(33): view()
#4 /home/wawan/Documents/CI4/masterSekolah/SISFO SEKOLAH/vendor/codeigniter4/framework/system/CodeIgniter.php(832): App\Controllers\Keuangan->periodespp()
#5 /home/wawan/Documents/CI4/masterSekolah/SISFO SEKOLAH/vendor/codeigniter4/framework/system/CodeIgniter.php(419): CodeIgniter\CodeIgniter->runController()
#6 /home/wawan/Documents/CI4/masterSekolah/SISFO SEKOLAH/vendor/codeigniter4/framework/system/CodeIgniter.php(326): CodeIgniter\CodeIgniter->handleRequest()
#7 /home/wawan/Documents/CI4/masterSekolah/SISFO SEKOLAH/public/index.php(37): CodeIgniter\CodeIgniter->run()
#8 /home/wawan/Documents/CI4/masterSekolah/SISFO SEKOLAH/vendor/codeigniter4/framework/system/Commands/Server/rewrite.php(43): require_once('/home/wawan/Doc...')
#9 {main}
CRITICAL - 2022-08-02 04:39:29 --> Call to undefined function rp()
#0 /home/wawan/Documents/CI4/masterSekolah/SISFO SEKOLAH/vendor/codeigniter4/framework/system/View/View.php(210): include()
#1 /home/wawan/Documents/CI4/masterSekolah/SISFO SEKOLAH/vendor/codeigniter4/framework/system/View/View.php(213): CodeIgniter\View\View->CodeIgniter\View\{closure}()
#2 /home/wawan/Documents/CI4/masterSekolah/SISFO SEKOLAH/vendor/codeigniter4/framework/system/Common.php(1089): CodeIgniter\View\View->render()
#3 /home/wawan/Documents/CI4/masterSekolah/SISFO SEKOLAH/app/Controllers/Keuangan.php(33): view()
#4 /home/wawan/Documents/CI4/masterSekolah/SISFO SEKOLAH/vendor/codeigniter4/framework/system/CodeIgniter.php(832): App\Controllers\Keuangan->periodespp()
#5 /home/wawan/Documents/CI4/masterSekolah/SISFO SEKOLAH/vendor/codeigniter4/framework/system/CodeIgniter.php(419): CodeIgniter\CodeIgniter->runController()
#6 /home/wawan/Documents/CI4/masterSekolah/SISFO SEKOLAH/vendor/codeigniter4/framework/system/CodeIgniter.php(326): CodeIgniter\CodeIgniter->handleRequest()
#7 /home/wawan/Documents/CI4/masterSekolah/SISFO SEKOLAH/public/index.php(37): CodeIgniter\CodeIgniter->run()
#8 /home/wawan/Documents/CI4/masterSekolah/SISFO SEKOLAH/vendor/codeigniter4/framework/system/Commands/Server/rewrite.php(43): require_once('/home/wawan/Doc...')
#9 {main}
