CRITICAL - 2022-05-27 09:47:02 --> Undefined variable: data
#0 /home/wawan/Documents/CI4/masterSekolah/AuthCI Master /app/Controllers/AdminWeb.php(152): CodeIgniter\Debug\Exceptions->errorHandler()
#1 /home/wawan/Documents/CI4/masterSekolah/AuthCI Master /vendor/codeigniter4/framework/system/CodeIgniter.php(832): App\Controllers\AdminWeb->detailberita()
#2 /home/wawan/Documents/CI4/masterSekolah/AuthCI Master /vendor/codeigniter4/framework/system/CodeIgniter.php(419): CodeIgniter\CodeIgniter->runController()
#3 /home/wawan/Documents/CI4/masterSekolah/AuthCI Master /vendor/codeigniter4/framework/system/CodeIgniter.php(326): CodeIgniter\CodeIgniter->handleRequest()
#4 /home/wawan/Documents/CI4/masterSekolah/AuthCI Master /public/index.php(37): CodeIgniter\CodeIgniter->run()
#5 /home/wawan/Documents/CI4/masterSekolah/AuthCI Master /vendor/codeigniter4/framework/system/Commands/Server/rewrite.php(43): require_once('/home/wawan/Doc...')
#6 {main}
CRITICAL - 2022-05-27 09:47:15 --> Undefined variable: data
#0 /home/wawan/Documents/CI4/masterSekolah/AuthCI Master /app/Controllers/AdminWeb.php(150): CodeIgniter\Debug\Exceptions->errorHandler()
#1 /home/wawan/Documents/CI4/masterSekolah/AuthCI Master /vendor/codeigniter4/framework/system/CodeIgniter.php(832): App\Controllers\AdminWeb->detailberita()
#2 /home/wawan/Documents/CI4/masterSekolah/AuthCI Master /vendor/codeigniter4/framework/system/CodeIgniter.php(419): CodeIgniter\CodeIgniter->runController()
#3 /home/wawan/Documents/CI4/masterSekolah/AuthCI Master /vendor/codeigniter4/framework/system/CodeIgniter.php(326): CodeIgniter\CodeIgniter->handleRequest()
#4 /home/wawan/Documents/CI4/masterSekolah/AuthCI Master /public/index.php(37): CodeIgniter\CodeIgniter->run()
#5 /home/wawan/Documents/CI4/masterSekolah/AuthCI Master /vendor/codeigniter4/framework/system/Commands/Server/rewrite.php(43): require_once('/home/wawan/Doc...')
#6 {main}
CRITICAL - 2022-05-27 09:47:16 --> Undefined variable: data
#0 /home/wawan/Documents/CI4/masterSekolah/AuthCI Master /app/Controllers/AdminWeb.php(150): CodeIgniter\Debug\Exceptions->errorHandler()
#1 /home/wawan/Documents/CI4/masterSekolah/AuthCI Master /vendor/codeigniter4/framework/system/CodeIgniter.php(832): App\Controllers\AdminWeb->detailberita()
#2 /home/wawan/Documents/CI4/masterSekolah/AuthCI Master /vendor/codeigniter4/framework/system/CodeIgniter.php(419): CodeIgniter\CodeIgniter->runController()
#3 /home/wawan/Documents/CI4/masterSekolah/AuthCI Master /vendor/codeigniter4/framework/system/CodeIgniter.php(326): CodeIgniter\CodeIgniter->handleRequest()
#4 /home/wawan/Documents/CI4/masterSekolah/AuthCI Master /public/index.php(37): CodeIgniter\CodeIgniter->run()
#5 /home/wawan/Documents/CI4/masterSekolah/AuthCI Master /vendor/codeigniter4/framework/system/Commands/Server/rewrite.php(43): require_once('/home/wawan/Doc...')
#6 {main}
CRITICAL - 2022-05-27 09:47:16 --> Undefined variable: data
#0 /home/wawan/Documents/CI4/masterSekolah/AuthCI Master /app/Controllers/AdminWeb.php(150): CodeIgniter\Debug\Exceptions->errorHandler()
#1 /home/wawan/Documents/CI4/masterSekolah/AuthCI Master /vendor/codeigniter4/framework/system/CodeIgniter.php(832): App\Controllers\AdminWeb->detailberita()
#2 /home/wawan/Documents/CI4/masterSekolah/AuthCI Master /vendor/codeigniter4/framework/system/CodeIgniter.php(419): CodeIgniter\CodeIgniter->runController()
#3 /home/wawan/Documents/CI4/masterSekolah/AuthCI Master /vendor/codeigniter4/framework/system/CodeIgniter.php(326): CodeIgniter\CodeIgniter->handleRequest()
#4 /home/wawan/Documents/CI4/masterSekolah/AuthCI Master /public/index.php(37): CodeIgniter\CodeIgniter->run()
#5 /home/wawan/Documents/CI4/masterSekolah/AuthCI Master /vendor/codeigniter4/framework/system/Commands/Server/rewrite.php(43): require_once('/home/wawan/Doc...')
#6 {main}
CRITICAL - 2022-05-27 09:47:17 --> Undefined variable: data
#0 /home/wawan/Documents/CI4/masterSekolah/AuthCI Master /app/Controllers/AdminWeb.php(150): CodeIgniter\Debug\Exceptions->errorHandler()
#1 /home/wawan/Documents/CI4/masterSekolah/AuthCI Master /vendor/codeigniter4/framework/system/CodeIgniter.php(832): App\Controllers\AdminWeb->detailberita()
#2 /home/wawan/Documents/CI4/masterSekolah/AuthCI Master /vendor/codeigniter4/framework/system/CodeIgniter.php(419): CodeIgniter\CodeIgniter->runController()
#3 /home/wawan/Documents/CI4/masterSekolah/AuthCI Master /vendor/codeigniter4/framework/system/CodeIgniter.php(326): CodeIgniter\CodeIgniter->handleRequest()
#4 /home/wawan/Documents/CI4/masterSekolah/AuthCI Master /public/index.php(37): CodeIgniter\CodeIgniter->run()
#5 /home/wawan/Documents/CI4/masterSekolah/AuthCI Master /vendor/codeigniter4/framework/system/Commands/Server/rewrite.php(43): require_once('/home/wawan/Doc...')
#6 {main}
CRITICAL - 2022-05-27 09:47:17 --> Undefined variable: data
#0 /home/wawan/Documents/CI4/masterSekolah/AuthCI Master /app/Controllers/AdminWeb.php(150): CodeIgniter\Debug\Exceptions->errorHandler()
#1 /home/wawan/Documents/CI4/masterSekolah/AuthCI Master /vendor/codeigniter4/framework/system/CodeIgniter.php(832): App\Controllers\AdminWeb->detailberita()
#2 /home/wawan/Documents/CI4/masterSekolah/AuthCI Master /vendor/codeigniter4/framework/system/CodeIgniter.php(419): CodeIgniter\CodeIgniter->runController()
#3 /home/wawan/Documents/CI4/masterSekolah/AuthCI Master /vendor/codeigniter4/framework/system/CodeIgniter.php(326): CodeIgniter\CodeIgniter->handleRequest()
#4 /home/wawan/Documents/CI4/masterSekolah/AuthCI Master /public/index.php(37): CodeIgniter\CodeIgniter->run()
#5 /home/wawan/Documents/CI4/masterSekolah/AuthCI Master /vendor/codeigniter4/framework/system/Commands/Server/rewrite.php(43): require_once('/home/wawan/Doc...')
#6 {main}
CRITICAL - 2022-05-27 09:47:18 --> Undefined variable: data
#0 /home/wawan/Documents/CI4/masterSekolah/AuthCI Master /app/Controllers/AdminWeb.php(150): CodeIgniter\Debug\Exceptions->errorHandler()
#1 /home/wawan/Documents/CI4/masterSekolah/AuthCI Master /vendor/codeigniter4/framework/system/CodeIgniter.php(832): App\Controllers\AdminWeb->detailberita()
#2 /home/wawan/Documents/CI4/masterSekolah/AuthCI Master /vendor/codeigniter4/framework/system/CodeIgniter.php(419): CodeIgniter\CodeIgniter->runController()
#3 /home/wawan/Documents/CI4/masterSekolah/AuthCI Master /vendor/codeigniter4/framework/system/CodeIgniter.php(326): CodeIgniter\CodeIgniter->handleRequest()
#4 /home/wawan/Documents/CI4/masterSekolah/AuthCI Master /public/index.php(37): CodeIgniter\CodeIgniter->run()
#5 /home/wawan/Documents/CI4/masterSekolah/AuthCI Master /vendor/codeigniter4/framework/system/Commands/Server/rewrite.php(43): require_once('/home/wawan/Doc...')
#6 {main}
CRITICAL - 2022-05-27 10:45:41 --> syntax error, unexpected '/'
#0 /home/wawan/Documents/CI4/masterSekolah/AuthCI Master /vendor/codeigniter4/framework/system/View/View.php(213): CodeIgniter\View\View->CodeIgniter\View\{closure}()
#1 /home/wawan/Documents/CI4/masterSekolah/AuthCI Master /vendor/codeigniter4/framework/system/Common.php(1089): CodeIgniter\View\View->render()
#2 /home/wawan/Documents/CI4/masterSekolah/AuthCI Master /app/Controllers/AdminWeb.php(159): view()
#3 /home/wawan/Documents/CI4/masterSekolah/AuthCI Master /vendor/codeigniter4/framework/system/CodeIgniter.php(832): App\Controllers\AdminWeb->detailberita()
#4 /home/wawan/Documents/CI4/masterSekolah/AuthCI Master /vendor/codeigniter4/framework/system/CodeIgniter.php(419): CodeIgniter\CodeIgniter->runController()
#5 /home/wawan/Documents/CI4/masterSekolah/AuthCI Master /vendor/codeigniter4/framework/system/CodeIgniter.php(326): CodeIgniter\CodeIgniter->handleRequest()
#6 /home/wawan/Documents/CI4/masterSekolah/AuthCI Master /public/index.php(37): CodeIgniter\CodeIgniter->run()
#7 /home/wawan/Documents/CI4/masterSekolah/AuthCI Master /vendor/codeigniter4/framework/system/Commands/Server/rewrite.php(43): require_once('/home/wawan/Doc...')
#8 {main}
CRITICAL - 2022-05-27 11:17:40 --> Undefined variable: status
#0 /home/wawan/Documents/CI4/masterSekolah/AuthCI Master /app/Views/adminWeb/berita/detailberita.php(15): CodeIgniter\Debug\Exceptions->errorHandler()
#1 /home/wawan/Documents/CI4/masterSekolah/AuthCI Master /vendor/codeigniter4/framework/system/View/View.php(210): include('/home/wawan/Doc...')
#2 /home/wawan/Documents/CI4/masterSekolah/AuthCI Master /vendor/codeigniter4/framework/system/View/View.php(213): CodeIgniter\View\View->CodeIgniter\View\{closure}()
#3 /home/wawan/Documents/CI4/masterSekolah/AuthCI Master /vendor/codeigniter4/framework/system/Common.php(1089): CodeIgniter\View\View->render()
#4 /home/wawan/Documents/CI4/masterSekolah/AuthCI Master /app/Controllers/AdminWeb.php(163): view()
#5 /home/wawan/Documents/CI4/masterSekolah/AuthCI Master /vendor/codeigniter4/framework/system/CodeIgniter.php(832): App\Controllers\AdminWeb->detailberita()
#6 /home/wawan/Documents/CI4/masterSekolah/AuthCI Master /vendor/codeigniter4/framework/system/CodeIgniter.php(419): CodeIgniter\CodeIgniter->runController()
#7 /home/wawan/Documents/CI4/masterSekolah/AuthCI Master /vendor/codeigniter4/framework/system/CodeIgniter.php(326): CodeIgniter\CodeIgniter->handleRequest()
#8 /home/wawan/Documents/CI4/masterSekolah/AuthCI Master /public/index.php(37): CodeIgniter\CodeIgniter->run()
#9 /home/wawan/Documents/CI4/masterSekolah/AuthCI Master /vendor/codeigniter4/framework/system/Commands/Server/rewrite.php(43): require_once('/home/wawan/Doc...')
#10 {main}
