CRITICAL - 2022-05-24 10:00:28 --> Call to undefined function user_id()
#0 /home/wawan/Documents/CI4/masterSekolah/AuthCI Master /vendor/codeigniter4/framework/system/View/View.php(210): include()
#1 /home/wawan/Documents/CI4/masterSekolah/AuthCI Master /vendor/codeigniter4/framework/system/View/View.php(213): CodeIgniter\View\View->CodeIgniter\View\{closure}()
#2 /home/wawan/Documents/CI4/masterSekolah/AuthCI Master /vendor/codeigniter4/framework/system/Common.php(1089): CodeIgniter\View\View->render()
#3 /home/wawan/Documents/CI4/masterSekolah/AuthCI Master /app/Controllers/AdminWeb.php(39): view()
#4 /home/wawan/Documents/CI4/masterSekolah/AuthCI Master /vendor/codeigniter4/framework/system/CodeIgniter.php(832): App\Controllers\AdminWeb->tambahBerita()
#5 /home/wawan/Documents/CI4/masterSekolah/AuthCI Master /vendor/codeigniter4/framework/system/CodeIgniter.php(419): CodeIgniter\CodeIgniter->runController()
#6 /home/wawan/Documents/CI4/masterSekolah/AuthCI Master /vendor/codeigniter4/framework/system/CodeIgniter.php(326): CodeIgniter\CodeIgniter->handleRequest()
#7 /home/wawan/Documents/CI4/masterSekolah/AuthCI Master /public/index.php(37): CodeIgniter\CodeIgniter->run()
#8 /home/wawan/Documents/CI4/masterSekolah/AuthCI Master /vendor/codeigniter4/framework/system/Commands/Server/rewrite.php(43): require_once('/home/wawan/Doc...')
#9 {main}
CRITICAL - 2022-05-24 10:04:33 --> Call to undefined function user_id()
#0 /home/wawan/Documents/CI4/masterSekolah/AuthCI Master /vendor/codeigniter4/framework/system/View/View.php(210): include()
#1 /home/wawan/Documents/CI4/masterSekolah/AuthCI Master /vendor/codeigniter4/framework/system/View/View.php(213): CodeIgniter\View\View->CodeIgniter\View\{closure}()
#2 /home/wawan/Documents/CI4/masterSekolah/AuthCI Master /vendor/codeigniter4/framework/system/Common.php(1089): CodeIgniter\View\View->render()
#3 /home/wawan/Documents/CI4/masterSekolah/AuthCI Master /app/Controllers/AdminWeb.php(39): view()
#4 /home/wawan/Documents/CI4/masterSekolah/AuthCI Master /vendor/codeigniter4/framework/system/CodeIgniter.php(832): App\Controllers\AdminWeb->tambahBerita()
#5 /home/wawan/Documents/CI4/masterSekolah/AuthCI Master /vendor/codeigniter4/framework/system/CodeIgniter.php(419): CodeIgniter\CodeIgniter->runController()
#6 /home/wawan/Documents/CI4/masterSekolah/AuthCI Master /vendor/codeigniter4/framework/system/CodeIgniter.php(326): CodeIgniter\CodeIgniter->handleRequest()
#7 /home/wawan/Documents/CI4/masterSekolah/AuthCI Master /public/index.php(37): CodeIgniter\CodeIgniter->run()
#8 /home/wawan/Documents/CI4/masterSekolah/AuthCI Master /vendor/codeigniter4/framework/system/Commands/Server/rewrite.php(43): require_once('/home/wawan/Doc...')
#9 {main}
CRITICAL - 2022-05-24 10:04:34 --> Call to undefined function user_id()
#0 /home/wawan/Documents/CI4/masterSekolah/AuthCI Master /vendor/codeigniter4/framework/system/View/View.php(210): include()
#1 /home/wawan/Documents/CI4/masterSekolah/AuthCI Master /vendor/codeigniter4/framework/system/View/View.php(213): CodeIgniter\View\View->CodeIgniter\View\{closure}()
#2 /home/wawan/Documents/CI4/masterSekolah/AuthCI Master /vendor/codeigniter4/framework/system/Common.php(1089): CodeIgniter\View\View->render()
#3 /home/wawan/Documents/CI4/masterSekolah/AuthCI Master /app/Controllers/AdminWeb.php(39): view()
#4 /home/wawan/Documents/CI4/masterSekolah/AuthCI Master /vendor/codeigniter4/framework/system/CodeIgniter.php(832): App\Controllers\AdminWeb->tambahBerita()
#5 /home/wawan/Documents/CI4/masterSekolah/AuthCI Master /vendor/codeigniter4/framework/system/CodeIgniter.php(419): CodeIgniter\CodeIgniter->runController()
#6 /home/wawan/Documents/CI4/masterSekolah/AuthCI Master /vendor/codeigniter4/framework/system/CodeIgniter.php(326): CodeIgniter\CodeIgniter->handleRequest()
#7 /home/wawan/Documents/CI4/masterSekolah/AuthCI Master /public/index.php(37): CodeIgniter\CodeIgniter->run()
#8 /home/wawan/Documents/CI4/masterSekolah/AuthCI Master /vendor/codeigniter4/framework/system/Commands/Server/rewrite.php(43): require_once('/home/wawan/Doc...')
#9 {main}
CRITICAL - 2022-05-24 10:04:34 --> Call to undefined function user_id()
#0 /home/wawan/Documents/CI4/masterSekolah/AuthCI Master /vendor/codeigniter4/framework/system/View/View.php(210): include()
#1 /home/wawan/Documents/CI4/masterSekolah/AuthCI Master /vendor/codeigniter4/framework/system/View/View.php(213): CodeIgniter\View\View->CodeIgniter\View\{closure}()
#2 /home/wawan/Documents/CI4/masterSekolah/AuthCI Master /vendor/codeigniter4/framework/system/Common.php(1089): CodeIgniter\View\View->render()
#3 /home/wawan/Documents/CI4/masterSekolah/AuthCI Master /app/Controllers/AdminWeb.php(39): view()
#4 /home/wawan/Documents/CI4/masterSekolah/AuthCI Master /vendor/codeigniter4/framework/system/CodeIgniter.php(832): App\Controllers\AdminWeb->tambahBerita()
#5 /home/wawan/Documents/CI4/masterSekolah/AuthCI Master /vendor/codeigniter4/framework/system/CodeIgniter.php(419): CodeIgniter\CodeIgniter->runController()
#6 /home/wawan/Documents/CI4/masterSekolah/AuthCI Master /vendor/codeigniter4/framework/system/CodeIgniter.php(326): CodeIgniter\CodeIgniter->handleRequest()
#7 /home/wawan/Documents/CI4/masterSekolah/AuthCI Master /public/index.php(37): CodeIgniter\CodeIgniter->run()
#8 /home/wawan/Documents/CI4/masterSekolah/AuthCI Master /vendor/codeigniter4/framework/system/Commands/Server/rewrite.php(43): require_once('/home/wawan/Doc...')
#9 {main}
CRITICAL - 2022-05-24 10:04:35 --> Call to undefined function user_id()
#0 /home/wawan/Documents/CI4/masterSekolah/AuthCI Master /vendor/codeigniter4/framework/system/View/View.php(210): include()
#1 /home/wawan/Documents/CI4/masterSekolah/AuthCI Master /vendor/codeigniter4/framework/system/View/View.php(213): CodeIgniter\View\View->CodeIgniter\View\{closure}()
#2 /home/wawan/Documents/CI4/masterSekolah/AuthCI Master /vendor/codeigniter4/framework/system/Common.php(1089): CodeIgniter\View\View->render()
#3 /home/wawan/Documents/CI4/masterSekolah/AuthCI Master /app/Controllers/AdminWeb.php(39): view()
#4 /home/wawan/Documents/CI4/masterSekolah/AuthCI Master /vendor/codeigniter4/framework/system/CodeIgniter.php(832): App\Controllers\AdminWeb->tambahBerita()
#5 /home/wawan/Documents/CI4/masterSekolah/AuthCI Master /vendor/codeigniter4/framework/system/CodeIgniter.php(419): CodeIgniter\CodeIgniter->runController()
#6 /home/wawan/Documents/CI4/masterSekolah/AuthCI Master /vendor/codeigniter4/framework/system/CodeIgniter.php(326): CodeIgniter\CodeIgniter->handleRequest()
#7 /home/wawan/Documents/CI4/masterSekolah/AuthCI Master /public/index.php(37): CodeIgniter\CodeIgniter->run()
#8 /home/wawan/Documents/CI4/masterSekolah/AuthCI Master /vendor/codeigniter4/framework/system/Commands/Server/rewrite.php(43): require_once('/home/wawan/Doc...')
#9 {main}
CRITICAL - 2022-05-24 10:04:35 --> Call to undefined function user_id()
#0 /home/wawan/Documents/CI4/masterSekolah/AuthCI Master /vendor/codeigniter4/framework/system/View/View.php(210): include()
#1 /home/wawan/Documents/CI4/masterSekolah/AuthCI Master /vendor/codeigniter4/framework/system/View/View.php(213): CodeIgniter\View\View->CodeIgniter\View\{closure}()
#2 /home/wawan/Documents/CI4/masterSekolah/AuthCI Master /vendor/codeigniter4/framework/system/Common.php(1089): CodeIgniter\View\View->render()
#3 /home/wawan/Documents/CI4/masterSekolah/AuthCI Master /app/Controllers/AdminWeb.php(39): view()
#4 /home/wawan/Documents/CI4/masterSekolah/AuthCI Master /vendor/codeigniter4/framework/system/CodeIgniter.php(832): App\Controllers\AdminWeb->tambahBerita()
#5 /home/wawan/Documents/CI4/masterSekolah/AuthCI Master /vendor/codeigniter4/framework/system/CodeIgniter.php(419): CodeIgniter\CodeIgniter->runController()
#6 /home/wawan/Documents/CI4/masterSekolah/AuthCI Master /vendor/codeigniter4/framework/system/CodeIgniter.php(326): CodeIgniter\CodeIgniter->handleRequest()
#7 /home/wawan/Documents/CI4/masterSekolah/AuthCI Master /public/index.php(37): CodeIgniter\CodeIgniter->run()
#8 /home/wawan/Documents/CI4/masterSekolah/AuthCI Master /vendor/codeigniter4/framework/system/Commands/Server/rewrite.php(43): require_once('/home/wawan/Doc...')
#9 {main}
CRITICAL - 2022-05-24 10:05:28 --> Call to undefined function App\Controllers\user_id()
#0 /home/wawan/Documents/CI4/masterSekolah/AuthCI Master /vendor/codeigniter4/framework/system/CodeIgniter.php(832): App\Controllers\AdminWeb->tambahBerita()
#1 /home/wawan/Documents/CI4/masterSekolah/AuthCI Master /vendor/codeigniter4/framework/system/CodeIgniter.php(419): CodeIgniter\CodeIgniter->runController()
#2 /home/wawan/Documents/CI4/masterSekolah/AuthCI Master /vendor/codeigniter4/framework/system/CodeIgniter.php(326): CodeIgniter\CodeIgniter->handleRequest()
#3 /home/wawan/Documents/CI4/masterSekolah/AuthCI Master /public/index.php(37): CodeIgniter\CodeIgniter->run()
#4 /home/wawan/Documents/CI4/masterSekolah/AuthCI Master /vendor/codeigniter4/framework/system/Commands/Server/rewrite.php(43): require_once('/home/wawan/Doc...')
#5 {main}
CRITICAL - 2022-05-24 10:05:42 --> Call to undefined function App\Controllers\user_id()
#0 /home/wawan/Documents/CI4/masterSekolah/AuthCI Master /vendor/codeigniter4/framework/system/CodeIgniter.php(832): App\Controllers\AdminWeb->tambahBerita()
#1 /home/wawan/Documents/CI4/masterSekolah/AuthCI Master /vendor/codeigniter4/framework/system/CodeIgniter.php(419): CodeIgniter\CodeIgniter->runController()
#2 /home/wawan/Documents/CI4/masterSekolah/AuthCI Master /vendor/codeigniter4/framework/system/CodeIgniter.php(326): CodeIgniter\CodeIgniter->handleRequest()
#3 /home/wawan/Documents/CI4/masterSekolah/AuthCI Master /public/index.php(37): CodeIgniter\CodeIgniter->run()
#4 /home/wawan/Documents/CI4/masterSekolah/AuthCI Master /vendor/codeigniter4/framework/system/Commands/Server/rewrite.php(43): require_once('/home/wawan/Doc...')
#5 {main}
CRITICAL - 2022-05-24 10:14:34 --> Call to undefined function App\Controllers\user_id()
#0 /home/wawan/Documents/CI4/masterSekolah/AuthCI Master /vendor/codeigniter4/framework/system/CodeIgniter.php(832): App\Controllers\AdminWeb->tambahBerita()
#1 /home/wawan/Documents/CI4/masterSekolah/AuthCI Master /vendor/codeigniter4/framework/system/CodeIgniter.php(419): CodeIgniter\CodeIgniter->runController()
#2 /home/wawan/Documents/CI4/masterSekolah/AuthCI Master /vendor/codeigniter4/framework/system/CodeIgniter.php(326): CodeIgniter\CodeIgniter->handleRequest()
#3 /home/wawan/Documents/CI4/masterSekolah/AuthCI Master /public/index.php(37): CodeIgniter\CodeIgniter->run()
#4 /home/wawan/Documents/CI4/masterSekolah/AuthCI Master /vendor/codeigniter4/framework/system/Commands/Server/rewrite.php(43): require_once('/home/wawan/Doc...')
#5 {main}
CRITICAL - 2022-05-24 10:14:48 --> Call to undefined function App\Controllers\user_id()
#0 /home/wawan/Documents/CI4/masterSekolah/AuthCI Master /vendor/codeigniter4/framework/system/CodeIgniter.php(832): App\Controllers\AdminWeb->tambahBerita()
#1 /home/wawan/Documents/CI4/masterSekolah/AuthCI Master /vendor/codeigniter4/framework/system/CodeIgniter.php(419): CodeIgniter\CodeIgniter->runController()
#2 /home/wawan/Documents/CI4/masterSekolah/AuthCI Master /vendor/codeigniter4/framework/system/CodeIgniter.php(326): CodeIgniter\CodeIgniter->handleRequest()
#3 /home/wawan/Documents/CI4/masterSekolah/AuthCI Master /public/index.php(37): CodeIgniter\CodeIgniter->run()
#4 /home/wawan/Documents/CI4/masterSekolah/AuthCI Master /vendor/codeigniter4/framework/system/Commands/Server/rewrite.php(43): require_once('/home/wawan/Doc...')
#5 {main}
CRITICAL - 2022-05-24 10:14:49 --> Call to undefined function App\Controllers\user_id()
#0 /home/wawan/Documents/CI4/masterSekolah/AuthCI Master /vendor/codeigniter4/framework/system/CodeIgniter.php(832): App\Controllers\AdminWeb->tambahBerita()
#1 /home/wawan/Documents/CI4/masterSekolah/AuthCI Master /vendor/codeigniter4/framework/system/CodeIgniter.php(419): CodeIgniter\CodeIgniter->runController()
#2 /home/wawan/Documents/CI4/masterSekolah/AuthCI Master /vendor/codeigniter4/framework/system/CodeIgniter.php(326): CodeIgniter\CodeIgniter->handleRequest()
#3 /home/wawan/Documents/CI4/masterSekolah/AuthCI Master /public/index.php(37): CodeIgniter\CodeIgniter->run()
#4 /home/wawan/Documents/CI4/masterSekolah/AuthCI Master /vendor/codeigniter4/framework/system/Commands/Server/rewrite.php(43): require_once('/home/wawan/Doc...')
#5 {main}
CRITICAL - 2022-05-24 10:14:50 --> Call to undefined function App\Controllers\user_id()
#0 /home/wawan/Documents/CI4/masterSekolah/AuthCI Master /vendor/codeigniter4/framework/system/CodeIgniter.php(832): App\Controllers\AdminWeb->tambahBerita()
#1 /home/wawan/Documents/CI4/masterSekolah/AuthCI Master /vendor/codeigniter4/framework/system/CodeIgniter.php(419): CodeIgniter\CodeIgniter->runController()
#2 /home/wawan/Documents/CI4/masterSekolah/AuthCI Master /vendor/codeigniter4/framework/system/CodeIgniter.php(326): CodeIgniter\CodeIgniter->handleRequest()
#3 /home/wawan/Documents/CI4/masterSekolah/AuthCI Master /public/index.php(37): CodeIgniter\CodeIgniter->run()
#4 /home/wawan/Documents/CI4/masterSekolah/AuthCI Master /vendor/codeigniter4/framework/system/Commands/Server/rewrite.php(43): require_once('/home/wawan/Doc...')
#5 {main}
CRITICAL - 2022-05-24 10:14:50 --> Call to undefined function App\Controllers\user_id()
#0 /home/wawan/Documents/CI4/masterSekolah/AuthCI Master /vendor/codeigniter4/framework/system/CodeIgniter.php(832): App\Controllers\AdminWeb->tambahBerita()
#1 /home/wawan/Documents/CI4/masterSekolah/AuthCI Master /vendor/codeigniter4/framework/system/CodeIgniter.php(419): CodeIgniter\CodeIgniter->runController()
#2 /home/wawan/Documents/CI4/masterSekolah/AuthCI Master /vendor/codeigniter4/framework/system/CodeIgniter.php(326): CodeIgniter\CodeIgniter->handleRequest()
#3 /home/wawan/Documents/CI4/masterSekolah/AuthCI Master /public/index.php(37): CodeIgniter\CodeIgniter->run()
#4 /home/wawan/Documents/CI4/masterSekolah/AuthCI Master /vendor/codeigniter4/framework/system/Commands/Server/rewrite.php(43): require_once('/home/wawan/Doc...')
#5 {main}
CRITICAL - 2022-05-24 10:14:50 --> Call to undefined function App\Controllers\user_id()
#0 /home/wawan/Documents/CI4/masterSekolah/AuthCI Master /vendor/codeigniter4/framework/system/CodeIgniter.php(832): App\Controllers\AdminWeb->tambahBerita()
#1 /home/wawan/Documents/CI4/masterSekolah/AuthCI Master /vendor/codeigniter4/framework/system/CodeIgniter.php(419): CodeIgniter\CodeIgniter->runController()
#2 /home/wawan/Documents/CI4/masterSekolah/AuthCI Master /vendor/codeigniter4/framework/system/CodeIgniter.php(326): CodeIgniter\CodeIgniter->handleRequest()
#3 /home/wawan/Documents/CI4/masterSekolah/AuthCI Master /public/index.php(37): CodeIgniter\CodeIgniter->run()
#4 /home/wawan/Documents/CI4/masterSekolah/AuthCI Master /vendor/codeigniter4/framework/system/Commands/Server/rewrite.php(43): require_once('/home/wawan/Doc...')
#5 {main}
CRITICAL - 2022-05-24 10:15:10 --> Undefined variable: idUser
#0 /home/wawan/Documents/CI4/masterSekolah/AuthCI Master /app/Views/adminWeb/tambahBerita.php(3): CodeIgniter\Debug\Exceptions->errorHandler()
#1 /home/wawan/Documents/CI4/masterSekolah/AuthCI Master /vendor/codeigniter4/framework/system/View/View.php(210): include('/home/wawan/Doc...')
#2 /home/wawan/Documents/CI4/masterSekolah/AuthCI Master /vendor/codeigniter4/framework/system/View/View.php(213): CodeIgniter\View\View->CodeIgniter\View\{closure}()
#3 /home/wawan/Documents/CI4/masterSekolah/AuthCI Master /vendor/codeigniter4/framework/system/Common.php(1089): CodeIgniter\View\View->render()
#4 /home/wawan/Documents/CI4/masterSekolah/AuthCI Master /app/Controllers/AdminWeb.php(40): view()
#5 /home/wawan/Documents/CI4/masterSekolah/AuthCI Master /vendor/codeigniter4/framework/system/CodeIgniter.php(832): App\Controllers\AdminWeb->tambahBerita()
#6 /home/wawan/Documents/CI4/masterSekolah/AuthCI Master /vendor/codeigniter4/framework/system/CodeIgniter.php(419): CodeIgniter\CodeIgniter->runController()
#7 /home/wawan/Documents/CI4/masterSekolah/AuthCI Master /vendor/codeigniter4/framework/system/CodeIgniter.php(326): CodeIgniter\CodeIgniter->handleRequest()
#8 /home/wawan/Documents/CI4/masterSekolah/AuthCI Master /public/index.php(37): CodeIgniter\CodeIgniter->run()
#9 /home/wawan/Documents/CI4/masterSekolah/AuthCI Master /vendor/codeigniter4/framework/system/Commands/Server/rewrite.php(43): require_once('/home/wawan/Doc...')
#10 {main}
CRITICAL - 2022-05-24 10:15:11 --> Undefined variable: idUser
#0 /home/wawan/Documents/CI4/masterSekolah/AuthCI Master /app/Views/adminWeb/tambahBerita.php(3): CodeIgniter\Debug\Exceptions->errorHandler()
#1 /home/wawan/Documents/CI4/masterSekolah/AuthCI Master /vendor/codeigniter4/framework/system/View/View.php(210): include('/home/wawan/Doc...')
#2 /home/wawan/Documents/CI4/masterSekolah/AuthCI Master /vendor/codeigniter4/framework/system/View/View.php(213): CodeIgniter\View\View->CodeIgniter\View\{closure}()
#3 /home/wawan/Documents/CI4/masterSekolah/AuthCI Master /vendor/codeigniter4/framework/system/Common.php(1089): CodeIgniter\View\View->render()
#4 /home/wawan/Documents/CI4/masterSekolah/AuthCI Master /app/Controllers/AdminWeb.php(40): view()
#5 /home/wawan/Documents/CI4/masterSekolah/AuthCI Master /vendor/codeigniter4/framework/system/CodeIgniter.php(832): App\Controllers\AdminWeb->tambahBerita()
#6 /home/wawan/Documents/CI4/masterSekolah/AuthCI Master /vendor/codeigniter4/framework/system/CodeIgniter.php(419): CodeIgniter\CodeIgniter->runController()
#7 /home/wawan/Documents/CI4/masterSekolah/AuthCI Master /vendor/codeigniter4/framework/system/CodeIgniter.php(326): CodeIgniter\CodeIgniter->handleRequest()
#8 /home/wawan/Documents/CI4/masterSekolah/AuthCI Master /public/index.php(37): CodeIgniter\CodeIgniter->run()
#9 /home/wawan/Documents/CI4/masterSekolah/AuthCI Master /vendor/codeigniter4/framework/system/Commands/Server/rewrite.php(43): require_once('/home/wawan/Doc...')
#10 {main}
CRITICAL - 2022-05-24 10:15:12 --> Undefined variable: idUser
#0 /home/wawan/Documents/CI4/masterSekolah/AuthCI Master /app/Views/adminWeb/tambahBerita.php(3): CodeIgniter\Debug\Exceptions->errorHandler()
#1 /home/wawan/Documents/CI4/masterSekolah/AuthCI Master /vendor/codeigniter4/framework/system/View/View.php(210): include('/home/wawan/Doc...')
#2 /home/wawan/Documents/CI4/masterSekolah/AuthCI Master /vendor/codeigniter4/framework/system/View/View.php(213): CodeIgniter\View\View->CodeIgniter\View\{closure}()
#3 /home/wawan/Documents/CI4/masterSekolah/AuthCI Master /vendor/codeigniter4/framework/system/Common.php(1089): CodeIgniter\View\View->render()
#4 /home/wawan/Documents/CI4/masterSekolah/AuthCI Master /app/Controllers/AdminWeb.php(40): view()
#5 /home/wawan/Documents/CI4/masterSekolah/AuthCI Master /vendor/codeigniter4/framework/system/CodeIgniter.php(832): App\Controllers\AdminWeb->tambahBerita()
#6 /home/wawan/Documents/CI4/masterSekolah/AuthCI Master /vendor/codeigniter4/framework/system/CodeIgniter.php(419): CodeIgniter\CodeIgniter->runController()
#7 /home/wawan/Documents/CI4/masterSekolah/AuthCI Master /vendor/codeigniter4/framework/system/CodeIgniter.php(326): CodeIgniter\CodeIgniter->handleRequest()
#8 /home/wawan/Documents/CI4/masterSekolah/AuthCI Master /public/index.php(37): CodeIgniter\CodeIgniter->run()
#9 /home/wawan/Documents/CI4/masterSekolah/AuthCI Master /vendor/codeigniter4/framework/system/Commands/Server/rewrite.php(43): require_once('/home/wawan/Doc...')
#10 {main}
CRITICAL - 2022-05-24 10:15:12 --> Undefined variable: idUser
#0 /home/wawan/Documents/CI4/masterSekolah/AuthCI Master /app/Views/adminWeb/tambahBerita.php(3): CodeIgniter\Debug\Exceptions->errorHandler()
#1 /home/wawan/Documents/CI4/masterSekolah/AuthCI Master /vendor/codeigniter4/framework/system/View/View.php(210): include('/home/wawan/Doc...')
#2 /home/wawan/Documents/CI4/masterSekolah/AuthCI Master /vendor/codeigniter4/framework/system/View/View.php(213): CodeIgniter\View\View->CodeIgniter\View\{closure}()
#3 /home/wawan/Documents/CI4/masterSekolah/AuthCI Master /vendor/codeigniter4/framework/system/Common.php(1089): CodeIgniter\View\View->render()
#4 /home/wawan/Documents/CI4/masterSekolah/AuthCI Master /app/Controllers/AdminWeb.php(40): view()
#5 /home/wawan/Documents/CI4/masterSekolah/AuthCI Master /vendor/codeigniter4/framework/system/CodeIgniter.php(832): App\Controllers\AdminWeb->tambahBerita()
#6 /home/wawan/Documents/CI4/masterSekolah/AuthCI Master /vendor/codeigniter4/framework/system/CodeIgniter.php(419): CodeIgniter\CodeIgniter->runController()
#7 /home/wawan/Documents/CI4/masterSekolah/AuthCI Master /vendor/codeigniter4/framework/system/CodeIgniter.php(326): CodeIgniter\CodeIgniter->handleRequest()
#8 /home/wawan/Documents/CI4/masterSekolah/AuthCI Master /public/index.php(37): CodeIgniter\CodeIgniter->run()
#9 /home/wawan/Documents/CI4/masterSekolah/AuthCI Master /vendor/codeigniter4/framework/system/Commands/Server/rewrite.php(43): require_once('/home/wawan/Doc...')
#10 {main}
