ERROR - 2022-08-11 00:34:49 --> Error connecting to the database: No such file or directory
CRITICAL - 2022-08-11 00:34:49 --> Unable to connect to the database.
Main connection [MySQLi]: No such file or directory
#0 /home/wawan/Documents/CI4/masterSekolah/SISFO SEKOLAH/vendor/codeigniter4/framework/system/Database/BaseConnection.php(577): CodeIgniter\Database\BaseConnection->initialize()
#1 /home/wawan/Documents/CI4/masterSekolah/SISFO SEKOLAH/vendor/codeigniter4/framework/system/Database/BaseBuilder.php(1455): CodeIgniter\Database\BaseConnection->query()
#2 /home/wawan/Documents/CI4/masterSekolah/SISFO SEKOLAH/app/Controllers/Kesiswaan.php(44): CodeIgniter\Database\BaseBuilder->get()
#3 /home/wawan/Documents/CI4/masterSekolah/SISFO SEKOLAH/vendor/codeigniter4/framework/system/CodeIgniter.php(832): App\Controllers\Kesiswaan->siswa()
#4 /home/wawan/Documents/CI4/masterSekolah/SISFO SEKOLAH/vendor/codeigniter4/framework/system/CodeIgniter.php(419): CodeIgniter\CodeIgniter->runController()
#5 /home/wawan/Documents/CI4/masterSekolah/SISFO SEKOLAH/vendor/codeigniter4/framework/system/CodeIgniter.php(326): CodeIgniter\CodeIgniter->handleRequest()
#6 /home/wawan/Documents/CI4/masterSekolah/SISFO SEKOLAH/public/index.php(37): CodeIgniter\CodeIgniter->run()
#7 /home/wawan/Documents/CI4/masterSekolah/SISFO SEKOLAH/vendor/codeigniter4/framework/system/Commands/Server/rewrite.php(43): require_once('/home/wawan/Doc...')
#8 {main}
ERROR - 2022-08-11 00:34:55 --> Error connecting to the database: No such file or directory
CRITICAL - 2022-08-11 00:34:55 --> Unable to connect to the database.
Main connection [MySQLi]: No such file or directory
#0 /home/wawan/Documents/CI4/masterSekolah/SISFO SEKOLAH/vendor/codeigniter4/framework/system/Database/BaseConnection.php(577): CodeIgniter\Database\BaseConnection->initialize()
#1 /home/wawan/Documents/CI4/masterSekolah/SISFO SEKOLAH/vendor/codeigniter4/framework/system/Database/BaseBuilder.php(1455): CodeIgniter\Database\BaseConnection->query()
#2 /home/wawan/Documents/CI4/masterSekolah/SISFO SEKOLAH/app/Controllers/Kesiswaan.php(44): CodeIgniter\Database\BaseBuilder->get()
#3 /home/wawan/Documents/CI4/masterSekolah/SISFO SEKOLAH/vendor/codeigniter4/framework/system/CodeIgniter.php(832): App\Controllers\Kesiswaan->siswa()
#4 /home/wawan/Documents/CI4/masterSekolah/SISFO SEKOLAH/vendor/codeigniter4/framework/system/CodeIgniter.php(419): CodeIgniter\CodeIgniter->runController()
#5 /home/wawan/Documents/CI4/masterSekolah/SISFO SEKOLAH/vendor/codeigniter4/framework/system/CodeIgniter.php(326): CodeIgniter\CodeIgniter->handleRequest()
#6 /home/wawan/Documents/CI4/masterSekolah/SISFO SEKOLAH/public/index.php(37): CodeIgniter\CodeIgniter->run()
#7 /home/wawan/Documents/CI4/masterSekolah/SISFO SEKOLAH/vendor/codeigniter4/framework/system/Commands/Server/rewrite.php(43): require_once('/home/wawan/Doc...')
#8 {main}
CRITICAL - 2022-08-11 00:53:13 --> syntax error, unexpected end of file
#0 /home/wawan/Documents/CI4/masterSekolah/SISFO SEKOLAH/vendor/codeigniter4/framework/system/View/View.php(213): CodeIgniter\View\View->CodeIgniter\View\{closure}()
#1 /home/wawan/Documents/CI4/masterSekolah/SISFO SEKOLAH/vendor/codeigniter4/framework/system/Common.php(1089): CodeIgniter\View\View->render()
#2 /home/wawan/Documents/CI4/masterSekolah/SISFO SEKOLAH/app/Controllers/Kesiswaan.php(60): view()
#3 /home/wawan/Documents/CI4/masterSekolah/SISFO SEKOLAH/vendor/codeigniter4/framework/system/CodeIgniter.php(832): App\Controllers\Kesiswaan->tambahsiswa()
#4 /home/wawan/Documents/CI4/masterSekolah/SISFO SEKOLAH/vendor/codeigniter4/framework/system/CodeIgniter.php(419): CodeIgniter\CodeIgniter->runController()
#5 /home/wawan/Documents/CI4/masterSekolah/SISFO SEKOLAH/vendor/codeigniter4/framework/system/CodeIgniter.php(326): CodeIgniter\CodeIgniter->handleRequest()
#6 /home/wawan/Documents/CI4/masterSekolah/SISFO SEKOLAH/public/index.php(37): CodeIgniter\CodeIgniter->run()
#7 /home/wawan/Documents/CI4/masterSekolah/SISFO SEKOLAH/vendor/codeigniter4/framework/system/Commands/Server/rewrite.php(43): require_once('/home/wawan/Doc...')
#8 {main}
CRITICAL - 2022-08-11 00:53:14 --> syntax error, unexpected end of file
#0 /home/wawan/Documents/CI4/masterSekolah/SISFO SEKOLAH/vendor/codeigniter4/framework/system/View/View.php(213): CodeIgniter\View\View->CodeIgniter\View\{closure}()
#1 /home/wawan/Documents/CI4/masterSekolah/SISFO SEKOLAH/vendor/codeigniter4/framework/system/Common.php(1089): CodeIgniter\View\View->render()
#2 /home/wawan/Documents/CI4/masterSekolah/SISFO SEKOLAH/app/Controllers/Kesiswaan.php(60): view()
#3 /home/wawan/Documents/CI4/masterSekolah/SISFO SEKOLAH/vendor/codeigniter4/framework/system/CodeIgniter.php(832): App\Controllers\Kesiswaan->tambahsiswa()
#4 /home/wawan/Documents/CI4/masterSekolah/SISFO SEKOLAH/vendor/codeigniter4/framework/system/CodeIgniter.php(419): CodeIgniter\CodeIgniter->runController()
#5 /home/wawan/Documents/CI4/masterSekolah/SISFO SEKOLAH/vendor/codeigniter4/framework/system/CodeIgniter.php(326): CodeIgniter\CodeIgniter->handleRequest()
#6 /home/wawan/Documents/CI4/masterSekolah/SISFO SEKOLAH/public/index.php(37): CodeIgniter\CodeIgniter->run()
#7 /home/wawan/Documents/CI4/masterSekolah/SISFO SEKOLAH/vendor/codeigniter4/framework/system/Commands/Server/rewrite.php(43): require_once('/home/wawan/Doc...')
#8 {main}
CRITICAL - 2022-08-11 00:53:28 --> syntax error, unexpected end of file
#0 /home/wawan/Documents/CI4/masterSekolah/SISFO SEKOLAH/vendor/codeigniter4/framework/system/View/View.php(213): CodeIgniter\View\View->CodeIgniter\View\{closure}()
#1 /home/wawan/Documents/CI4/masterSekolah/SISFO SEKOLAH/vendor/codeigniter4/framework/system/Common.php(1089): CodeIgniter\View\View->render()
#2 /home/wawan/Documents/CI4/masterSekolah/SISFO SEKOLAH/app/Controllers/Kesiswaan.php(60): view()
#3 /home/wawan/Documents/CI4/masterSekolah/SISFO SEKOLAH/vendor/codeigniter4/framework/system/CodeIgniter.php(832): App\Controllers\Kesiswaan->tambahsiswa()
#4 /home/wawan/Documents/CI4/masterSekolah/SISFO SEKOLAH/vendor/codeigniter4/framework/system/CodeIgniter.php(419): CodeIgniter\CodeIgniter->runController()
#5 /home/wawan/Documents/CI4/masterSekolah/SISFO SEKOLAH/vendor/codeigniter4/framework/system/CodeIgniter.php(326): CodeIgniter\CodeIgniter->handleRequest()
#6 /home/wawan/Documents/CI4/masterSekolah/SISFO SEKOLAH/public/index.php(37): CodeIgniter\CodeIgniter->run()
#7 /home/wawan/Documents/CI4/masterSekolah/SISFO SEKOLAH/vendor/codeigniter4/framework/system/Commands/Server/rewrite.php(43): require_once('/home/wawan/Doc...')
#8 {main}
CRITICAL - 2022-08-11 00:54:44 --> syntax error, unexpected end of file
#0 /home/wawan/Documents/CI4/masterSekolah/SISFO SEKOLAH/vendor/codeigniter4/framework/system/View/View.php(213): CodeIgniter\View\View->CodeIgniter\View\{closure}()
#1 /home/wawan/Documents/CI4/masterSekolah/SISFO SEKOLAH/vendor/codeigniter4/framework/system/Common.php(1089): CodeIgniter\View\View->render()
#2 /home/wawan/Documents/CI4/masterSekolah/SISFO SEKOLAH/app/Controllers/Kesiswaan.php(60): view()
#3 /home/wawan/Documents/CI4/masterSekolah/SISFO SEKOLAH/vendor/codeigniter4/framework/system/CodeIgniter.php(832): App\Controllers\Kesiswaan->tambahsiswa()
#4 /home/wawan/Documents/CI4/masterSekolah/SISFO SEKOLAH/vendor/codeigniter4/framework/system/CodeIgniter.php(419): CodeIgniter\CodeIgniter->runController()
#5 /home/wawan/Documents/CI4/masterSekolah/SISFO SEKOLAH/vendor/codeigniter4/framework/system/CodeIgniter.php(326): CodeIgniter\CodeIgniter->handleRequest()
#6 /home/wawan/Documents/CI4/masterSekolah/SISFO SEKOLAH/public/index.php(37): CodeIgniter\CodeIgniter->run()
#7 /home/wawan/Documents/CI4/masterSekolah/SISFO SEKOLAH/vendor/codeigniter4/framework/system/Commands/Server/rewrite.php(43): require_once('/home/wawan/Doc...')
#8 {main}
CRITICAL - 2022-08-11 00:55:09 --> syntax error, unexpected end of file
#0 /home/wawan/Documents/CI4/masterSekolah/SISFO SEKOLAH/vendor/codeigniter4/framework/system/View/View.php(213): CodeIgniter\View\View->CodeIgniter\View\{closure}()
#1 /home/wawan/Documents/CI4/masterSekolah/SISFO SEKOLAH/vendor/codeigniter4/framework/system/Common.php(1089): CodeIgniter\View\View->render()
#2 /home/wawan/Documents/CI4/masterSekolah/SISFO SEKOLAH/app/Controllers/Kesiswaan.php(60): view()
#3 /home/wawan/Documents/CI4/masterSekolah/SISFO SEKOLAH/vendor/codeigniter4/framework/system/CodeIgniter.php(832): App\Controllers\Kesiswaan->tambahsiswa()
#4 /home/wawan/Documents/CI4/masterSekolah/SISFO SEKOLAH/vendor/codeigniter4/framework/system/CodeIgniter.php(419): CodeIgniter\CodeIgniter->runController()
#5 /home/wawan/Documents/CI4/masterSekolah/SISFO SEKOLAH/vendor/codeigniter4/framework/system/CodeIgniter.php(326): CodeIgniter\CodeIgniter->handleRequest()
#6 /home/wawan/Documents/CI4/masterSekolah/SISFO SEKOLAH/public/index.php(37): CodeIgniter\CodeIgniter->run()
#7 /home/wawan/Documents/CI4/masterSekolah/SISFO SEKOLAH/vendor/codeigniter4/framework/system/Commands/Server/rewrite.php(43): require_once('/home/wawan/Doc...')
#8 {main}
CRITICAL - 2022-08-11 00:55:10 --> syntax error, unexpected end of file
#0 /home/wawan/Documents/CI4/masterSekolah/SISFO SEKOLAH/vendor/codeigniter4/framework/system/View/View.php(213): CodeIgniter\View\View->CodeIgniter\View\{closure}()
#1 /home/wawan/Documents/CI4/masterSekolah/SISFO SEKOLAH/vendor/codeigniter4/framework/system/Common.php(1089): CodeIgniter\View\View->render()
#2 /home/wawan/Documents/CI4/masterSekolah/SISFO SEKOLAH/app/Controllers/Kesiswaan.php(60): view()
#3 /home/wawan/Documents/CI4/masterSekolah/SISFO SEKOLAH/vendor/codeigniter4/framework/system/CodeIgniter.php(832): App\Controllers\Kesiswaan->tambahsiswa()
#4 /home/wawan/Documents/CI4/masterSekolah/SISFO SEKOLAH/vendor/codeigniter4/framework/system/CodeIgniter.php(419): CodeIgniter\CodeIgniter->runController()
#5 /home/wawan/Documents/CI4/masterSekolah/SISFO SEKOLAH/vendor/codeigniter4/framework/system/CodeIgniter.php(326): CodeIgniter\CodeIgniter->handleRequest()
#6 /home/wawan/Documents/CI4/masterSekolah/SISFO SEKOLAH/public/index.php(37): CodeIgniter\CodeIgniter->run()
#7 /home/wawan/Documents/CI4/masterSekolah/SISFO SEKOLAH/vendor/codeigniter4/framework/system/Commands/Server/rewrite.php(43): require_once('/home/wawan/Doc...')
#8 {main}
CRITICAL - 2022-08-11 00:55:18 --> syntax error, unexpected end of file
#0 /home/wawan/Documents/CI4/masterSekolah/SISFO SEKOLAH/vendor/codeigniter4/framework/system/View/View.php(213): CodeIgniter\View\View->CodeIgniter\View\{closure}()
#1 /home/wawan/Documents/CI4/masterSekolah/SISFO SEKOLAH/vendor/codeigniter4/framework/system/Common.php(1089): CodeIgniter\View\View->render()
#2 /home/wawan/Documents/CI4/masterSekolah/SISFO SEKOLAH/app/Controllers/Kesiswaan.php(60): view()
#3 /home/wawan/Documents/CI4/masterSekolah/SISFO SEKOLAH/vendor/codeigniter4/framework/system/CodeIgniter.php(832): App\Controllers\Kesiswaan->tambahsiswa()
#4 /home/wawan/Documents/CI4/masterSekolah/SISFO SEKOLAH/vendor/codeigniter4/framework/system/CodeIgniter.php(419): CodeIgniter\CodeIgniter->runController()
#5 /home/wawan/Documents/CI4/masterSekolah/SISFO SEKOLAH/vendor/codeigniter4/framework/system/CodeIgniter.php(326): CodeIgniter\CodeIgniter->handleRequest()
#6 /home/wawan/Documents/CI4/masterSekolah/SISFO SEKOLAH/public/index.php(37): CodeIgniter\CodeIgniter->run()
#7 /home/wawan/Documents/CI4/masterSekolah/SISFO SEKOLAH/vendor/codeigniter4/framework/system/Commands/Server/rewrite.php(43): require_once('/home/wawan/Doc...')
#8 {main}
CRITICAL - 2022-08-11 00:55:19 --> syntax error, unexpected end of file
#0 /home/wawan/Documents/CI4/masterSekolah/SISFO SEKOLAH/vendor/codeigniter4/framework/system/View/View.php(213): CodeIgniter\View\View->CodeIgniter\View\{closure}()
#1 /home/wawan/Documents/CI4/masterSekolah/SISFO SEKOLAH/vendor/codeigniter4/framework/system/Common.php(1089): CodeIgniter\View\View->render()
#2 /home/wawan/Documents/CI4/masterSekolah/SISFO SEKOLAH/app/Controllers/Kesiswaan.php(60): view()
#3 /home/wawan/Documents/CI4/masterSekolah/SISFO SEKOLAH/vendor/codeigniter4/framework/system/CodeIgniter.php(832): App\Controllers\Kesiswaan->tambahsiswa()
#4 /home/wawan/Documents/CI4/masterSekolah/SISFO SEKOLAH/vendor/codeigniter4/framework/system/CodeIgniter.php(419): CodeIgniter\CodeIgniter->runController()
#5 /home/wawan/Documents/CI4/masterSekolah/SISFO SEKOLAH/vendor/codeigniter4/framework/system/CodeIgniter.php(326): CodeIgniter\CodeIgniter->handleRequest()
#6 /home/wawan/Documents/CI4/masterSekolah/SISFO SEKOLAH/public/index.php(37): CodeIgniter\CodeIgniter->run()
#7 /home/wawan/Documents/CI4/masterSekolah/SISFO SEKOLAH/vendor/codeigniter4/framework/system/Commands/Server/rewrite.php(43): require_once('/home/wawan/Doc...')
#8 {main}
CRITICAL - 2022-08-11 00:55:20 --> syntax error, unexpected end of file
#0 /home/wawan/Documents/CI4/masterSekolah/SISFO SEKOLAH/vendor/codeigniter4/framework/system/View/View.php(213): CodeIgniter\View\View->CodeIgniter\View\{closure}()
#1 /home/wawan/Documents/CI4/masterSekolah/SISFO SEKOLAH/vendor/codeigniter4/framework/system/Common.php(1089): CodeIgniter\View\View->render()
#2 /home/wawan/Documents/CI4/masterSekolah/SISFO SEKOLAH/app/Controllers/Kesiswaan.php(60): view()
#3 /home/wawan/Documents/CI4/masterSekolah/SISFO SEKOLAH/vendor/codeigniter4/framework/system/CodeIgniter.php(832): App\Controllers\Kesiswaan->tambahsiswa()
#4 /home/wawan/Documents/CI4/masterSekolah/SISFO SEKOLAH/vendor/codeigniter4/framework/system/CodeIgniter.php(419): CodeIgniter\CodeIgniter->runController()
#5 /home/wawan/Documents/CI4/masterSekolah/SISFO SEKOLAH/vendor/codeigniter4/framework/system/CodeIgniter.php(326): CodeIgniter\CodeIgniter->handleRequest()
#6 /home/wawan/Documents/CI4/masterSekolah/SISFO SEKOLAH/public/index.php(37): CodeIgniter\CodeIgniter->run()
#7 /home/wawan/Documents/CI4/masterSekolah/SISFO SEKOLAH/vendor/codeigniter4/framework/system/Commands/Server/rewrite.php(43): require_once('/home/wawan/Doc...')
#8 {main}
CRITICAL - 2022-08-11 00:55:20 --> syntax error, unexpected end of file
#0 /home/wawan/Documents/CI4/masterSekolah/SISFO SEKOLAH/vendor/codeigniter4/framework/system/View/View.php(213): CodeIgniter\View\View->CodeIgniter\View\{closure}()
#1 /home/wawan/Documents/CI4/masterSekolah/SISFO SEKOLAH/vendor/codeigniter4/framework/system/Common.php(1089): CodeIgniter\View\View->render()
#2 /home/wawan/Documents/CI4/masterSekolah/SISFO SEKOLAH/app/Controllers/Kesiswaan.php(60): view()
#3 /home/wawan/Documents/CI4/masterSekolah/SISFO SEKOLAH/vendor/codeigniter4/framework/system/CodeIgniter.php(832): App\Controllers\Kesiswaan->tambahsiswa()
#4 /home/wawan/Documents/CI4/masterSekolah/SISFO SEKOLAH/vendor/codeigniter4/framework/system/CodeIgniter.php(419): CodeIgniter\CodeIgniter->runController()
#5 /home/wawan/Documents/CI4/masterSekolah/SISFO SEKOLAH/vendor/codeigniter4/framework/system/CodeIgniter.php(326): CodeIgniter\CodeIgniter->handleRequest()
#6 /home/wawan/Documents/CI4/masterSekolah/SISFO SEKOLAH/public/index.php(37): CodeIgniter\CodeIgniter->run()
#7 /home/wawan/Documents/CI4/masterSekolah/SISFO SEKOLAH/vendor/codeigniter4/framework/system/Commands/Server/rewrite.php(43): require_once('/home/wawan/Doc...')
#8 {main}
CRITICAL - 2022-08-11 00:55:55 --> syntax error, unexpected end of file
#0 /home/wawan/Documents/CI4/masterSekolah/SISFO SEKOLAH/vendor/codeigniter4/framework/system/View/View.php(213): CodeIgniter\View\View->CodeIgniter\View\{closure}()
#1 /home/wawan/Documents/CI4/masterSekolah/SISFO SEKOLAH/vendor/codeigniter4/framework/system/Common.php(1089): CodeIgniter\View\View->render()
#2 /home/wawan/Documents/CI4/masterSekolah/SISFO SEKOLAH/app/Controllers/Kesiswaan.php(60): view()
#3 /home/wawan/Documents/CI4/masterSekolah/SISFO SEKOLAH/vendor/codeigniter4/framework/system/CodeIgniter.php(832): App\Controllers\Kesiswaan->tambahsiswa()
#4 /home/wawan/Documents/CI4/masterSekolah/SISFO SEKOLAH/vendor/codeigniter4/framework/system/CodeIgniter.php(419): CodeIgniter\CodeIgniter->runController()
#5 /home/wawan/Documents/CI4/masterSekolah/SISFO SEKOLAH/vendor/codeigniter4/framework/system/CodeIgniter.php(326): CodeIgniter\CodeIgniter->handleRequest()
#6 /home/wawan/Documents/CI4/masterSekolah/SISFO SEKOLAH/public/index.php(37): CodeIgniter\CodeIgniter->run()
#7 /home/wawan/Documents/CI4/masterSekolah/SISFO SEKOLAH/vendor/codeigniter4/framework/system/Commands/Server/rewrite.php(43): require_once('/home/wawan/Doc...')
#8 {main}
CRITICAL - 2022-08-11 00:56:31 --> Undefined variable: cetak
#0 /home/wawan/Documents/CI4/masterSekolah/SISFO SEKOLAH/app/Views/kesiswaan/siswa/tambahsiswa.php(64): CodeIgniter\Debug\Exceptions->errorHandler()
#1 /home/wawan/Documents/CI4/masterSekolah/SISFO SEKOLAH/vendor/codeigniter4/framework/system/View/View.php(210): include('/home/wawan/Doc...')
#2 /home/wawan/Documents/CI4/masterSekolah/SISFO SEKOLAH/vendor/codeigniter4/framework/system/View/View.php(213): CodeIgniter\View\View->CodeIgniter\View\{closure}()
#3 /home/wawan/Documents/CI4/masterSekolah/SISFO SEKOLAH/vendor/codeigniter4/framework/system/Common.php(1089): CodeIgniter\View\View->render()
#4 /home/wawan/Documents/CI4/masterSekolah/SISFO SEKOLAH/app/Controllers/Kesiswaan.php(60): view()
#5 /home/wawan/Documents/CI4/masterSekolah/SISFO SEKOLAH/vendor/codeigniter4/framework/system/CodeIgniter.php(832): App\Controllers\Kesiswaan->tambahsiswa()
#6 /home/wawan/Documents/CI4/masterSekolah/SISFO SEKOLAH/vendor/codeigniter4/framework/system/CodeIgniter.php(419): CodeIgniter\CodeIgniter->runController()
#7 /home/wawan/Documents/CI4/masterSekolah/SISFO SEKOLAH/vendor/codeigniter4/framework/system/CodeIgniter.php(326): CodeIgniter\CodeIgniter->handleRequest()
#8 /home/wawan/Documents/CI4/masterSekolah/SISFO SEKOLAH/public/index.php(37): CodeIgniter\CodeIgniter->run()
#9 /home/wawan/Documents/CI4/masterSekolah/SISFO SEKOLAH/vendor/codeigniter4/framework/system/Commands/Server/rewrite.php(43): require_once('/home/wawan/Doc...')
#10 {main}
CRITICAL - 2022-08-11 00:56:49 --> syntax error, unexpected end of file
#0 /home/wawan/Documents/CI4/masterSekolah/SISFO SEKOLAH/vendor/codeigniter4/framework/system/View/View.php(213): CodeIgniter\View\View->CodeIgniter\View\{closure}()
#1 /home/wawan/Documents/CI4/masterSekolah/SISFO SEKOLAH/vendor/codeigniter4/framework/system/Common.php(1089): CodeIgniter\View\View->render()
#2 /home/wawan/Documents/CI4/masterSekolah/SISFO SEKOLAH/app/Controllers/Kesiswaan.php(60): view()
#3 /home/wawan/Documents/CI4/masterSekolah/SISFO SEKOLAH/vendor/codeigniter4/framework/system/CodeIgniter.php(832): App\Controllers\Kesiswaan->tambahsiswa()
#4 /home/wawan/Documents/CI4/masterSekolah/SISFO SEKOLAH/vendor/codeigniter4/framework/system/CodeIgniter.php(419): CodeIgniter\CodeIgniter->runController()
#5 /home/wawan/Documents/CI4/masterSekolah/SISFO SEKOLAH/vendor/codeigniter4/framework/system/CodeIgniter.php(326): CodeIgniter\CodeIgniter->handleRequest()
#6 /home/wawan/Documents/CI4/masterSekolah/SISFO SEKOLAH/public/index.php(37): CodeIgniter\CodeIgniter->run()
#7 /home/wawan/Documents/CI4/masterSekolah/SISFO SEKOLAH/vendor/codeigniter4/framework/system/Commands/Server/rewrite.php(43): require_once('/home/wawan/Doc...')
#8 {main}
CRITICAL - 2022-08-11 00:58:07 --> syntax error, unexpected end of file
#0 /home/wawan/Documents/CI4/masterSekolah/SISFO SEKOLAH/vendor/codeigniter4/framework/system/View/View.php(213): CodeIgniter\View\View->CodeIgniter\View\{closure}()
#1 /home/wawan/Documents/CI4/masterSekolah/SISFO SEKOLAH/vendor/codeigniter4/framework/system/Common.php(1089): CodeIgniter\View\View->render()
#2 /home/wawan/Documents/CI4/masterSekolah/SISFO SEKOLAH/app/Controllers/Kesiswaan.php(60): view()
#3 /home/wawan/Documents/CI4/masterSekolah/SISFO SEKOLAH/vendor/codeigniter4/framework/system/CodeIgniter.php(832): App\Controllers\Kesiswaan->tambahsiswa()
#4 /home/wawan/Documents/CI4/masterSekolah/SISFO SEKOLAH/vendor/codeigniter4/framework/system/CodeIgniter.php(419): CodeIgniter\CodeIgniter->runController()
#5 /home/wawan/Documents/CI4/masterSekolah/SISFO SEKOLAH/vendor/codeigniter4/framework/system/CodeIgniter.php(326): CodeIgniter\CodeIgniter->handleRequest()
#6 /home/wawan/Documents/CI4/masterSekolah/SISFO SEKOLAH/public/index.php(37): CodeIgniter\CodeIgniter->run()
#7 /home/wawan/Documents/CI4/masterSekolah/SISFO SEKOLAH/vendor/codeigniter4/framework/system/Commands/Server/rewrite.php(43): require_once('/home/wawan/Doc...')
#8 {main}
CRITICAL - 2022-08-11 00:58:19 --> syntax error, unexpected end of file
#0 /home/wawan/Documents/CI4/masterSekolah/SISFO SEKOLAH/vendor/codeigniter4/framework/system/View/View.php(213): CodeIgniter\View\View->CodeIgniter\View\{closure}()
#1 /home/wawan/Documents/CI4/masterSekolah/SISFO SEKOLAH/vendor/codeigniter4/framework/system/Common.php(1089): CodeIgniter\View\View->render()
#2 /home/wawan/Documents/CI4/masterSekolah/SISFO SEKOLAH/app/Controllers/Kesiswaan.php(60): view()
#3 /home/wawan/Documents/CI4/masterSekolah/SISFO SEKOLAH/vendor/codeigniter4/framework/system/CodeIgniter.php(832): App\Controllers\Kesiswaan->tambahsiswa()
#4 /home/wawan/Documents/CI4/masterSekolah/SISFO SEKOLAH/vendor/codeigniter4/framework/system/CodeIgniter.php(419): CodeIgniter\CodeIgniter->runController()
#5 /home/wawan/Documents/CI4/masterSekolah/SISFO SEKOLAH/vendor/codeigniter4/framework/system/CodeIgniter.php(326): CodeIgniter\CodeIgniter->handleRequest()
#6 /home/wawan/Documents/CI4/masterSekolah/SISFO SEKOLAH/public/index.php(37): CodeIgniter\CodeIgniter->run()
#7 /home/wawan/Documents/CI4/masterSekolah/SISFO SEKOLAH/vendor/codeigniter4/framework/system/Commands/Server/rewrite.php(43): require_once('/home/wawan/Doc...')
#8 {main}
CRITICAL - 2022-08-11 00:58:33 --> syntax error, unexpected end of file
#0 /home/wawan/Documents/CI4/masterSekolah/SISFO SEKOLAH/vendor/codeigniter4/framework/system/View/View.php(213): CodeIgniter\View\View->CodeIgniter\View\{closure}()
#1 /home/wawan/Documents/CI4/masterSekolah/SISFO SEKOLAH/vendor/codeigniter4/framework/system/Common.php(1089): CodeIgniter\View\View->render()
#2 /home/wawan/Documents/CI4/masterSekolah/SISFO SEKOLAH/app/Controllers/Kesiswaan.php(60): view()
#3 /home/wawan/Documents/CI4/masterSekolah/SISFO SEKOLAH/vendor/codeigniter4/framework/system/CodeIgniter.php(832): App\Controllers\Kesiswaan->tambahsiswa()
#4 /home/wawan/Documents/CI4/masterSekolah/SISFO SEKOLAH/vendor/codeigniter4/framework/system/CodeIgniter.php(419): CodeIgniter\CodeIgniter->runController()
#5 /home/wawan/Documents/CI4/masterSekolah/SISFO SEKOLAH/vendor/codeigniter4/framework/system/CodeIgniter.php(326): CodeIgniter\CodeIgniter->handleRequest()
#6 /home/wawan/Documents/CI4/masterSekolah/SISFO SEKOLAH/public/index.php(37): CodeIgniter\CodeIgniter->run()
#7 /home/wawan/Documents/CI4/masterSekolah/SISFO SEKOLAH/vendor/codeigniter4/framework/system/Commands/Server/rewrite.php(43): require_once('/home/wawan/Doc...')
#8 {main}
CRITICAL - 2022-08-11 00:58:44 --> syntax error, unexpected end of file
#0 /home/wawan/Documents/CI4/masterSekolah/SISFO SEKOLAH/vendor/codeigniter4/framework/system/View/View.php(213): CodeIgniter\View\View->CodeIgniter\View\{closure}()
#1 /home/wawan/Documents/CI4/masterSekolah/SISFO SEKOLAH/vendor/codeigniter4/framework/system/Common.php(1089): CodeIgniter\View\View->render()
#2 /home/wawan/Documents/CI4/masterSekolah/SISFO SEKOLAH/app/Controllers/Kesiswaan.php(60): view()
#3 /home/wawan/Documents/CI4/masterSekolah/SISFO SEKOLAH/vendor/codeigniter4/framework/system/CodeIgniter.php(832): App\Controllers\Kesiswaan->tambahsiswa()
#4 /home/wawan/Documents/CI4/masterSekolah/SISFO SEKOLAH/vendor/codeigniter4/framework/system/CodeIgniter.php(419): CodeIgniter\CodeIgniter->runController()
#5 /home/wawan/Documents/CI4/masterSekolah/SISFO SEKOLAH/vendor/codeigniter4/framework/system/CodeIgniter.php(326): CodeIgniter\CodeIgniter->handleRequest()
#6 /home/wawan/Documents/CI4/masterSekolah/SISFO SEKOLAH/public/index.php(37): CodeIgniter\CodeIgniter->run()
#7 /home/wawan/Documents/CI4/masterSekolah/SISFO SEKOLAH/vendor/codeigniter4/framework/system/Commands/Server/rewrite.php(43): require_once('/home/wawan/Doc...')
#8 {main}
CRITICAL - 2022-08-11 00:59:00 --> syntax error, unexpected end of file
#0 /home/wawan/Documents/CI4/masterSekolah/SISFO SEKOLAH/vendor/codeigniter4/framework/system/View/View.php(213): CodeIgniter\View\View->CodeIgniter\View\{closure}()
#1 /home/wawan/Documents/CI4/masterSekolah/SISFO SEKOLAH/vendor/codeigniter4/framework/system/Common.php(1089): CodeIgniter\View\View->render()
#2 /home/wawan/Documents/CI4/masterSekolah/SISFO SEKOLAH/app/Controllers/Kesiswaan.php(60): view()
#3 /home/wawan/Documents/CI4/masterSekolah/SISFO SEKOLAH/vendor/codeigniter4/framework/system/CodeIgniter.php(832): App\Controllers\Kesiswaan->tambahsiswa()
#4 /home/wawan/Documents/CI4/masterSekolah/SISFO SEKOLAH/vendor/codeigniter4/framework/system/CodeIgniter.php(419): CodeIgniter\CodeIgniter->runController()
#5 /home/wawan/Documents/CI4/masterSekolah/SISFO SEKOLAH/vendor/codeigniter4/framework/system/CodeIgniter.php(326): CodeIgniter\CodeIgniter->handleRequest()
#6 /home/wawan/Documents/CI4/masterSekolah/SISFO SEKOLAH/public/index.php(37): CodeIgniter\CodeIgniter->run()
#7 /home/wawan/Documents/CI4/masterSekolah/SISFO SEKOLAH/vendor/codeigniter4/framework/system/Commands/Server/rewrite.php(43): require_once('/home/wawan/Doc...')
#8 {main}
CRITICAL - 2022-08-11 00:59:01 --> syntax error, unexpected end of file
#0 /home/wawan/Documents/CI4/masterSekolah/SISFO SEKOLAH/vendor/codeigniter4/framework/system/View/View.php(213): CodeIgniter\View\View->CodeIgniter\View\{closure}()
#1 /home/wawan/Documents/CI4/masterSekolah/SISFO SEKOLAH/vendor/codeigniter4/framework/system/Common.php(1089): CodeIgniter\View\View->render()
#2 /home/wawan/Documents/CI4/masterSekolah/SISFO SEKOLAH/app/Controllers/Kesiswaan.php(60): view()
#3 /home/wawan/Documents/CI4/masterSekolah/SISFO SEKOLAH/vendor/codeigniter4/framework/system/CodeIgniter.php(832): App\Controllers\Kesiswaan->tambahsiswa()
#4 /home/wawan/Documents/CI4/masterSekolah/SISFO SEKOLAH/vendor/codeigniter4/framework/system/CodeIgniter.php(419): CodeIgniter\CodeIgniter->runController()
#5 /home/wawan/Documents/CI4/masterSekolah/SISFO SEKOLAH/vendor/codeigniter4/framework/system/CodeIgniter.php(326): CodeIgniter\CodeIgniter->handleRequest()
#6 /home/wawan/Documents/CI4/masterSekolah/SISFO SEKOLAH/public/index.php(37): CodeIgniter\CodeIgniter->run()
#7 /home/wawan/Documents/CI4/masterSekolah/SISFO SEKOLAH/vendor/codeigniter4/framework/system/Commands/Server/rewrite.php(43): require_once('/home/wawan/Doc...')
#8 {main}
CRITICAL - 2022-08-11 00:59:02 --> syntax error, unexpected end of file
#0 /home/wawan/Documents/CI4/masterSekolah/SISFO SEKOLAH/vendor/codeigniter4/framework/system/View/View.php(213): CodeIgniter\View\View->CodeIgniter\View\{closure}()
#1 /home/wawan/Documents/CI4/masterSekolah/SISFO SEKOLAH/vendor/codeigniter4/framework/system/Common.php(1089): CodeIgniter\View\View->render()
#2 /home/wawan/Documents/CI4/masterSekolah/SISFO SEKOLAH/app/Controllers/Kesiswaan.php(60): view()
#3 /home/wawan/Documents/CI4/masterSekolah/SISFO SEKOLAH/vendor/codeigniter4/framework/system/CodeIgniter.php(832): App\Controllers\Kesiswaan->tambahsiswa()
#4 /home/wawan/Documents/CI4/masterSekolah/SISFO SEKOLAH/vendor/codeigniter4/framework/system/CodeIgniter.php(419): CodeIgniter\CodeIgniter->runController()
#5 /home/wawan/Documents/CI4/masterSekolah/SISFO SEKOLAH/vendor/codeigniter4/framework/system/CodeIgniter.php(326): CodeIgniter\CodeIgniter->handleRequest()
#6 /home/wawan/Documents/CI4/masterSekolah/SISFO SEKOLAH/public/index.php(37): CodeIgniter\CodeIgniter->run()
#7 /home/wawan/Documents/CI4/masterSekolah/SISFO SEKOLAH/vendor/codeigniter4/framework/system/Commands/Server/rewrite.php(43): require_once('/home/wawan/Doc...')
#8 {main}
CRITICAL - 2022-08-11 01:00:29 --> syntax error, unexpected end of file
#0 /home/wawan/Documents/CI4/masterSekolah/SISFO SEKOLAH/vendor/codeigniter4/framework/system/View/View.php(213): CodeIgniter\View\View->CodeIgniter\View\{closure}()
#1 /home/wawan/Documents/CI4/masterSekolah/SISFO SEKOLAH/vendor/codeigniter4/framework/system/Common.php(1089): CodeIgniter\View\View->render()
#2 /home/wawan/Documents/CI4/masterSekolah/SISFO SEKOLAH/app/Controllers/Kesiswaan.php(60): view()
#3 /home/wawan/Documents/CI4/masterSekolah/SISFO SEKOLAH/vendor/codeigniter4/framework/system/CodeIgniter.php(832): App\Controllers\Kesiswaan->tambahsiswa()
#4 /home/wawan/Documents/CI4/masterSekolah/SISFO SEKOLAH/vendor/codeigniter4/framework/system/CodeIgniter.php(419): CodeIgniter\CodeIgniter->runController()
#5 /home/wawan/Documents/CI4/masterSekolah/SISFO SEKOLAH/vendor/codeigniter4/framework/system/CodeIgniter.php(326): CodeIgniter\CodeIgniter->handleRequest()
#6 /home/wawan/Documents/CI4/masterSekolah/SISFO SEKOLAH/public/index.php(37): CodeIgniter\CodeIgniter->run()
#7 /home/wawan/Documents/CI4/masterSekolah/SISFO SEKOLAH/vendor/codeigniter4/framework/system/Commands/Server/rewrite.php(43): require_once('/home/wawan/Doc...')
#8 {main}
