CRITICAL - 2022-08-12 08:39:06 --> Undefined variable: title
#0 /home/wawan/Documents/CI4/masterSekolah/SISFO SEKOLAH/app/Views/kesiswaan/layout.php(6): CodeIgniter\Debug\Exceptions->errorHandler()
#1 /home/wawan/Documents/CI4/masterSekolah/SISFO SEKOLAH/vendor/codeigniter4/framework/system/View/View.php(210): include('/home/wawan/Doc...')
#2 /home/wawan/Documents/CI4/masterSekolah/SISFO SEKOLAH/vendor/codeigniter4/framework/system/View/View.php(213): CodeIgniter\View\View->CodeIgniter\View\{closure}()
#3 /home/wawan/Documents/CI4/masterSekolah/SISFO SEKOLAH/vendor/codeigniter4/framework/system/View/View.php(226): CodeIgniter\View\View->render()
#4 /home/wawan/Documents/CI4/masterSekolah/SISFO SEKOLAH/vendor/codeigniter4/framework/system/Common.php(1089): CodeIgniter\View\View->render()
#5 /home/wawan/Documents/CI4/masterSekolah/SISFO SEKOLAH/app/Controllers/Kesiswaan.php(305): view()
#6 /home/wawan/Documents/CI4/masterSekolah/SISFO SEKOLAH/vendor/codeigniter4/framework/system/CodeIgniter.php(832): App\Controllers\Kesiswaan->detailsiswa()
#7 /home/wawan/Documents/CI4/masterSekolah/SISFO SEKOLAH/vendor/codeigniter4/framework/system/CodeIgniter.php(419): CodeIgniter\CodeIgniter->runController()
#8 /home/wawan/Documents/CI4/masterSekolah/SISFO SEKOLAH/vendor/codeigniter4/framework/system/CodeIgniter.php(326): CodeIgniter\CodeIgniter->handleRequest()
#9 /home/wawan/Documents/CI4/masterSekolah/SISFO SEKOLAH/public/index.php(37): CodeIgniter\CodeIgniter->run()
#10 /home/wawan/Documents/CI4/masterSekolah/SISFO SEKOLAH/vendor/codeigniter4/framework/system/Commands/Server/rewrite.php(43): require_once('/home/wawan/Doc...')
#11 {main}
ERROR - 2022-08-12 10:10:36 --> Duplicate entry '123' for key 'siswa.siswa_UN'
CRITICAL - 2022-08-12 10:10:36 --> Duplicate entry '123' for key 'siswa.siswa_UN'
#0 /home/wawan/Documents/CI4/masterSekolah/SISFO SEKOLAH/vendor/codeigniter4/framework/system/Database/MySQLi/Connection.php(292): mysqli->query()
#1 /home/wawan/Documents/CI4/masterSekolah/SISFO SEKOLAH/vendor/codeigniter4/framework/system/Database/BaseConnection.php(670): CodeIgniter\Database\MySQLi\Connection->execute()
#2 /home/wawan/Documents/CI4/masterSekolah/SISFO SEKOLAH/vendor/codeigniter4/framework/system/Database/BaseConnection.php(598): CodeIgniter\Database\BaseConnection->simpleQuery()
#3 /home/wawan/Documents/CI4/masterSekolah/SISFO SEKOLAH/vendor/codeigniter4/framework/system/Database/BaseBuilder.php(1913): CodeIgniter\Database\BaseConnection->query()
#4 /home/wawan/Documents/CI4/masterSekolah/SISFO SEKOLAH/app/Controllers/Kesiswaan.php(524): CodeIgniter\Database\BaseBuilder->update()
#5 /home/wawan/Documents/CI4/masterSekolah/SISFO SEKOLAH/vendor/codeigniter4/framework/system/CodeIgniter.php(832): App\Controllers\Kesiswaan->prosesubahsiswa()
#6 /home/wawan/Documents/CI4/masterSekolah/SISFO SEKOLAH/vendor/codeigniter4/framework/system/CodeIgniter.php(419): CodeIgniter\CodeIgniter->runController()
#7 /home/wawan/Documents/CI4/masterSekolah/SISFO SEKOLAH/vendor/codeigniter4/framework/system/CodeIgniter.php(326): CodeIgniter\CodeIgniter->handleRequest()
#8 /home/wawan/Documents/CI4/masterSekolah/SISFO SEKOLAH/public/index.php(37): CodeIgniter\CodeIgniter->run()
#9 /home/wawan/Documents/CI4/masterSekolah/SISFO SEKOLAH/vendor/codeigniter4/framework/system/Commands/Server/rewrite.php(43): require_once('/home/wawan/Doc...')
#10 {main}
CRITICAL - 2022-08-12 23:30:19 --> Call to undefined function App\Controllers\now()
#0 /home/wawan/Documents/CI4/masterSekolah/SISFO SEKOLAH/vendor/codeigniter4/framework/system/CodeIgniter.php(832): App\Controllers\Keuangan->generatetagihan()
#1 /home/wawan/Documents/CI4/masterSekolah/SISFO SEKOLAH/vendor/codeigniter4/framework/system/CodeIgniter.php(419): CodeIgniter\CodeIgniter->runController()
#2 /home/wawan/Documents/CI4/masterSekolah/SISFO SEKOLAH/vendor/codeigniter4/framework/system/CodeIgniter.php(326): CodeIgniter\CodeIgniter->handleRequest()
#3 /home/wawan/Documents/CI4/masterSekolah/SISFO SEKOLAH/public/index.php(37): CodeIgniter\CodeIgniter->run()
#4 /home/wawan/Documents/CI4/masterSekolah/SISFO SEKOLAH/vendor/codeigniter4/framework/system/Commands/Server/rewrite.php(43): require_once('/home/wawan/Doc...')
#5 {main}
ERROR - 2022-08-12 23:30:35 --> Incorrect DATETIME value: 'now()'
CRITICAL - 2022-08-12 23:30:35 --> Incorrect DATETIME value: 'now()'
#0 /home/wawan/Documents/CI4/masterSekolah/SISFO SEKOLAH/vendor/codeigniter4/framework/system/Database/MySQLi/Connection.php(292): mysqli->query()
#1 /home/wawan/Documents/CI4/masterSekolah/SISFO SEKOLAH/vendor/codeigniter4/framework/system/Database/BaseConnection.php(670): CodeIgniter\Database\MySQLi\Connection->execute()
#2 /home/wawan/Documents/CI4/masterSekolah/SISFO SEKOLAH/vendor/codeigniter4/framework/system/Database/BaseConnection.php(598): CodeIgniter\Database\BaseConnection->simpleQuery()
#3 /home/wawan/Documents/CI4/masterSekolah/SISFO SEKOLAH/vendor/codeigniter4/framework/system/Database/BaseBuilder.php(1455): CodeIgniter\Database\BaseConnection->query()
#4 /home/wawan/Documents/CI4/masterSekolah/SISFO SEKOLAH/app/Controllers/Keuangan.php(259): CodeIgniter\Database\BaseBuilder->get()
#5 /home/wawan/Documents/CI4/masterSekolah/SISFO SEKOLAH/vendor/codeigniter4/framework/system/CodeIgniter.php(832): App\Controllers\Keuangan->generatetagihan()
#6 /home/wawan/Documents/CI4/masterSekolah/SISFO SEKOLAH/vendor/codeigniter4/framework/system/CodeIgniter.php(419): CodeIgniter\CodeIgniter->runController()
#7 /home/wawan/Documents/CI4/masterSekolah/SISFO SEKOLAH/vendor/codeigniter4/framework/system/CodeIgniter.php(326): CodeIgniter\CodeIgniter->handleRequest()
#8 /home/wawan/Documents/CI4/masterSekolah/SISFO SEKOLAH/public/index.php(37): CodeIgniter\CodeIgniter->run()
#9 /home/wawan/Documents/CI4/masterSekolah/SISFO SEKOLAH/vendor/codeigniter4/framework/system/Commands/Server/rewrite.php(43): require_once('/home/wawan/Doc...')
#10 {main}
CRITICAL - 2022-08-12 23:51:36 --> Undefined variable: spp
#0 /home/wawan/Documents/CI4/masterSekolah/SISFO SEKOLAH/app/Views/keuangan/pembayaran_spp/pembayaran.php(53): CodeIgniter\Debug\Exceptions->errorHandler()
#1 /home/wawan/Documents/CI4/masterSekolah/SISFO SEKOLAH/vendor/codeigniter4/framework/system/View/View.php(210): include('/home/wawan/Doc...')
#2 /home/wawan/Documents/CI4/masterSekolah/SISFO SEKOLAH/vendor/codeigniter4/framework/system/View/View.php(213): CodeIgniter\View\View->CodeIgniter\View\{closure}()
#3 /home/wawan/Documents/CI4/masterSekolah/SISFO SEKOLAH/vendor/codeigniter4/framework/system/Common.php(1089): CodeIgniter\View\View->render()
#4 /home/wawan/Documents/CI4/masterSekolah/SISFO SEKOLAH/app/Controllers/Keuangan.php(179): view()
#5 /home/wawan/Documents/CI4/masterSekolah/SISFO SEKOLAH/vendor/codeigniter4/framework/system/CodeIgniter.php(832): App\Controllers\Keuangan->bayarspp()
#6 /home/wawan/Documents/CI4/masterSekolah/SISFO SEKOLAH/vendor/codeigniter4/framework/system/CodeIgniter.php(419): CodeIgniter\CodeIgniter->runController()
#7 /home/wawan/Documents/CI4/masterSekolah/SISFO SEKOLAH/vendor/codeigniter4/framework/system/CodeIgniter.php(326): CodeIgniter\CodeIgniter->handleRequest()
#8 /home/wawan/Documents/CI4/masterSekolah/SISFO SEKOLAH/public/index.php(37): CodeIgniter\CodeIgniter->run()
#9 /home/wawan/Documents/CI4/masterSekolah/SISFO SEKOLAH/vendor/codeigniter4/framework/system/Commands/Server/rewrite.php(43): require_once('/home/wawan/Doc...')
#10 {main}
CRITICAL - 2022-08-12 23:53:28 --> Call to undefined method CodeIgniter\Database\MySQLi\Result::get()
#0 /home/wawan/Documents/CI4/masterSekolah/SISFO SEKOLAH/vendor/codeigniter4/framework/system/CodeIgniter.php(832): App\Controllers\Keuangan->bayarspp()
#1 /home/wawan/Documents/CI4/masterSekolah/SISFO SEKOLAH/vendor/codeigniter4/framework/system/CodeIgniter.php(419): CodeIgniter\CodeIgniter->runController()
#2 /home/wawan/Documents/CI4/masterSekolah/SISFO SEKOLAH/vendor/codeigniter4/framework/system/CodeIgniter.php(326): CodeIgniter\CodeIgniter->handleRequest()
#3 /home/wawan/Documents/CI4/masterSekolah/SISFO SEKOLAH/public/index.php(37): CodeIgniter\CodeIgniter->run()
#4 /home/wawan/Documents/CI4/masterSekolah/SISFO SEKOLAH/vendor/codeigniter4/framework/system/Commands/Server/rewrite.php(43): require_once('/home/wawan/Doc...')
#5 {main}
